[2024-02-11 22:26:16,775][rest_client.py 39][INFO]: 接口请求的地址>>>http://localhost:8080/admin/employee/login
[2024-02-11 22:26:16,775][rest_client.py 40][INFO]: 接口请求的方法>>>POST
[2024-02-11 22:26:16,775][rest_client.py 44][INFO]: 接口请求的json参数>>>
{
  "username": "fyx",
  "password": 123456
}
[2024-02-11 22:26:16,776][rest_client.py 48][INFO]: 接口请求的headers参数>>>
{
  "Connection": "keep-alive"
}
[2024-02-11 22:26:27,906][rest_client.py 39][INFO]: 接口请求的地址>>>http://localhost:8080/admin/employee/login
[2024-02-11 22:26:27,906][rest_client.py 40][INFO]: 接口请求的方法>>>POST
[2024-02-11 22:26:27,906][rest_client.py 44][INFO]: 接口请求的json参数>>>
{
  "username": "fyx",
  "password": 123456
}
[2024-02-11 22:26:27,929][rest_client.py 48][INFO]: 接口请求的headers参数>>>
{
  "Connection": "keep-alive"
}
[2024-02-11 22:27:31,364][rest_client.py 39][INFO]: 接口请求的地址>>>http://localhost:8080/admin/employee/login
[2024-02-11 22:27:31,365][rest_client.py 40][INFO]: 接口请求的方法>>>POST
[2024-02-11 22:27:31,367][rest_client.py 44][INFO]: 接口请求的json参数>>>
{
  "username": "fyx",
  "password": 123456
}
[2024-02-11 22:27:31,367][rest_client.py 48][INFO]: 接口请求的headers参数>>>
{
  "Connection": "keep-alive"
}
[2024-02-11 22:28:01,800][rest_client.py 39][INFO]: 接口请求的地址>>>http://localhost:8080/admin/employee/login
[2024-02-11 22:28:01,801][rest_client.py 40][INFO]: 接口请求的方法>>>POST
[2024-02-11 22:28:01,804][rest_client.py 44][INFO]: 接口请求的json参数>>>
{
  "username": "fyx",
  "password": 123456
}
[2024-02-11 22:28:01,805][rest_client.py 48][INFO]: 接口请求的headers参数>>>
{
  "Connection": "keep-alive"
}
[2024-02-11 22:29:33,481][rest_client.py 39][INFO]: 接口请求的地址>>>http://localhost:8080/admin/employee/login
[2024-02-11 22:29:33,482][rest_client.py 40][INFO]: 接口请求的方法>>>POST
[2024-02-11 22:29:33,484][rest_client.py 44][INFO]: 接口请求的json参数>>>
{
  "username": "fyx",
  "password": 123456
}
[2024-02-11 22:29:33,484][rest_client.py 48][INFO]: 接口请求的headers参数>>>
{
  "Connection": "keep-alive"
}
[2024-02-11 22:31:59,166][rest_client.py 39][INFO]: 接口请求的地址>>>http://localhost:8080/admin/employee/login
[2024-02-11 22:31:59,167][rest_client.py 40][INFO]: 接口请求的方法>>>POST
[2024-02-11 22:31:59,167][rest_client.py 44][INFO]: 接口请求的json参数>>>
{
  "username": "fyx",
  "password": 123456
}
[2024-02-11 22:31:59,167][rest_client.py 48][INFO]: 接口请求的headers参数>>>
{
  "Connection": "keep-alive"
}
[2024-02-11 23:14:46,468][rest_client.py 39][INFO]: 接口请求的地址>>>http://localhost:8080/admin/employee/login
[2024-02-11 23:14:46,468][rest_client.py 40][INFO]: 接口请求的方法>>>POST
[2024-02-11 23:14:46,469][rest_client.py 44][INFO]: 接口请求的json参数>>>
{
  "username": "fyx",
  "password": 123456
}
[2024-02-11 23:14:46,469][rest_client.py 48][INFO]: 接口请求的headers参数>>>
{
  "Connection": "keep-alive"
}
[2024-02-11 23:14:46,759][rest_client.py 19][INFO]: 接口返回内容>>>
{
  "code": 1,
  "msg": null,
  "data": {
    "id": 2,
    "userName": "fyx",
    "name": "冯源祥",
    "token": "eyJhbGciOiJIUzI1NiJ9.eyJlbXBJZCI6MiwiZXhwIjoxNzA3NjcxNjg2fQ.J5uh2_ONjH4WfjfY5_avmCY1-osU6ev2nHW08iYQdvQ"
  }
}
[2024-02-11 23:14:55,460][rest_client.py 39][INFO]: 接口请求的地址>>>http://localhost:8080/admin/employee/login
[2024-02-11 23:14:55,460][rest_client.py 40][INFO]: 接口请求的方法>>>POST
[2024-02-11 23:14:55,460][rest_client.py 44][INFO]: 接口请求的json参数>>>
{
  "username": "fyx",
  "password": 123456
}
[2024-02-11 23:14:55,460][rest_client.py 48][INFO]: 接口请求的headers参数>>>
{
  "Connection": "keep-alive"
}
[2024-02-11 23:14:55,475][rest_client.py 19][INFO]: 接口返回内容>>>
{
  "code": 1,
  "msg": null,
  "data": {
    "id": 2,
    "userName": "fyx",
    "name": "冯源祥",
    "token": "eyJhbGciOiJIUzI1NiJ9.eyJlbXBJZCI6MiwiZXhwIjoxNzA3NjcxNjk1fQ.DGEHjyH-M7RDAXZ7yz3uiyHws3r4o56kk_6w7FGkUto"
  }
}
[2024-02-11 23:14:55,503][rest_client.py 39][INFO]: 接口请求的地址>>>http://localhost:8080/admin/employee/login
[2024-02-11 23:14:55,503][rest_client.py 40][INFO]: 接口请求的方法>>>POST
[2024-02-11 23:14:55,503][rest_client.py 44][INFO]: 接口请求的json参数>>>
{
  "username": "cxk",
  "password": 123456
}
[2024-02-11 23:14:55,503][rest_client.py 48][INFO]: 接口请求的headers参数>>>
{
  "Connection": "keep-alive"
}
[2024-02-11 23:14:55,513][rest_client.py 19][INFO]: 接口返回内容>>>
{
  "code": 0,
  "msg": "账号不存在",
  "data": null
}
[2024-02-11 23:14:55,733][rest_client.py 39][INFO]: 接口请求的地址>>>http://localhost:8080/admin/employee/login
[2024-02-11 23:14:55,734][rest_client.py 40][INFO]: 接口请求的方法>>>POST
[2024-02-11 23:14:55,734][rest_client.py 44][INFO]: 接口请求的json参数>>>
{
  "username": "admin",
  "password": 123456
}
[2024-02-11 23:14:55,734][rest_client.py 48][INFO]: 接口请求的headers参数>>>
{
  "Connection": "keep-alive"
}
[2024-02-11 23:14:55,742][rest_client.py 19][INFO]: 接口返回内容>>>
{
  "code": 1,
  "msg": null,
  "data": {
    "id": 1,
    "userName": "admin",
    "name": "管理员",
    "token": "eyJhbGciOiJIUzI1NiJ9.eyJlbXBJZCI6MSwiZXhwIjoxNzA3NjcxNjk1fQ.JYKiChOi3_C7XA7tJ25ZgsvEhKOlFjf_MdqMmlvxa_o"
  }
}
[2024-02-11 23:14:58,567][rest_client.py 39][INFO]: 接口请求的地址>>>http://localhost:8080/admin/employee/2
[2024-02-11 23:14:58,567][rest_client.py 40][INFO]: 接口请求的方法>>>GET
[2024-02-11 23:14:58,567][rest_client.py 48][INFO]: 接口请求的headers参数>>>
{
  "Connection": "keep-alive",
  "token": "eyJhbGciOiJIUzI1NiJ9.eyJlbXBJZCI6MiwiZXhwIjoxNzA3NjcxNjg2fQ.J5uh2_ONjH4WfjfY5_avmCY1-osU6ev2nHW08iYQdvQ"
}
[2024-02-11 23:14:58,609][rest_client.py 19][INFO]: 接口返回内容>>>
{
  "code": 1,
  "msg": null,
  "data": {
    "id": 2,
    "username": "fyx",
    "name": "冯源祥",
    "password": "******",
    "phone": "17820064773",
    "sex": "1",
    "idNumber": "441423200105160031",
    "status": 1,
    "createTime": "2023-12-26 16:15:59",
    "updateTime": "2024-02-01 00:14:45",
    "createUser": 1,
    "updateUser": 2
  }
}
[2024-02-11 23:17:33,502][rest_client.py 39][INFO]: 接口请求的地址>>>http://localhost:8080/admin/employee/2
[2024-02-11 23:17:33,502][rest_client.py 40][INFO]: 接口请求的方法>>>GET
[2024-02-11 23:17:33,503][rest_client.py 48][INFO]: 接口请求的headers参数>>>
{
  "Connection": "keep-alive",
  "token": "eyJhbGciOiJIUzI1NiJ9.eyJlbXBJZCI6MiwiZXhwIjoxNzA3NjcxNjg2fQ.J5uh2_ONjH4WfjfY5_avmCY1-osU6ev2nHW08iYQdvQ"
}
[2024-02-11 23:17:33,520][rest_client.py 19][INFO]: 接口返回内容>>>
{
  "code": 1,
  "msg": null,
  "data": {
    "id": 2,
    "username": "fyx",
    "name": "冯源祥",
    "password": "******",
    "phone": "17820064773",
    "sex": "1",
    "idNumber": "441423200105160031",
    "status": 1,
    "createTime": "2023-12-26 16:15:59",
    "updateTime": "2024-02-01 00:14:45",
    "createUser": 1,
    "updateUser": 2
  }
}
[2024-02-11 23:17:42,898][rest_client.py 39][INFO]: 接口请求的地址>>>http://localhost:8080/admin/employee/2
[2024-02-11 23:17:42,899][rest_client.py 40][INFO]: 接口请求的方法>>>GET
[2024-02-11 23:17:42,899][rest_client.py 48][INFO]: 接口请求的headers参数>>>
{
  "Connection": "keep-alive",
  "token": "eyJhbGciOiJIUzI1NiJ9.eyJlbXBJZCI6MiwiZXhwIjoxNzA3NjcxNjg2fQ.J5uh2_ONjH4WfjfY5_avmCY1-osU6ev2nHW08iYQdvQ"
}
[2024-02-11 23:17:42,910][rest_client.py 19][INFO]: 接口返回内容>>>
{
  "code": 1,
  "msg": null,
  "data": {
    "id": 2,
    "username": "fyx",
    "name": "冯源祥",
    "password": "******",
    "phone": "17820064773",
    "sex": "1",
    "idNumber": "441423200105160031",
    "status": 1,
    "createTime": "2023-12-26 16:15:59",
    "updateTime": "2024-02-01 00:14:45",
    "createUser": 1,
    "updateUser": 2
  }
}
[2024-02-11 23:21:32,351][rest_client.py 39][INFO]: 接口请求的地址>>>http://localhost:8080/admin/employee/2
[2024-02-11 23:21:32,351][rest_client.py 40][INFO]: 接口请求的方法>>>GET
[2024-02-11 23:21:32,351][rest_client.py 48][INFO]: 接口请求的headers参数>>>
{
  "Connection": "keep-alive",
  "token": "eyJhbGciOiJIUzI1NiJ9.eyJlbXBJZCI6MiwiZXhwIjoxNzA3NjcxNjg2fQ.J5uh2_ONjH4WfjfY5_avmCY1-osU6ev2nHW08iYQdvQ"
}
[2024-02-11 23:21:32,370][rest_client.py 19][INFO]: 接口返回内容>>>
{
  "code": 1,
  "msg": null,
  "data": {
    "id": 2,
    "username": "fyx",
    "name": "冯源祥",
    "password": "******",
    "phone": "17820064773",
    "sex": "1",
    "idNumber": "441423200105160031",
    "status": 1,
    "createTime": "2023-12-26 16:15:59",
    "updateTime": "2024-02-01 00:14:45",
    "createUser": 1,
    "updateUser": 2
  }
}
[2024-02-11 23:21:37,880][rest_client.py 39][INFO]: 接口请求的地址>>>http://localhost:8080/admin/employee/2
[2024-02-11 23:21:37,881][rest_client.py 40][INFO]: 接口请求的方法>>>GET
[2024-02-11 23:21:37,881][rest_client.py 48][INFO]: 接口请求的headers参数>>>
{
  "Connection": "keep-alive",
  "token": "eyJhbGciOiJIUzI1NiJ9.eyJlbXBJZCI6MiwiZXhwIjoxNzA3NjcxNjg2fQ.J5uh2_ONjH4WfjfY5_avmCY1-osU6ev2nHW08iYQdvQ"
}
[2024-02-11 23:21:37,895][rest_client.py 19][INFO]: 接口返回内容>>>
{
  "code": 1,
  "msg": null,
  "data": {
    "id": 2,
    "username": "fyx",
    "name": "冯源祥",
    "password": "******",
    "phone": "17820064773",
    "sex": "1",
    "idNumber": "441423200105160031",
    "status": 1,
    "createTime": "2023-12-26 16:15:59",
    "updateTime": "2024-02-01 00:14:45",
    "createUser": 1,
    "updateUser": 2
  }
}
[2024-02-11 23:21:54,266][rest_client.py 39][INFO]: 接口请求的地址>>>http://localhost:8080/admin/employee/2
[2024-02-11 23:21:54,266][rest_client.py 40][INFO]: 接口请求的方法>>>GET
[2024-02-11 23:21:54,266][rest_client.py 48][INFO]: 接口请求的headers参数>>>
{
  "Connection": "keep-alive",
  "token": "eyJhbGciOiJIUzI1NiJ9.eyJlbXBJZCI6MiwiZXhwIjoxNzA3NjcxNjg2fQ.J5uh2_ONjH4WfjfY5_avmCY1-osU6ev2nHW08iYQdvQ"
}
[2024-02-11 23:21:54,279][rest_client.py 19][INFO]: 接口返回内容>>>
{
  "code": 1,
  "msg": null,
  "data": {
    "id": 2,
    "username": "fyx",
    "name": "冯源祥",
    "password": "******",
    "phone": "17820064773",
    "sex": "1",
    "idNumber": "441423200105160031",
    "status": 1,
    "createTime": "2023-12-26 16:15:59",
    "updateTime": "2024-02-01 00:14:45",
    "createUser": 1,
    "updateUser": 2
  }
}
[2024-02-11 23:23:06,198][rest_client.py 39][INFO]: 接口请求的地址>>>http://localhost:8080/admin/employee/2
[2024-02-11 23:23:06,199][rest_client.py 40][INFO]: 接口请求的方法>>>GET
[2024-02-11 23:23:06,200][rest_client.py 48][INFO]: 接口请求的headers参数>>>
{
  "Connection": "keep-alive",
  "token": "eyJhbGciOiJIUzI1NiJ9.eyJlbXBJZCI6MiwiZXhwIjoxNzA3NjcxNjg2fQ.J5uh2_ONjH4WfjfY5_avmCY1-osU6ev2nHW08iYQdvQ"
}
[2024-02-11 23:23:06,226][rest_client.py 19][INFO]: 接口返回内容>>>
{
  "code": 1,
  "msg": null,
  "data": {
    "id": 2,
    "username": "fyx",
    "name": "冯源祥",
    "password": "******",
    "phone": "17820064773",
    "sex": "1",
    "idNumber": "441423200105160031",
    "status": 1,
    "createTime": "2023-12-26 16:15:59",
    "updateTime": "2024-02-01 00:14:45",
    "createUser": 1,
    "updateUser": 2
  }
}
[2024-02-11 23:24:11,341][rest_client.py 39][INFO]: 接口请求的地址>>>http://localhost:8080/admin/employee/2
[2024-02-11 23:24:11,342][rest_client.py 40][INFO]: 接口请求的方法>>>GET
[2024-02-11 23:24:11,344][rest_client.py 48][INFO]: 接口请求的headers参数>>>
{
  "Connection": "keep-alive",
  "token": "eyJhbGciOiJIUzI1NiJ9.eyJlbXBJZCI6MiwiZXhwIjoxNzA3NjcxNjg2fQ.J5uh2_ONjH4WfjfY5_avmCY1-osU6ev2nHW08iYQdvQ"
}
[2024-02-11 23:24:11,366][rest_client.py 19][INFO]: 接口返回内容>>>
{
  "code": 1,
  "msg": null,
  "data": {
    "id": 2,
    "username": "fyx",
    "name": "冯源祥",
    "password": "******",
    "phone": "17820064773",
    "sex": "1",
    "idNumber": "441423200105160031",
    "status": 1,
    "createTime": "2023-12-26 16:15:59",
    "updateTime": "2024-02-01 00:14:45",
    "createUser": 1,
    "updateUser": 2
  }
}
[2024-02-11 23:25:27,320][rest_client.py 39][INFO]: 接口请求的地址>>>http://localhost:8080/admin/employee/2
[2024-02-11 23:25:27,320][rest_client.py 40][INFO]: 接口请求的方法>>>GET
[2024-02-11 23:25:27,321][rest_client.py 48][INFO]: 接口请求的headers参数>>>
{
  "Connection": "keep-alive",
  "token": "eyJhbGciOiJIUzI1NiJ9.eyJlbXBJZCI6MiwiZXhwIjoxNzA3NjcxNjg2fQ.J5uh2_ONjH4WfjfY5_avmCY1-osU6ev2nHW08iYQdvQ"
}
[2024-02-11 23:25:27,341][rest_client.py 19][INFO]: 接口返回内容>>>
{
  "code": 1,
  "msg": null,
  "data": {
    "id": 2,
    "username": "fyx",
    "name": "冯源祥",
    "password": "******",
    "phone": "17820064773",
    "sex": "1",
    "idNumber": "441423200105160031",
    "status": 1,
    "createTime": "2023-12-26 16:15:59",
    "updateTime": "2024-02-01 00:14:45",
    "createUser": 1,
    "updateUser": 2
  }
}
[2024-02-11 23:25:30,820][rest_client.py 39][INFO]: 接口请求的地址>>>http://localhost:8080/admin/employee/2
[2024-02-11 23:25:30,820][rest_client.py 40][INFO]: 接口请求的方法>>>GET
[2024-02-11 23:25:30,820][rest_client.py 48][INFO]: 接口请求的headers参数>>>
{
  "Connection": "keep-alive",
  "token": "eyJhbGciOiJIUzI1NiJ9.eyJlbXBJZCI6MiwiZXhwIjoxNzA3NjcxNjg2fQ.J5uh2_ONjH4WfjfY5_avmCY1-osU6ev2nHW08iYQdvQ"
}
[2024-02-11 23:25:30,835][rest_client.py 19][INFO]: 接口返回内容>>>
{
  "code": 1,
  "msg": null,
  "data": {
    "id": 2,
    "username": "fyx",
    "name": "冯源祥",
    "password": "******",
    "phone": "17820064773",
    "sex": "1",
    "idNumber": "441423200105160031",
    "status": 1,
    "createTime": "2023-12-26 16:15:59",
    "updateTime": "2024-02-01 00:14:45",
    "createUser": 1,
    "updateUser": 2
  }
}
[2024-02-11 23:25:37,140][rest_client.py 39][INFO]: 接口请求的地址>>>http://localhost:8080/admin/employee/2
[2024-02-11 23:25:37,141][rest_client.py 40][INFO]: 接口请求的方法>>>GET
[2024-02-11 23:25:37,141][rest_client.py 48][INFO]: 接口请求的headers参数>>>
{
  "Connection": "keep-alive",
  "token": "eyJhbGciOiJIUzI1NiJ9.eyJlbXBJZCI6MiwiZXhwIjoxNzA3NjcxNjg2fQ.J5uh2_ONjH4WfjfY5_avmCY1-osU6ev2nHW08iYQdvQ"
}
[2024-02-11 23:25:37,153][rest_client.py 19][INFO]: 接口返回内容>>>
{
  "code": 1,
  "msg": null,
  "data": {
    "id": 2,
    "username": "fyx",
    "name": "冯源祥",
    "password": "******",
    "phone": "17820064773",
    "sex": "1",
    "idNumber": "441423200105160031",
    "status": 1,
    "createTime": "2023-12-26 16:15:59",
    "updateTime": "2024-02-01 00:14:45",
    "createUser": 1,
    "updateUser": 2
  }
}
[2024-02-11 23:25:44,898][rest_client.py 39][INFO]: 接口请求的地址>>>http://localhost:8080/admin/employee/2
[2024-02-11 23:25:44,898][rest_client.py 40][INFO]: 接口请求的方法>>>GET
[2024-02-11 23:25:44,898][rest_client.py 48][INFO]: 接口请求的headers参数>>>
{
  "Connection": "keep-alive",
  "token": "eyJhbGciOiJIUzI1NiJ9.eyJlbXBJZCI6MiwiZXhwIjoxNzA3NjcxNjg2fQ.J5uh2_ONjH4WfjfY5_avmCY1-osU6ev2nHW08iYQdvQ"
}
[2024-02-11 23:25:44,910][rest_client.py 19][INFO]: 接口返回内容>>>
{
  "code": 1,
  "msg": null,
  "data": {
    "id": 2,
    "username": "fyx",
    "name": "冯源祥",
    "password": "******",
    "phone": "17820064773",
    "sex": "1",
    "idNumber": "441423200105160031",
    "status": 1,
    "createTime": "2023-12-26 16:15:59",
    "updateTime": "2024-02-01 00:14:45",
    "createUser": 1,
    "updateUser": 2
  }
}
[2024-02-11 23:26:32,070][rest_client.py 39][INFO]: 接口请求的地址>>>http://localhost:8080/admin/employee/2
[2024-02-11 23:26:32,071][rest_client.py 40][INFO]: 接口请求的方法>>>GET
[2024-02-11 23:26:32,071][rest_client.py 48][INFO]: 接口请求的headers参数>>>
{
  "Connection": "keep-alive",
  "token": "eyJhbGciOiJIUzI1NiJ9.eyJlbXBJZCI6MiwiZXhwIjoxNzA3NjcxNjg2fQ.J5uh2_ONjH4WfjfY5_avmCY1-osU6ev2nHW08iYQdvQ"
}
[2024-02-11 23:26:32,083][rest_client.py 19][INFO]: 接口返回内容>>>
{
  "code": 1,
  "msg": null,
  "data": {
    "id": 2,
    "username": "fyx",
    "name": "冯源祥",
    "password": "******",
    "phone": "17820064773",
    "sex": "1",
    "idNumber": "441423200105160031",
    "status": 1,
    "createTime": "2023-12-26 16:15:59",
    "updateTime": "2024-02-01 00:14:45",
    "createUser": 1,
    "updateUser": 2
  }
}
[2024-02-11 23:26:38,863][rest_client.py 39][INFO]: 接口请求的地址>>>http://localhost:8080/admin/employee/2
[2024-02-11 23:26:38,864][rest_client.py 40][INFO]: 接口请求的方法>>>GET
[2024-02-11 23:26:38,865][rest_client.py 48][INFO]: 接口请求的headers参数>>>
{
  "Connection": "keep-alive",
  "token": "eyJhbGciOiJIUzI1NiJ9.eyJlbXBJZCI6MiwiZXhwIjoxNzA3NjcxNjg2fQ.J5uh2_ONjH4WfjfY5_avmCY1-osU6ev2nHW08iYQdvQ"
}
[2024-02-11 23:26:38,881][rest_client.py 19][INFO]: 接口返回内容>>>
{
  "code": 1,
  "msg": null,
  "data": {
    "id": 2,
    "username": "fyx",
    "name": "冯源祥",
    "password": "******",
    "phone": "17820064773",
    "sex": "1",
    "idNumber": "441423200105160031",
    "status": 1,
    "createTime": "2023-12-26 16:15:59",
    "updateTime": "2024-02-01 00:14:45",
    "createUser": 1,
    "updateUser": 2
  }
}
[2024-02-11 23:27:06,673][rest_client.py 39][INFO]: 接口请求的地址>>>http://localhost:8080/admin/employee/2
[2024-02-11 23:27:06,673][rest_client.py 40][INFO]: 接口请求的方法>>>GET
[2024-02-11 23:27:06,674][rest_client.py 48][INFO]: 接口请求的headers参数>>>
{
  "Connection": "keep-alive",
  "token": "eyJhbGciOiJIUzI1NiJ9.eyJlbXBJZCI6MiwiZXhwIjoxNzA3NjcxNjg2fQ.J5uh2_ONjH4WfjfY5_avmCY1-osU6ev2nHW08iYQdvQ"
}
[2024-02-11 23:27:06,686][rest_client.py 19][INFO]: 接口返回内容>>>
{
  "code": 1,
  "msg": null,
  "data": {
    "id": 2,
    "username": "fyx",
    "name": "冯源祥",
    "password": "******",
    "phone": "17820064773",
    "sex": "1",
    "idNumber": "441423200105160031",
    "status": 1,
    "createTime": "2023-12-26 16:15:59",
    "updateTime": "2024-02-01 00:14:45",
    "createUser": 1,
    "updateUser": 2
  }
}
[2024-02-11 23:27:11,148][rest_client.py 39][INFO]: 接口请求的地址>>>http://localhost:8080/admin/employee/2
[2024-02-11 23:27:11,148][rest_client.py 40][INFO]: 接口请求的方法>>>GET
[2024-02-11 23:27:11,148][rest_client.py 48][INFO]: 接口请求的headers参数>>>
{
  "Connection": "keep-alive",
  "token": "eyJhbGciOiJIUzI1NiJ9.eyJlbXBJZCI6MiwiZXhwIjoxNzA3NjcxNjg2fQ.J5uh2_ONjH4WfjfY5_avmCY1-osU6ev2nHW08iYQdvQ"
}
[2024-02-11 23:27:11,161][rest_client.py 19][INFO]: 接口返回内容>>>
{
  "code": 1,
  "msg": null,
  "data": {
    "id": 2,
    "username": "fyx",
    "name": "冯源祥",
    "password": "******",
    "phone": "17820064773",
    "sex": "1",
    "idNumber": "441423200105160031",
    "status": 1,
    "createTime": "2023-12-26 16:15:59",
    "updateTime": "2024-02-01 00:14:45",
    "createUser": 1,
    "updateUser": 2
  }
}
[2024-02-11 23:27:39,627][rest_client.py 39][INFO]: 接口请求的地址>>>http://localhost:8080/admin/employee/login
[2024-02-11 23:27:39,628][rest_client.py 40][INFO]: 接口请求的方法>>>POST
[2024-02-11 23:27:39,628][rest_client.py 44][INFO]: 接口请求的json参数>>>
{
  "username": "fyx",
  "password": 123456
}
[2024-02-11 23:27:39,628][rest_client.py 48][INFO]: 接口请求的headers参数>>>
{
  "Connection": "keep-alive"
}
[2024-02-11 23:27:39,640][rest_client.py 19][INFO]: 接口返回内容>>>
{
  "code": 1,
  "msg": null,
  "data": {
    "id": 2,
    "userName": "fyx",
    "name": "冯源祥",
    "token": "eyJhbGciOiJIUzI1NiJ9.eyJlbXBJZCI6MiwiZXhwIjoxNzA3NjcyNDU5fQ.TDnJY238p4U2oZvCOgOsOQSFP_mKTdR5OsK43_b4558"
  }
}
[2024-02-11 23:42:07,976][rest_client.py 39][INFO]: 接口请求的地址>>>http://localhost:8080/admin/employee/login
[2024-02-11 23:42:07,977][rest_client.py 40][INFO]: 接口请求的方法>>>POST
[2024-02-11 23:42:07,977][rest_client.py 44][INFO]: 接口请求的json参数>>>
{
  "username": "fyx",
  "password": 123456
}
[2024-02-11 23:42:07,977][rest_client.py 48][INFO]: 接口请求的headers参数>>>
{
  "Connection": "keep-alive"
}
[2024-02-11 23:42:07,995][rest_client.py 19][INFO]: 接口返回内容>>>
{
  "code": 1,
  "msg": null,
  "data": {
    "id": 2,
    "userName": "fyx",
    "name": "冯源祥",
    "token": "eyJhbGciOiJIUzI1NiJ9.eyJlbXBJZCI6MiwiZXhwIjoxNzA3NjczMzI3fQ.rSZM__v96JMOm-6zgUpZ-nVr5Bajhgl_YjcHqEUITR8"
  }
}
[2024-02-11 23:46:34,596][rest_client.py 39][INFO]: 接口请求的地址>>>http://localhost:8080/admin/employee/2
[2024-02-11 23:46:34,596][rest_client.py 40][INFO]: 接口请求的方法>>>GET
[2024-02-11 23:46:34,597][rest_client.py 48][INFO]: 接口请求的headers参数>>>
{
  "Connection": "keep-alive",
  "token": "eyJhbGciOiJIUzI1NiJ9.eyJlbXBJZCI6MiwiZXhwIjoxNzA3NjczMzI3fQ.rSZM__v96JMOm-6zgUpZ-nVr5Bajhgl_YjcHqEUITR8"
}
[2024-02-11 23:46:34,616][rest_client.py 19][INFO]: 接口返回内容>>>
{
  "code": 1,
  "msg": null,
  "data": {
    "id": 2,
    "username": "fyx",
    "name": "冯源祥",
    "password": "******",
    "phone": "17820064773",
    "sex": "1",
    "idNumber": "441423200105160031",
    "status": 1,
    "createTime": "2023-12-26 16:15:59",
    "updateTime": "2024-02-01 00:14:45",
    "createUser": 1,
    "updateUser": 2
  }
}
[2024-02-11 23:50:27,019][rest_client.py 39][INFO]: 接口请求的地址>>>http://localhost:8080/admin/employee/login
[2024-02-11 23:50:27,019][rest_client.py 40][INFO]: 接口请求的方法>>>POST
[2024-02-11 23:50:27,019][rest_client.py 44][INFO]: 接口请求的json参数>>>
{
  "username": "fyx",
  "password": 123456
}
[2024-02-11 23:50:27,019][rest_client.py 48][INFO]: 接口请求的headers参数>>>
{
  "Connection": "keep-alive"
}
[2024-02-11 23:50:27,031][rest_client.py 19][INFO]: 接口返回内容>>>
{
  "code": 1,
  "msg": null,
  "data": {
    "id": 2,
    "userName": "fyx",
    "name": "冯源祥",
    "token": "eyJhbGciOiJIUzI1NiJ9.eyJlbXBJZCI6MiwiZXhwIjoxNzA3NjczODI3fQ.-Njk6gxlrauM328fj7WrCxVEb6gXI0uChtfXUqPrzlY"
  }
}
[2024-02-11 23:50:31,037][rest_client.py 39][INFO]: 接口请求的地址>>>http://localhost:8080/admin/employee/login
[2024-02-11 23:50:31,037][rest_client.py 40][INFO]: 接口请求的方法>>>POST
[2024-02-11 23:50:31,037][rest_client.py 44][INFO]: 接口请求的json参数>>>
{
  "username": "fyx",
  "password": 123456
}
[2024-02-11 23:50:31,037][rest_client.py 48][INFO]: 接口请求的headers参数>>>
{
  "Connection": "keep-alive"
}
[2024-02-11 23:50:31,052][rest_client.py 19][INFO]: 接口返回内容>>>
{
  "code": 1,
  "msg": null,
  "data": {
    "id": 2,
    "userName": "fyx",
    "name": "冯源祥",
    "token": "eyJhbGciOiJIUzI1NiJ9.eyJlbXBJZCI6MiwiZXhwIjoxNzA3NjczODMxfQ.ixrbaFZCKIGOGf7W08wx7DgjfwpQtAqOEMgHhEKG2lw"
  }
}
[2024-02-11 23:50:31,082][rest_client.py 39][INFO]: 接口请求的地址>>>http://localhost:8080/admin/employee/login
[2024-02-11 23:50:31,082][rest_client.py 40][INFO]: 接口请求的方法>>>POST
[2024-02-11 23:50:31,082][rest_client.py 44][INFO]: 接口请求的json参数>>>
{
  "username": "cxk",
  "password": 123456
}
[2024-02-11 23:50:31,083][rest_client.py 48][INFO]: 接口请求的headers参数>>>
{
  "Connection": "keep-alive"
}
[2024-02-11 23:50:31,090][rest_client.py 19][INFO]: 接口返回内容>>>
{
  "code": 0,
  "msg": "账号不存在",
  "data": null
}
[2024-02-11 23:50:31,274][rest_client.py 39][INFO]: 接口请求的地址>>>http://localhost:8080/admin/employee/login
[2024-02-11 23:50:31,274][rest_client.py 40][INFO]: 接口请求的方法>>>POST
[2024-02-11 23:50:31,275][rest_client.py 44][INFO]: 接口请求的json参数>>>
{
  "username": "admin",
  "password": 123456
}
[2024-02-11 23:50:31,275][rest_client.py 48][INFO]: 接口请求的headers参数>>>
{
  "Connection": "keep-alive"
}
[2024-02-11 23:50:31,281][rest_client.py 19][INFO]: 接口返回内容>>>
{
  "code": 1,
  "msg": null,
  "data": {
    "id": 1,
    "userName": "admin",
    "name": "管理员",
    "token": "eyJhbGciOiJIUzI1NiJ9.eyJlbXBJZCI6MSwiZXhwIjoxNzA3NjczODMxfQ.cWbSs0gw-1ktfkN4z6LVk9s5hHwIneoQQRght2BkVUg"
  }
}
[2024-02-11 23:50:35,136][rest_client.py 39][INFO]: 接口请求的地址>>>http://localhost:8080/admin/employee/2
[2024-02-11 23:50:35,136][rest_client.py 40][INFO]: 接口请求的方法>>>GET
[2024-02-11 23:50:35,136][rest_client.py 48][INFO]: 接口请求的headers参数>>>
{
  "Connection": "keep-alive",
  "token": "eyJhbGciOiJIUzI1NiJ9.eyJlbXBJZCI6MiwiZXhwIjoxNzA3NjczODI3fQ.-Njk6gxlrauM328fj7WrCxVEb6gXI0uChtfXUqPrzlY"
}
[2024-02-11 23:50:35,149][rest_client.py 19][INFO]: 接口返回内容>>>
{
  "code": 1,
  "msg": null,
  "data": {
    "id": 2,
    "username": "fyx",
    "name": "冯源祥",
    "password": "******",
    "phone": "17820064773",
    "sex": "1",
    "idNumber": "441423200105160031",
    "status": 1,
    "createTime": "2023-12-26 16:15:59",
    "updateTime": "2024-02-01 00:14:45",
    "createUser": 1,
    "updateUser": 2
  }
}
[2024-02-11 23:50:49,195][rest_client.py 39][INFO]: 接口请求的地址>>>http://localhost:8080/admin/employee/2
[2024-02-11 23:50:49,196][rest_client.py 40][INFO]: 接口请求的方法>>>GET
[2024-02-11 23:50:49,196][rest_client.py 48][INFO]: 接口请求的headers参数>>>
{
  "Connection": "keep-alive",
  "token": "eyJhbGciOiJIUzI1NiJ9.eyJlbXBJZCI6MiwiZXhwIjoxNzA3NjczODI3fQ.-Njk6gxlrauM328fj7WrCxVEb6gXI0uChtfXUqPrzlY"
}
[2024-02-11 23:50:49,208][rest_client.py 19][INFO]: 接口返回内容>>>
{
  "code": 1,
  "msg": null,
  "data": {
    "id": 2,
    "username": "fyx",
    "name": "冯源祥",
    "password": "******",
    "phone": "17820064773",
    "sex": "1",
    "idNumber": "441423200105160031",
    "status": 1,
    "createTime": "2023-12-26 16:15:59",
    "updateTime": "2024-02-01 00:14:45",
    "createUser": 1,
    "updateUser": 2
  }
}
[2024-02-11 23:52:13,514][rest_client.py 39][INFO]: 接口请求的地址>>>http://localhost:8080/admin/employee/2
[2024-02-11 23:52:13,514][rest_client.py 40][INFO]: 接口请求的方法>>>GET
[2024-02-11 23:52:13,514][rest_client.py 48][INFO]: 接口请求的headers参数>>>
{
  "Connection": "keep-alive",
  "token": "eyJhbGciOiJIUzI1NiJ9.eyJlbXBJZCI6MiwiZXhwIjoxNzA3NjczODI3fQ.-Njk6gxlrauM328fj7WrCxVEb6gXI0uChtfXUqPrzlY"
}
[2024-02-11 23:52:13,531][rest_client.py 19][INFO]: 接口返回内容>>>
{
  "code": 1,
  "msg": null,
  "data": {
    "id": 2,
    "username": "fyx",
    "name": "冯源祥",
    "password": "******",
    "phone": "17820064773",
    "sex": "1",
    "idNumber": "441423200105160031",
    "status": 1,
    "createTime": "2023-12-26 16:15:59",
    "updateTime": "2024-02-01 00:14:45",
    "createUser": 1,
    "updateUser": 2
  }
}
[2024-02-11 23:52:28,898][rest_client.py 39][INFO]: 接口请求的地址>>>http://localhost:8080/admin/employee/2
[2024-02-11 23:52:28,899][rest_client.py 40][INFO]: 接口请求的方法>>>GET
[2024-02-11 23:52:28,899][rest_client.py 48][INFO]: 接口请求的headers参数>>>
{
  "Connection": "keep-alive",
  "token": "eyJhbGciOiJIUzI1NiJ9.eyJlbXBJZCI6MiwiZXhwIjoxNzA3NjczODI3fQ.-Njk6gxlrauM328fj7WrCxVEb6gXI0uChtfXUqPrzlY"
}
[2024-02-11 23:52:28,911][rest_client.py 19][INFO]: 接口返回内容>>>
{
  "code": 1,
  "msg": null,
  "data": {
    "id": 2,
    "username": "fyx",
    "name": "冯源祥",
    "password": "******",
    "phone": "17820064773",
    "sex": "1",
    "idNumber": "441423200105160031",
    "status": 1,
    "createTime": "2023-12-26 16:15:59",
    "updateTime": "2024-02-01 00:14:45",
    "createUser": 1,
    "updateUser": 2
  }
}
[2024-02-11 23:52:37,229][rest_client.py 39][INFO]: 接口请求的地址>>>http://localhost:8080/admin/employee/login
[2024-02-11 23:52:37,229][rest_client.py 40][INFO]: 接口请求的方法>>>POST
[2024-02-11 23:52:37,229][rest_client.py 44][INFO]: 接口请求的json参数>>>
{
  "username": "fyx",
  "password": 123456
}
[2024-02-11 23:52:37,229][rest_client.py 48][INFO]: 接口请求的headers参数>>>
{
  "Connection": "keep-alive"
}
[2024-02-11 23:52:37,241][rest_client.py 19][INFO]: 接口返回内容>>>
{
  "code": 1,
  "msg": null,
  "data": {
    "id": 2,
    "userName": "fyx",
    "name": "冯源祥",
    "token": "eyJhbGciOiJIUzI1NiJ9.eyJlbXBJZCI6MiwiZXhwIjoxNzA3NjczOTU3fQ.PBbAVeBZT-vczXPKKit_s6naWkjbjrblK5ZNwRQTgzA"
  }
}
[2024-02-11 23:52:39,859][rest_client.py 39][INFO]: 接口请求的地址>>>http://localhost:8080/admin/employee/login
[2024-02-11 23:52:39,859][rest_client.py 40][INFO]: 接口请求的方法>>>POST
[2024-02-11 23:52:39,859][rest_client.py 44][INFO]: 接口请求的json参数>>>
{
  "username": "fyx",
  "password": 123456
}
[2024-02-11 23:52:39,859][rest_client.py 48][INFO]: 接口请求的headers参数>>>
{
  "Connection": "keep-alive"
}
[2024-02-11 23:52:39,872][rest_client.py 19][INFO]: 接口返回内容>>>
{
  "code": 1,
  "msg": null,
  "data": {
    "id": 2,
    "userName": "fyx",
    "name": "冯源祥",
    "token": "eyJhbGciOiJIUzI1NiJ9.eyJlbXBJZCI6MiwiZXhwIjoxNzA3NjczOTU5fQ.yVuBxZ8dBtfz7R1PUneCpoR1vrFjbe71dCf_-gHOH1s"
  }
}
[2024-02-11 23:52:39,902][rest_client.py 39][INFO]: 接口请求的地址>>>http://localhost:8080/admin/employee/login
[2024-02-11 23:52:39,902][rest_client.py 40][INFO]: 接口请求的方法>>>POST
[2024-02-11 23:52:39,902][rest_client.py 44][INFO]: 接口请求的json参数>>>
{
  "username": "cxk",
  "password": 123456
}
[2024-02-11 23:52:39,902][rest_client.py 48][INFO]: 接口请求的headers参数>>>
{
  "Connection": "keep-alive"
}
[2024-02-11 23:52:39,908][rest_client.py 19][INFO]: 接口返回内容>>>
{
  "code": 0,
  "msg": "账号不存在",
  "data": null
}
[2024-02-11 23:52:40,086][rest_client.py 39][INFO]: 接口请求的地址>>>http://localhost:8080/admin/employee/login
[2024-02-11 23:52:40,087][rest_client.py 40][INFO]: 接口请求的方法>>>POST
[2024-02-11 23:52:40,087][rest_client.py 44][INFO]: 接口请求的json参数>>>
{
  "username": "admin",
  "password": 123456
}
[2024-02-11 23:52:40,087][rest_client.py 48][INFO]: 接口请求的headers参数>>>
{
  "Connection": "keep-alive"
}
[2024-02-11 23:52:40,094][rest_client.py 19][INFO]: 接口返回内容>>>
{
  "code": 1,
  "msg": null,
  "data": {
    "id": 1,
    "userName": "admin",
    "name": "管理员",
    "token": "eyJhbGciOiJIUzI1NiJ9.eyJlbXBJZCI6MSwiZXhwIjoxNzA3NjczOTYwfQ.dUzAi1JJ3ZV1b9611OKGHGhKH5lUjsigHIMAToLRrFQ"
  }
}
[2024-02-11 23:52:42,367][rest_client.py 39][INFO]: 接口请求的地址>>>http://localhost:8080/admin/employee/2
[2024-02-11 23:52:42,368][rest_client.py 40][INFO]: 接口请求的方法>>>GET
[2024-02-11 23:52:42,368][rest_client.py 48][INFO]: 接口请求的headers参数>>>
{
  "Connection": "keep-alive",
  "token": "eyJhbGciOiJIUzI1NiJ9.eyJlbXBJZCI6MiwiZXhwIjoxNzA3NjczOTU3fQ.PBbAVeBZT-vczXPKKit_s6naWkjbjrblK5ZNwRQTgzA"
}
[2024-02-11 23:52:42,382][rest_client.py 19][INFO]: 接口返回内容>>>
{
  "code": 1,
  "msg": null,
  "data": {
    "id": 2,
    "username": "fyx",
    "name": "冯源祥",
    "password": "******",
    "phone": "17820064773",
    "sex": "1",
    "idNumber": "441423200105160031",
    "status": 1,
    "createTime": "2023-12-26 16:15:59",
    "updateTime": "2024-02-01 00:14:45",
    "createUser": 1,
    "updateUser": 2
  }
}
[2024-02-11 23:53:04,853][rest_client.py 39][INFO]: 接口请求的地址>>>http://localhost:8080/admin/employee/2
[2024-02-11 23:53:04,853][rest_client.py 40][INFO]: 接口请求的方法>>>GET
[2024-02-11 23:53:04,853][rest_client.py 48][INFO]: 接口请求的headers参数>>>
{
  "Connection": "keep-alive",
  "token": "eyJhbGciOiJIUzI1NiJ9.eyJlbXBJZCI6MiwiZXhwIjoxNzA3NjczOTU3fQ.PBbAVeBZT-vczXPKKit_s6naWkjbjrblK5ZNwRQTgzA"
}
[2024-02-11 23:53:04,865][rest_client.py 19][INFO]: 接口返回内容>>>
{
  "code": 1,
  "msg": null,
  "data": {
    "id": 2,
    "username": "fyx",
    "name": "冯源祥",
    "password": "******",
    "phone": "17820064773",
    "sex": "1",
    "idNumber": "441423200105160031",
    "status": 1,
    "createTime": "2023-12-26 16:15:59",
    "updateTime": "2024-02-01 00:14:45",
    "createUser": 1,
    "updateUser": 2
  }
}
[2024-02-11 23:54:20,011][rest_client.py 39][INFO]: 接口请求的地址>>>http://localhost:8080/admin/employee
[2024-02-11 23:54:20,011][rest_client.py 40][INFO]: 接口请求的方法>>>POST
[2024-02-11 23:54:20,011][rest_client.py 44][INFO]: 接口请求的json参数>>>
{
  "idNumber": "441423200105160031",
  "name": "冯源祥02",
  "phone": "17820064773",
  "sex": "1",
  "username": "fyx032"
}
[2024-02-11 23:54:20,011][rest_client.py 48][INFO]: 接口请求的headers参数>>>
{
  "Connection": "keep-alive",
  "token": "eyJhbGciOiJIUzI1NiJ9.eyJlbXBJZCI6MiwiZXhwIjoxNzA3NjczOTU3fQ.PBbAVeBZT-vczXPKKit_s6naWkjbjrblK5ZNwRQTgzA"
}
[2024-02-11 23:54:20,031][rest_client.py 19][INFO]: 接口返回内容>>>
{
  "code": 0,
  "msg": "'fyx032'已存在",
  "data": null
}
