[2024-02-05 22:18:40,975][rest_client.py 39][INFO]: 接口请求的地址>>>http://localhost:8080/admin/employee/login
[2024-02-05 22:18:40,976][rest_client.py 40][INFO]: 接口请求的方法>>>POST
[2024-02-05 22:18:40,976][rest_client.py 44][INFO]: 接口请求的json参数>>>
{
  "username": "fyx",
  "password": 123456
}
[2024-02-05 22:18:40,977][rest_client.py 48][INFO]: 接口请求的headers参数>>>
{
  "Content-Type": "application/json"
}
[2024-02-05 22:18:40,999][rest_client.py 19][INFO]: 接口返回内容>>>
{
  "code": 1,
  "msg": null,
  "data": {
    "id": 2,
    "userName": "fyx",eqweqw
    "name": "冯源祥",
    "token": "eyJhbGciOiJIUzI1NiJ9.eyJlbXBJZCI6MiwiZXhwIjoxNzA3MTQ5OTIwfQ.Pvei-p-guMBBZWPSVvcZeEGWqdCmbqaS_n4-VHwJb3A"
  }
}
[2024-02-05 23:35:40,945][rest_client.py 39][INFO]: 接口请求的地址>>>http://localhost:8080/admin/employee/login
[2024-02-05 23:35:40,945][rest_client.py 40][INFO]: 接口请求的方法>>>POST
[2024-02-05 23:35:40,946][rest_client.py 44][INFO]: 接口请求的json参数>>>
{
  "username": "fyx",
  "password": 123456
}
[2024-02-05 23:35:40,946][rest_client.py 48][INFO]: 接口请求的headers参数>>>
{
  "Content-Type": "application/json"
}
[2024-02-05 23:35:41,004][rest_client.py 19][INFO]: 接口返回内容>>>
{
  "code": 1,
  "msg": null,
  "data": {
    "id": 2,
    "userName": "fyx",
    "name": "冯源祥",
    "token": "eyJhbGciOiJIUzI1NiJ9.eyJlbXBJZCI6MiwiZXhwIjoxNzA3MTU0NTQwfQ.kEc4smkP3DyC0PxEnnohfOm6xIQ6O1hKjWWwoCm9XkA"
  }
}
