[2024-02-09 00:33:10,876][rest_client.py 39][INFO]: 接口请求的地址>>>http://localhost:8080/admin/employee/login
[2024-02-09 00:33:10,877][rest_client.py 40][INFO]: 接口请求的方法>>>POST
[2024-02-09 00:33:10,877][rest_client.py 44][INFO]: 接口请求的json参数>>>
{
  "username": "fyx",
  "password": 123456
}
[2024-02-09 00:33:10,877][rest_client.py 48][INFO]: 接口请求的headers参数>>>
{
  "Content-Type": "application/json"
}
[2024-02-09 00:33:10,902][rest_client.py 19][INFO]: 接口返回内容>>>
{
  "code": 1,
  "msg": null,
  "data": {
    "id": 2,
    "userName": "fyx",
    "name": "冯源祥",
    "token": "eyJhbGciOiJIUzI1NiJ9.eyJlbXBJZCI6MiwiZXhwIjoxNzA3NDE3MTkwfQ.wVItlSKK5C7o28LS1O9CVgP9ib8IUC4kQ7GnL5ls9ms"
  }
}
[2024-02-09 00:33:10,913][rest_client.py 39][INFO]: 接口请求的地址>>>http://localhost:8080/admin/employee/login
[2024-02-09 00:33:10,913][rest_client.py 40][INFO]: 接口请求的方法>>>POST
[2024-02-09 00:33:10,913][rest_client.py 44][INFO]: 接口请求的json参数>>>
{
  "username": "cxk",
  "password": 123456
}
[2024-02-09 00:33:10,913][rest_client.py 48][INFO]: 接口请求的headers参数>>>
{
  "Content-Type": "application/json"
}
[2024-02-09 00:33:10,929][rest_client.py 19][INFO]: 接口返回内容>>>
{
  "code": 0,
  "msg": "账号不存在",
  "data": null
}
[2024-02-09 00:33:11,233][rest_client.py 39][INFO]: 接口请求的地址>>>http://localhost:8080/admin/employee/login
[2024-02-09 00:33:11,233][rest_client.py 40][INFO]: 接口请求的方法>>>POST
[2024-02-09 00:33:11,234][rest_client.py 44][INFO]: 接口请求的json参数>>>
{
  "username": "admin",
  "password": 123456
}
[2024-02-09 00:33:11,234][rest_client.py 48][INFO]: 接口请求的headers参数>>>
{
  "Content-Type": "application/json"
}
[2024-02-09 00:33:11,243][rest_client.py 19][INFO]: 接口返回内容>>>
{
  "code": 1,
  "msg": null,
  "data": {
    "id": 1,
    "userName": "admin",
    "name": "管理员",
    "token": "eyJhbGciOiJIUzI1NiJ9.eyJlbXBJZCI6MSwiZXhwIjoxNzA3NDE3MTkxfQ.SPz1FPgpOQKj0llGLcqUATLqy8j-Q989RqUDRHzx8Po"
  }
}
[2024-02-09 00:33:16,820][rest_client.py 39][INFO]: 接口请求的地址>>>http://localhost:8080/admin/employee/2
[2024-02-09 00:33:16,821][rest_client.py 40][INFO]: 接口请求的方法>>>GET
[2024-02-09 00:33:16,821][rest_client.py 48][INFO]: 接口请求的headers参数>>>
{
  "Content-Type": "application/json"
}
[2024-02-09 00:36:41,186][rest_client.py 39][INFO]: 接口请求的地址>>>http://localhost:8080/admin/employee/2
[2024-02-09 00:36:41,187][rest_client.py 40][INFO]: 接口请求的方法>>>GET
[2024-02-09 00:36:41,187][rest_client.py 48][INFO]: 接口请求的headers参数>>>
{
  "Content-Type": "application/json"
}
[2024-02-09 00:36:44,703][rest_client.py 39][INFO]: 接口请求的地址>>>http://localhost:8080/admin/employee/login
[2024-02-09 00:36:44,704][rest_client.py 40][INFO]: 接口请求的方法>>>POST
[2024-02-09 00:36:44,704][rest_client.py 44][INFO]: 接口请求的json参数>>>
{
  "username": "fyx",
  "password": 123456
}
[2024-02-09 00:36:44,704][rest_client.py 48][INFO]: 接口请求的headers参数>>>
{
  "Content-Type": "application/json"
}
[2024-02-09 00:36:44,724][rest_client.py 19][INFO]: 接口返回内容>>>
{
  "code": 1,
  "msg": null,
  "data": {
    "id": 2,
    "userName": "fyx",
    "name": "冯源祥",
    "token": "eyJhbGciOiJIUzI1NiJ9.eyJlbXBJZCI6MiwiZXhwIjoxNzA3NDE3NDA0fQ.j2eFKM-ytzb8vEf3npOVtsvPZZI1S_6DMBmCbnALVdg"
  }
}
[2024-02-09 00:36:44,731][rest_client.py 39][INFO]: 接口请求的地址>>>http://localhost:8080/admin/employee/login
[2024-02-09 00:36:44,732][rest_client.py 40][INFO]: 接口请求的方法>>>POST
[2024-02-09 00:36:44,732][rest_client.py 44][INFO]: 接口请求的json参数>>>
{
  "username": "cxk",
  "password": 123456
}
[2024-02-09 00:36:44,732][rest_client.py 48][INFO]: 接口请求的headers参数>>>
{
  "Content-Type": "application/json"
}
[2024-02-09 00:36:44,740][rest_client.py 19][INFO]: 接口返回内容>>>
{
  "code": 0,
  "msg": "账号不存在",
  "data": null
}
[2024-02-09 00:36:44,769][rest_client.py 39][INFO]: 接口请求的地址>>>http://localhost:8080/admin/employee/login
[2024-02-09 00:36:44,770][rest_client.py 40][INFO]: 接口请求的方法>>>POST
[2024-02-09 00:36:44,770][rest_client.py 44][INFO]: 接口请求的json参数>>>
{
  "username": "admin",
  "password": 123456
}
[2024-02-09 00:36:44,770][rest_client.py 48][INFO]: 接口请求的headers参数>>>
{
  "Content-Type": "application/json"
}
[2024-02-09 00:36:44,780][rest_client.py 19][INFO]: 接口返回内容>>>
{
  "code": 1,
  "msg": null,
  "data": {
    "id": 1,
    "userName": "admin",
    "name": "管理员",
    "token": "eyJhbGciOiJIUzI1NiJ9.eyJlbXBJZCI6MSwiZXhwIjoxNzA3NDE3NDA0fQ.cKL68UuQiKkPRCfWUEuqFVYOtsolmPVI0FTKZlk5J0Q"
  }
}
[2024-02-09 00:37:02,078][rest_client.py 39][INFO]: 接口请求的地址>>>http://localhost:8080/admin/employee/login
[2024-02-09 00:37:02,078][rest_client.py 40][INFO]: 接口请求的方法>>>POST
[2024-02-09 00:37:02,079][rest_client.py 44][INFO]: 接口请求的json参数>>>
{
  "username": "fyx",
  "password": 123456
}
[2024-02-09 00:37:02,079][rest_client.py 48][INFO]: 接口请求的headers参数>>>
{
  "Content-Type": "application/json"
}
[2024-02-09 00:37:02,095][rest_client.py 19][INFO]: 接口返回内容>>>
{
  "code": 1,
  "msg": null,
  "data": {
    "id": 2,
    "userName": "fyx",
    "name": "冯源祥",
    "token": "eyJhbGciOiJIUzI1NiJ9.eyJlbXBJZCI6MiwiZXhwIjoxNzA3NDE3NDIyfQ.9pekl4aXXrFzZrX6F_94GE_ScKgp6H8EY0nGZZWTtvo"
  }
}
[2024-02-09 00:37:02,125][rest_client.py 39][INFO]: 接口请求的地址>>>http://localhost:8080/admin/employee/login
[2024-02-09 00:37:02,126][rest_client.py 40][INFO]: 接口请求的方法>>>POST
[2024-02-09 00:37:02,126][rest_client.py 44][INFO]: 接口请求的json参数>>>
{
  "username": "cxk",
  "password": 123456
}
[2024-02-09 00:37:02,126][rest_client.py 48][INFO]: 接口请求的headers参数>>>
{
  "Content-Type": "application/json"
}
[2024-02-09 00:37:02,133][rest_client.py 19][INFO]: 接口返回内容>>>
{
  "code": 0,
  "msg": "账号不存在",
  "data": null
}
[2024-02-09 00:37:02,142][rest_client.py 39][INFO]: 接口请求的地址>>>http://localhost:8080/admin/employee/login
[2024-02-09 00:37:02,142][rest_client.py 40][INFO]: 接口请求的方法>>>POST
[2024-02-09 00:37:02,143][rest_client.py 44][INFO]: 接口请求的json参数>>>
{
  "username": "admin",
  "password": 123456
}
[2024-02-09 00:37:02,143][rest_client.py 48][INFO]: 接口请求的headers参数>>>
{
  "Content-Type": "application/json"
}
[2024-02-09 00:37:02,151][rest_client.py 19][INFO]: 接口返回内容>>>
{
  "code": 1,
  "msg": null,
  "data": {
    "id": 1,
    "userName": "admin",
    "name": "管理员",
    "token": "eyJhbGciOiJIUzI1NiJ9.eyJlbXBJZCI6MSwiZXhwIjoxNzA3NDE3NDIyfQ.O4v6UzLz5W-cgBEC8OUvk3c-LwZoDU_r4Qt6kbDHttQ"
  }
}
[2024-02-09 00:37:16,640][rest_client.py 39][INFO]: 接口请求的地址>>>http://localhost:8080/admin/employee/login
[2024-02-09 00:37:16,640][rest_client.py 40][INFO]: 接口请求的方法>>>POST
[2024-02-09 00:37:16,640][rest_client.py 44][INFO]: 接口请求的json参数>>>
{
  "username": "fyx",
  "password": 123456
}
[2024-02-09 00:37:16,641][rest_client.py 48][INFO]: 接口请求的headers参数>>>
{
  "Content-Type": "application/json"
}
[2024-02-09 00:37:16,655][rest_client.py 19][INFO]: 接口返回内容>>>
{
  "code": 1,
  "msg": null,
  "data": {
    "id": 2,
    "userName": "fyx",
    "name": "冯源祥",
    "token": "eyJhbGciOiJIUzI1NiJ9.eyJlbXBJZCI6MiwiZXhwIjoxNzA3NDE3NDM2fQ.BqbD3d7y2rNd5_DAGYc6DUl6unx90tM9sakyoCbaoKw"
  }
}
[2024-02-09 00:37:16,687][rest_client.py 39][INFO]: 接口请求的地址>>>http://localhost:8080/admin/employee/login
[2024-02-09 00:37:16,687][rest_client.py 40][INFO]: 接口请求的方法>>>POST
[2024-02-09 00:37:16,687][rest_client.py 44][INFO]: 接口请求的json参数>>>
{
  "username": "cxk",
  "password": 123456
}
[2024-02-09 00:37:16,688][rest_client.py 48][INFO]: 接口请求的headers参数>>>
{
  "Content-Type": "application/json"
}
[2024-02-09 00:37:16,694][rest_client.py 19][INFO]: 接口返回内容>>>
{
  "code": 0,
  "msg": "账号不存在",
  "data": null
}
[2024-02-09 00:37:16,948][rest_client.py 39][INFO]: 接口请求的地址>>>http://localhost:8080/admin/employee/login
[2024-02-09 00:37:16,948][rest_client.py 40][INFO]: 接口请求的方法>>>POST
[2024-02-09 00:37:16,948][rest_client.py 44][INFO]: 接口请求的json参数>>>
{
  "username": "admin",
  "password": 123456
}
[2024-02-09 00:37:16,948][rest_client.py 48][INFO]: 接口请求的headers参数>>>
{
  "Content-Type": "application/json"
}
[2024-02-09 00:37:16,956][rest_client.py 19][INFO]: 接口返回内容>>>
{
  "code": 1,
  "msg": null,
  "data": {
    "id": 1,
    "userName": "admin",
    "name": "管理员",
    "token": "eyJhbGciOiJIUzI1NiJ9.eyJlbXBJZCI6MSwiZXhwIjoxNzA3NDE3NDM2fQ.4p0Aq7Nm8xhJ7jf7TBcvRgE4ugMZ2E3pxs52Ss-ooWQ"
  }
}
[2024-02-09 00:38:06,406][rest_client.py 39][INFO]: 接口请求的地址>>>http://localhost:8080/admin/employee/login
[2024-02-09 00:38:06,407][rest_client.py 40][INFO]: 接口请求的方法>>>POST
[2024-02-09 00:38:06,407][rest_client.py 44][INFO]: 接口请求的json参数>>>
{
  "username": "fyx",
  "password": 123456
}
[2024-02-09 00:38:06,407][rest_client.py 48][INFO]: 接口请求的headers参数>>>
{
  "Content-Type": "application/json"
}
[2024-02-09 00:38:06,420][rest_client.py 19][INFO]: 接口返回内容>>>
{
  "code": 1,
  "msg": null,
  "data": {
    "id": 2,
    "userName": "fyx",
    "name": "冯源祥",
    "token": "eyJhbGciOiJIUzI1NiJ9.eyJlbXBJZCI6MiwiZXhwIjoxNzA3NDE3NDg2fQ.erRqlnHlBi8h_RNKBCNK4N3XgU46pPopSfAVCqvJuDE"
  }
}
[2024-02-09 00:38:06,429][rest_client.py 39][INFO]: 接口请求的地址>>>http://localhost:8080/admin/employee/login
[2024-02-09 00:38:06,429][rest_client.py 40][INFO]: 接口请求的方法>>>POST
[2024-02-09 00:38:06,429][rest_client.py 44][INFO]: 接口请求的json参数>>>
{
  "username": "cxk",
  "password": 123456
}
[2024-02-09 00:38:06,430][rest_client.py 48][INFO]: 接口请求的headers参数>>>
{
  "Content-Type": "application/json"
}
[2024-02-09 00:38:06,435][rest_client.py 19][INFO]: 接口返回内容>>>
{
  "code": 0,
  "msg": "账号不存在",
  "data": null
}
[2024-02-09 00:38:06,673][rest_client.py 39][INFO]: 接口请求的地址>>>http://localhost:8080/admin/employee/login
[2024-02-09 00:38:06,673][rest_client.py 40][INFO]: 接口请求的方法>>>POST
[2024-02-09 00:38:06,673][rest_client.py 44][INFO]: 接口请求的json参数>>>
{
  "username": "admin",
  "password": 123456
}
[2024-02-09 00:38:06,674][rest_client.py 48][INFO]: 接口请求的headers参数>>>
{
  "Content-Type": "application/json"
}
[2024-02-09 00:38:06,681][rest_client.py 19][INFO]: 接口返回内容>>>
{
  "code": 1,
  "msg": null,
  "data": {
    "id": 1,
    "userName": "admin",
    "name": "管理员",
    "token": "eyJhbGciOiJIUzI1NiJ9.eyJlbXBJZCI6MSwiZXhwIjoxNzA3NDE3NDg2fQ.v3FcA6yVRvxLxpF308bz4fkSGQRPelEQXYFSOEdBpjM"
  }
}
[2024-02-09 00:38:31,197][rest_client.py 39][INFO]: 接口请求的地址>>>http://localhost:8080/admin/employee/2
[2024-02-09 00:38:31,197][rest_client.py 40][INFO]: 接口请求的方法>>>GET
[2024-02-09 00:38:31,197][rest_client.py 48][INFO]: 接口请求的headers参数>>>
{
  "Content-Type": "application/json"
}
[2024-02-09 00:38:50,019][rest_client.py 39][INFO]: 接口请求的地址>>>http://localhost:8080/admin/employee/2
[2024-02-09 00:38:50,020][rest_client.py 40][INFO]: 接口请求的方法>>>GET
[2024-02-09 00:38:50,021][rest_client.py 48][INFO]: 接口请求的headers参数>>>
{
  "Content-Type": "application/json"
}
[2024-02-09 00:40:39,246][rest_client.py 39][INFO]: 接口请求的地址>>>http://localhost:8080/admin/employee/2
[2024-02-09 00:40:53,863][rest_client.py 40][INFO]: 接口请求的方法>>>GET
[2024-02-09 00:41:00,709][rest_client.py 48][INFO]: 接口请求的headers参数>>>
{
  "Content-Type": "application/json"
}
[2024-02-09 00:45:22,643][rest_client.py 39][INFO]: 接口请求的地址>>>http://localhost:8080/admin/employee/2
[2024-02-09 00:45:22,643][rest_client.py 40][INFO]: 接口请求的方法>>>GET
[2024-02-09 00:45:22,644][rest_client.py 48][INFO]: 接口请求的headers参数>>>
{
  "Content-Type": "application/json"
}
[2024-02-09 01:06:46,832][rest_client.py 39][INFO]: 接口请求的地址>>>http://localhost:8080/admin/employee/login
[2024-02-09 01:06:46,832][rest_client.py 40][INFO]: 接口请求的方法>>>POST
[2024-02-09 01:06:46,832][rest_client.py 44][INFO]: 接口请求的json参数>>>
{
  "username": "fyx",
  "password": 123456
}
[2024-02-09 01:06:46,833][rest_client.py 48][INFO]: 接口请求的headers参数>>>
{
  "Content-Type": "application/json"
}
[2024-02-09 01:06:46,856][rest_client.py 19][INFO]: 接口返回内容>>>
{
  "code": 1,
  "msg": null,
  "data": {
    "id": 2,
    "userName": "fyx",
    "name": "冯源祥",
    "token": "eyJhbGciOiJIUzI1NiJ9.eyJlbXBJZCI6MiwiZXhwIjoxNzA3NDE5MjA2fQ.MhPf9r-TpbJnScRRgA27CJHVowuH0sJnEdEpHEGR1vA"
  }
}
[2024-02-09 01:06:46,887][rest_client.py 39][INFO]: 接口请求的地址>>>http://localhost:8080/admin/employee/login
[2024-02-09 01:06:46,887][rest_client.py 40][INFO]: 接口请求的方法>>>POST
[2024-02-09 01:06:46,887][rest_client.py 44][INFO]: 接口请求的json参数>>>
{
  "username": "cxk",
  "password": 123456
}
[2024-02-09 01:06:46,888][rest_client.py 48][INFO]: 接口请求的headers参数>>>
{
  "Content-Type": "application/json"
}
[2024-02-09 01:06:46,896][rest_client.py 19][INFO]: 接口返回内容>>>
{
  "code": 0,
  "msg": "账号不存在",
  "data": null
}
[2024-02-09 01:06:47,153][rest_client.py 39][INFO]: 接口请求的地址>>>http://localhost:8080/admin/employee/login
[2024-02-09 01:06:47,153][rest_client.py 40][INFO]: 接口请求的方法>>>POST
[2024-02-09 01:06:47,153][rest_client.py 44][INFO]: 接口请求的json参数>>>
{
  "username": "admin",
  "password": 123456
}
[2024-02-09 01:06:47,153][rest_client.py 48][INFO]: 接口请求的headers参数>>>
{
  "Content-Type": "application/json"
}
[2024-02-09 01:06:47,159][rest_client.py 19][INFO]: 接口返回内容>>>
{
  "code": 1,
  "msg": null,
  "data": {
    "id": 1,
    "userName": "admin",
    "name": "管理员",
    "token": "eyJhbGciOiJIUzI1NiJ9.eyJlbXBJZCI6MSwiZXhwIjoxNzA3NDE5MjA3fQ.OjIS1BOWnP9NlgyaRn4cc2kKWrIc2gkY8sgtriRLrOM"
  }
}
[2024-02-09 01:07:24,917][rest_client.py 39][INFO]: 接口请求的地址>>>http://localhost:8080/admin/employee/login
[2024-02-09 01:07:24,917][rest_client.py 40][INFO]: 接口请求的方法>>>POST
[2024-02-09 01:07:24,917][rest_client.py 44][INFO]: 接口请求的json参数>>>
{
  "username": "fyx",
  "password": 123456
}
[2024-02-09 01:07:24,917][rest_client.py 48][INFO]: 接口请求的headers参数>>>
{
  "Content-Type": "application/json"
}
[2024-02-09 01:07:24,932][rest_client.py 19][INFO]: 接口返回内容>>>
{
  "code": 1,
  "msg": null,
  "data": {
    "id": 2,
    "userName": "fyx",
    "name": "冯源祥",
    "token": "eyJhbGciOiJIUzI1NiJ9.eyJlbXBJZCI6MiwiZXhwIjoxNzA3NDE5MjQ0fQ.2HhyTIGVMu4p_7FRKdtd3aaarUhietSqYI1r2u4pFbI"
  }
}
[2024-02-09 01:07:25,119][rest_client.py 39][INFO]: 接口请求的地址>>>http://localhost:8080/admin/employee/login
[2024-02-09 01:07:25,120][rest_client.py 40][INFO]: 接口请求的方法>>>POST
[2024-02-09 01:07:25,120][rest_client.py 44][INFO]: 接口请求的json参数>>>
{
  "username": "cxk",
  "password": 123456
}
[2024-02-09 01:07:25,120][rest_client.py 48][INFO]: 接口请求的headers参数>>>
{
  "Content-Type": "application/json"
}
[2024-02-09 01:07:25,126][rest_client.py 19][INFO]: 接口返回内容>>>
{
  "code": 0,
  "msg": "账号不存在",
  "data": null
}
[2024-02-09 01:07:25,166][rest_client.py 39][INFO]: 接口请求的地址>>>http://localhost:8080/admin/employee/login
[2024-02-09 01:07:25,166][rest_client.py 40][INFO]: 接口请求的方法>>>POST
[2024-02-09 01:07:25,166][rest_client.py 44][INFO]: 接口请求的json参数>>>
{
  "username": "admin",
  "password": 123456
}
[2024-02-09 01:07:25,166][rest_client.py 48][INFO]: 接口请求的headers参数>>>
{
  "Content-Type": "application/json"
}
[2024-02-09 01:07:25,172][rest_client.py 19][INFO]: 接口返回内容>>>
{
  "code": 1,
  "msg": null,
  "data": {
    "id": 1,
    "userName": "admin",
    "name": "管理员",
    "token": "eyJhbGciOiJIUzI1NiJ9.eyJlbXBJZCI6MSwiZXhwIjoxNzA3NDE5MjQ1fQ.eXH3e7phpJ3y380SF0YSPymTHi44ol3N0eOPs3nCP2M"
  }
}
[2024-02-09 01:07:32,234][rest_client.py 39][INFO]: 接口请求的地址>>>http://localhost:8080/admin/employee/login
[2024-02-09 01:07:32,235][rest_client.py 40][INFO]: 接口请求的方法>>>POST
[2024-02-09 01:07:32,235][rest_client.py 44][INFO]: 接口请求的json参数>>>
{
  "username": "fyx",
  "password": 123456
}
[2024-02-09 01:07:32,235][rest_client.py 48][INFO]: 接口请求的headers参数>>>
{
  "Content-Type": "application/json"
}
[2024-02-09 01:07:32,248][rest_client.py 19][INFO]: 接口返回内容>>>
{
  "code": 1,
  "msg": null,
  "data": {
    "id": 2,
    "userName": "fyx",
    "name": "冯源祥",
    "token": "eyJhbGciOiJIUzI1NiJ9.eyJlbXBJZCI6MiwiZXhwIjoxNzA3NDE5MjUyfQ.KofcZl3ke-gUVrxvzlAM3gXWmju8ZL52lw8ej-kpdDA"
  }
}
[2024-02-09 01:07:32,276][rest_client.py 39][INFO]: 接口请求的地址>>>http://localhost:8080/admin/employee/login
[2024-02-09 01:07:32,276][rest_client.py 40][INFO]: 接口请求的方法>>>POST
[2024-02-09 01:07:32,276][rest_client.py 44][INFO]: 接口请求的json参数>>>
{
  "username": "cxk",
  "password": 123456
}
[2024-02-09 01:07:32,276][rest_client.py 48][INFO]: 接口请求的headers参数>>>
{
  "Content-Type": "application/json"
}
[2024-02-09 01:07:32,283][rest_client.py 19][INFO]: 接口返回内容>>>
{
  "code": 0,
  "msg": "账号不存在",
  "data": null
}
[2024-02-09 01:07:32,520][rest_client.py 39][INFO]: 接口请求的地址>>>http://localhost:8080/admin/employee/login
[2024-02-09 01:07:32,522][rest_client.py 40][INFO]: 接口请求的方法>>>POST
[2024-02-09 01:07:32,522][rest_client.py 44][INFO]: 接口请求的json参数>>>
{
  "username": "admin",
  "password": 123456
}
[2024-02-09 01:07:32,523][rest_client.py 48][INFO]: 接口请求的headers参数>>>
{
  "Content-Type": "application/json"
}
[2024-02-09 01:07:32,529][rest_client.py 19][INFO]: 接口返回内容>>>
{
  "code": 1,
  "msg": null,
  "data": {
    "id": 1,
    "userName": "admin",
    "name": "管理员",
    "token": "eyJhbGciOiJIUzI1NiJ9.eyJlbXBJZCI6MSwiZXhwIjoxNzA3NDE5MjUyfQ.XUHYYJTfNGDnHm7VA0okaQWl9SiRBNtjo8lqBzOEdZE"
  }
}
[2024-02-09 01:07:38,970][rest_client.py 39][INFO]: 接口请求的地址>>>http://localhost:8080/admin/employee/login
[2024-02-09 01:07:38,971][rest_client.py 40][INFO]: 接口请求的方法>>>POST
[2024-02-09 01:07:38,971][rest_client.py 44][INFO]: 接口请求的json参数>>>
{
  "username": "fyx",
  "password": 123456
}
[2024-02-09 01:07:38,971][rest_client.py 48][INFO]: 接口请求的headers参数>>>
{
  "Content-Type": "application/json"
}
[2024-02-09 01:07:38,985][rest_client.py 19][INFO]: 接口返回内容>>>
{
  "code": 1,
  "msg": null,
  "data": {
    "id": 2,
    "userName": "fyx",
    "name": "冯源祥",
    "token": "eyJhbGciOiJIUzI1NiJ9.eyJlbXBJZCI6MiwiZXhwIjoxNzA3NDE5MjU4fQ.n7vD9FQ9QjcHsPRq9UI0AT7cfPp44dYxenx_CI0tI30"
  }
}
[2024-02-09 01:07:39,183][rest_client.py 39][INFO]: 接口请求的地址>>>http://localhost:8080/admin/employee/login
[2024-02-09 01:07:39,183][rest_client.py 40][INFO]: 接口请求的方法>>>POST
[2024-02-09 01:07:39,183][rest_client.py 44][INFO]: 接口请求的json参数>>>
{
  "username": "cxk",
  "password": 123456
}
[2024-02-09 01:07:39,183][rest_client.py 48][INFO]: 接口请求的headers参数>>>
{
  "Content-Type": "application/json"
}
[2024-02-09 01:07:39,189][rest_client.py 19][INFO]: 接口返回内容>>>
{
  "code": 0,
  "msg": "账号不存在",
  "data": null
}
[2024-02-09 01:07:39,207][rest_client.py 39][INFO]: 接口请求的地址>>>http://localhost:8080/admin/employee/login
[2024-02-09 01:07:39,207][rest_client.py 40][INFO]: 接口请求的方法>>>POST
[2024-02-09 01:07:39,207][rest_client.py 44][INFO]: 接口请求的json参数>>>
{
  "username": "admin",
  "password": 123456
}
[2024-02-09 01:07:39,208][rest_client.py 48][INFO]: 接口请求的headers参数>>>
{
  "Content-Type": "application/json"
}
[2024-02-09 01:07:39,214][rest_client.py 19][INFO]: 接口返回内容>>>
{
  "code": 1,
  "msg": null,
  "data": {
    "id": 1,
    "userName": "admin",
    "name": "管理员",
    "token": "eyJhbGciOiJIUzI1NiJ9.eyJlbXBJZCI6MSwiZXhwIjoxNzA3NDE5MjU5fQ.pY8Gk9VcCMVSRkEvQuVwmTlS4cE2pNAstLmorf3c6Ag"
  }
}
[2024-02-09 01:07:51,373][rest_client.py 39][INFO]: 接口请求的地址>>>http://localhost:8080/admin/employee/login
[2024-02-09 01:07:51,373][rest_client.py 40][INFO]: 接口请求的方法>>>POST
[2024-02-09 01:07:51,374][rest_client.py 44][INFO]: 接口请求的json参数>>>
{
  "username": "fyx",
  "password": 123456
}
[2024-02-09 01:07:51,374][rest_client.py 48][INFO]: 接口请求的headers参数>>>
{
  "Content-Type": "application/json"
}
[2024-02-09 01:07:51,387][rest_client.py 19][INFO]: 接口返回内容>>>
{
  "code": 1,
  "msg": null,
  "data": {
    "id": 2,
    "userName": "fyx",
    "name": "冯源祥",
    "token": "eyJhbGciOiJIUzI1NiJ9.eyJlbXBJZCI6MiwiZXhwIjoxNzA3NDE5MjcxfQ.KsBsnfjQ4khadF-8BvLiVpv5POK7znr326rbGDe7wek"
  }
}
[2024-02-09 01:07:51,416][rest_client.py 39][INFO]: 接口请求的地址>>>http://localhost:8080/admin/employee/login
[2024-02-09 01:07:51,416][rest_client.py 40][INFO]: 接口请求的方法>>>POST
[2024-02-09 01:07:51,416][rest_client.py 44][INFO]: 接口请求的json参数>>>
{
  "username": "cxk",
  "password": 123456
}
[2024-02-09 01:07:51,416][rest_client.py 48][INFO]: 接口请求的headers参数>>>
{
  "Content-Type": "application/json"
}
[2024-02-09 01:07:51,422][rest_client.py 19][INFO]: 接口返回内容>>>
{
  "code": 0,
  "msg": "账号不存在",
  "data": null
}
[2024-02-09 01:07:51,615][rest_client.py 39][INFO]: 接口请求的地址>>>http://localhost:8080/admin/employee/login
[2024-02-09 01:07:51,616][rest_client.py 40][INFO]: 接口请求的方法>>>POST
[2024-02-09 01:07:51,616][rest_client.py 44][INFO]: 接口请求的json参数>>>
{
  "username": "admin",
  "password": 123456
}
[2024-02-09 01:07:51,616][rest_client.py 48][INFO]: 接口请求的headers参数>>>
{
  "Content-Type": "application/json"
}
[2024-02-09 01:07:51,622][rest_client.py 19][INFO]: 接口返回内容>>>
{
  "code": 1,
  "msg": null,
  "data": {
    "id": 1,
    "userName": "admin",
    "name": "管理员",
    "token": "eyJhbGciOiJIUzI1NiJ9.eyJlbXBJZCI6MSwiZXhwIjoxNzA3NDE5MjcxfQ.3LoSP6e_i2U3SYm8v2etainFdAQ110hdKDXnDNfXmKY"
  }
}
[2024-02-09 01:08:47,091][rest_client.py 39][INFO]: 接口请求的地址>>>http://localhost:8080/admin/employee/login
[2024-02-09 01:08:47,091][rest_client.py 40][INFO]: 接口请求的方法>>>POST
[2024-02-09 01:08:47,091][rest_client.py 44][INFO]: 接口请求的json参数>>>
{
  "username": "fyx",
  "password": 123456
}
[2024-02-09 01:08:47,091][rest_client.py 48][INFO]: 接口请求的headers参数>>>
{
  "Content-Type": "application/json"
}
[2024-02-09 01:08:47,104][rest_client.py 19][INFO]: 接口返回内容>>>
{
  "code": 1,
  "msg": null,
  "data": {
    "id": 2,
    "userName": "fyx",
    "name": "冯源祥",
    "token": "eyJhbGciOiJIUzI1NiJ9.eyJlbXBJZCI6MiwiZXhwIjoxNzA3NDE5MzI3fQ.A8G8ktPl-DdkqtOMPrENXpkuuP75sgptvT4PAw2yMdo"
  }
}
[2024-02-09 01:08:47,111][rest_client.py 39][INFO]: 接口请求的地址>>>http://localhost:8080/admin/employee/login
[2024-02-09 01:08:47,111][rest_client.py 40][INFO]: 接口请求的方法>>>POST
[2024-02-09 01:08:47,111][rest_client.py 44][INFO]: 接口请求的json参数>>>
{
  "username": "cxk",
  "password": 123456
}
[2024-02-09 01:08:47,111][rest_client.py 48][INFO]: 接口请求的headers参数>>>
{
  "Content-Type": "application/json"
}
[2024-02-09 01:08:47,118][rest_client.py 19][INFO]: 接口返回内容>>>
{
  "code": 0,
  "msg": "账号不存在",
  "data": null
}
[2024-02-09 01:08:47,337][rest_client.py 39][INFO]: 接口请求的地址>>>http://localhost:8080/admin/employee/login
[2024-02-09 01:08:47,338][rest_client.py 40][INFO]: 接口请求的方法>>>POST
[2024-02-09 01:08:47,338][rest_client.py 44][INFO]: 接口请求的json参数>>>
{
  "username": "admin",
  "password": 123456
}
[2024-02-09 01:08:47,338][rest_client.py 48][INFO]: 接口请求的headers参数>>>
{
  "Content-Type": "application/json"
}
[2024-02-09 01:08:47,346][rest_client.py 19][INFO]: 接口返回内容>>>
{
  "code": 1,
  "msg": null,
  "data": {
    "id": 1,
    "userName": "admin",
    "name": "管理员",
    "token": "eyJhbGciOiJIUzI1NiJ9.eyJlbXBJZCI6MSwiZXhwIjoxNzA3NDE5MzI3fQ.SfmmM6N9igswS1YhNe_rnESBlk_L-P2841beSPzL2Uo"
  }
}
[2024-02-09 01:13:01,645][rest_client.py 39][INFO]: 接口请求的地址>>>http://localhost:8080/admin/employee/login
[2024-02-09 01:13:01,645][rest_client.py 40][INFO]: 接口请求的方法>>>POST
[2024-02-09 01:13:01,645][rest_client.py 44][INFO]: 接口请求的json参数>>>
{
  "username": "fyx",
  "password": 123456
}
[2024-02-09 01:13:01,645][rest_client.py 48][INFO]: 接口请求的headers参数>>>
{
  "Content-Type": "application/json"
}
[2024-02-09 01:13:01,666][rest_client.py 19][INFO]: 接口返回内容>>>
{
  "code": 1,
  "msg": null,
  "data": {
    "id": 2,
    "userName": "fyx",
    "name": "冯源祥",
    "token": "eyJhbGciOiJIUzI1NiJ9.eyJlbXBJZCI6MiwiZXhwIjoxNzA3NDE5NTgxfQ.S3bymtcTw5dbdeSWOL2G1RjBZX-Mdr6B9kyRvhS0-1A"
  }
}
[2024-02-09 01:13:01,676][rest_client.py 39][INFO]: 接口请求的地址>>>http://localhost:8080/admin/employee/login
[2024-02-09 01:13:01,676][rest_client.py 40][INFO]: 接口请求的方法>>>POST
[2024-02-09 01:13:01,676][rest_client.py 44][INFO]: 接口请求的json参数>>>
{
  "username": "cxk",
  "password": 123456
}
[2024-02-09 01:13:01,676][rest_client.py 48][INFO]: 接口请求的headers参数>>>
{
  "Content-Type": "application/json"
}
[2024-02-09 01:13:01,682][rest_client.py 19][INFO]: 接口返回内容>>>
{
  "code": 0,
  "msg": "账号不存在",
  "data": null
}
[2024-02-09 01:13:01,905][rest_client.py 39][INFO]: 接口请求的地址>>>http://localhost:8080/admin/employee/login
[2024-02-09 01:13:01,905][rest_client.py 40][INFO]: 接口请求的方法>>>POST
[2024-02-09 01:13:01,905][rest_client.py 44][INFO]: 接口请求的json参数>>>
{
  "username": "admin",
  "password": 123456
}
[2024-02-09 01:13:01,905][rest_client.py 48][INFO]: 接口请求的headers参数>>>
{
  "Content-Type": "application/json"
}
[2024-02-09 01:13:01,913][rest_client.py 19][INFO]: 接口返回内容>>>
{
  "code": 1,
  "msg": null,
  "data": {
    "id": 1,
    "userName": "admin",
    "name": "管理员",
    "token": "eyJhbGciOiJIUzI1NiJ9.eyJlbXBJZCI6MSwiZXhwIjoxNzA3NDE5NTgxfQ.2_knjjXEysLuxN31V17MpOjsPexKiXVLhYnfmsOb-aI"
  }
}
[2024-02-09 01:17:31,792][rest_client.py 39][INFO]: 接口请求的地址>>>http://localhost:8080/admin/employee/login
[2024-02-09 01:17:31,793][rest_client.py 40][INFO]: 接口请求的方法>>>POST
[2024-02-09 01:17:31,793][rest_client.py 44][INFO]: 接口请求的json参数>>>
{
  "username": "fyx",
  "password": 123456
}
[2024-02-09 01:17:31,793][rest_client.py 48][INFO]: 接口请求的headers参数>>>
{
  "Content-Type": "application/json"
}
[2024-02-09 01:17:31,812][rest_client.py 19][INFO]: 接口返回内容>>>
{
  "code": 1,
  "msg": null,
  "data": {
    "id": 2,
    "userName": "fyx",
    "name": "冯源祥",
    "token": "eyJhbGciOiJIUzI1NiJ9.eyJlbXBJZCI6MiwiZXhwIjoxNzA3NDE5ODUxfQ.Tzguhmlgyn9cpY8_hGZJzo58N5pLJcUkDMctWKAEYzg"
  }
}
[2024-02-09 01:17:31,841][rest_client.py 39][INFO]: 接口请求的地址>>>http://localhost:8080/admin/employee/login
[2024-02-09 01:17:31,842][rest_client.py 40][INFO]: 接口请求的方法>>>POST
[2024-02-09 01:17:31,842][rest_client.py 44][INFO]: 接口请求的json参数>>>
{
  "username": "cxk",
  "password": 123456
}
[2024-02-09 01:17:31,842][rest_client.py 48][INFO]: 接口请求的headers参数>>>
{
  "Content-Type": "application/json"
}
[2024-02-09 01:17:31,847][rest_client.py 19][INFO]: 接口返回内容>>>
{
  "code": 0,
  "msg": "账号不存在",
  "data": null
}
[2024-02-09 01:17:32,012][rest_client.py 39][INFO]: 接口请求的地址>>>http://localhost:8080/admin/employee/login
[2024-02-09 01:17:32,012][rest_client.py 40][INFO]: 接口请求的方法>>>POST
[2024-02-09 01:17:32,012][rest_client.py 44][INFO]: 接口请求的json参数>>>
{
  "username": "admin",
  "password": 123456
}
[2024-02-09 01:17:32,012][rest_client.py 48][INFO]: 接口请求的headers参数>>>
{
  "Content-Type": "application/json"
}
[2024-02-09 01:17:32,017][rest_client.py 19][INFO]: 接口返回内容>>>
{
  "code": 1,
  "msg": null,
  "data": {
    "id": 1,
    "userName": "admin",
    "name": "管理员",
    "token": "eyJhbGciOiJIUzI1NiJ9.eyJlbXBJZCI6MSwiZXhwIjoxNzA3NDE5ODUyfQ.79Z0yW0gTmNVxMpiz3XXPcVg1eIbLMQXuS6IVnOL1hU"
  }
}
[2024-02-09 01:18:37,780][rest_client.py 39][INFO]: 接口请求的地址>>>http://localhost:8080/admin/employee/login
[2024-02-09 01:18:37,780][rest_client.py 40][INFO]: 接口请求的方法>>>POST
[2024-02-09 01:18:37,781][rest_client.py 44][INFO]: 接口请求的json参数>>>
{
  "username": "fyx",
  "password": 123456
}
[2024-02-09 01:18:37,781][rest_client.py 48][INFO]: 接口请求的headers参数>>>
{
  "Content-Type": "application/json"
}
[2024-02-09 01:18:37,808][rest_client.py 19][INFO]: 接口返回内容>>>
{
  "code": 1,
  "msg": null,
  "data": {
    "id": 2,
    "userName": "fyx",
    "name": "冯源祥",
    "token": "eyJhbGciOiJIUzI1NiJ9.eyJlbXBJZCI6MiwiZXhwIjoxNzA3NDE5OTE3fQ.dqjLG_BBgFYBbY9cWyJIF0vdiQYSu2fjbiIGbmJdpuo"
  }
}
[2024-02-09 01:18:37,837][rest_client.py 39][INFO]: 接口请求的地址>>>http://localhost:8080/admin/employee/login
[2024-02-09 01:18:37,837][rest_client.py 40][INFO]: 接口请求的方法>>>POST
[2024-02-09 01:18:37,837][rest_client.py 44][INFO]: 接口请求的json参数>>>
{
  "username": "cxk",
  "password": 123456
}
[2024-02-09 01:18:37,838][rest_client.py 48][INFO]: 接口请求的headers参数>>>
{
  "Content-Type": "application/json"
}
[2024-02-09 01:18:37,849][rest_client.py 19][INFO]: 接口返回内容>>>
{
  "code": 0,
  "msg": "账号不存在",
  "data": null
}
[2024-02-09 01:18:38,023][rest_client.py 39][INFO]: 接口请求的地址>>>http://localhost:8080/admin/employee/login
[2024-02-09 01:18:38,023][rest_client.py 40][INFO]: 接口请求的方法>>>POST
[2024-02-09 01:18:38,023][rest_client.py 44][INFO]: 接口请求的json参数>>>
{
  "username": "admin",
  "password": 123456
}
[2024-02-09 01:18:38,023][rest_client.py 48][INFO]: 接口请求的headers参数>>>
{
  "Content-Type": "application/json"
}
[2024-02-09 01:18:38,029][rest_client.py 19][INFO]: 接口返回内容>>>
{
  "code": 1,
  "msg": null,
  "data": {
    "id": 1,
    "userName": "admin",
    "name": "管理员",
    "token": "eyJhbGciOiJIUzI1NiJ9.eyJlbXBJZCI6MSwiZXhwIjoxNzA3NDE5OTE4fQ.aQ2_FyX6-lgGE-o1U78dhacVElLqWB7wwlkpHJlLsgU"
  }
}
[2024-02-09 01:19:03,746][rest_client.py 39][INFO]: 接口请求的地址>>>http://localhost:8080/admin/employee/login
[2024-02-09 01:19:03,746][rest_client.py 40][INFO]: 接口请求的方法>>>POST
[2024-02-09 01:19:03,746][rest_client.py 44][INFO]: 接口请求的json参数>>>
{
  "username": "fyx",
  "password": 123456
}
[2024-02-09 01:19:03,746][rest_client.py 48][INFO]: 接口请求的headers参数>>>
{
  "Content-Type": "application/json"
}
[2024-02-09 01:19:03,758][rest_client.py 19][INFO]: 接口返回内容>>>
{
  "code": 1,
  "msg": null,
  "data": {
    "id": 2,
    "userName": "fyx",
    "name": "冯源祥",
    "token": "eyJhbGciOiJIUzI1NiJ9.eyJlbXBJZCI6MiwiZXhwIjoxNzA3NDE5OTQzfQ.IW4FltpNX2IPcKYenECMmXOGayXY58plAS69vyuaYpo"
  }
}
[2024-02-09 01:19:03,764][rest_client.py 39][INFO]: 接口请求的地址>>>http://localhost:8080/admin/employee/login
[2024-02-09 01:19:03,765][rest_client.py 40][INFO]: 接口请求的方法>>>POST
[2024-02-09 01:19:03,765][rest_client.py 44][INFO]: 接口请求的json参数>>>
{
  "username": "cxk",
  "password": 123456
}
[2024-02-09 01:19:03,765][rest_client.py 48][INFO]: 接口请求的headers参数>>>
{
  "Content-Type": "application/json"
}
[2024-02-09 01:19:03,770][rest_client.py 19][INFO]: 接口返回内容>>>
{
  "code": 0,
  "msg": "账号不存在",
  "data": null
}
[2024-02-09 01:19:03,976][rest_client.py 39][INFO]: 接口请求的地址>>>http://localhost:8080/admin/employee/login
[2024-02-09 01:19:03,976][rest_client.py 40][INFO]: 接口请求的方法>>>POST
[2024-02-09 01:19:03,976][rest_client.py 44][INFO]: 接口请求的json参数>>>
{
  "username": "admin",
  "password": 123456
}
[2024-02-09 01:19:03,976][rest_client.py 48][INFO]: 接口请求的headers参数>>>
{
  "Content-Type": "application/json"
}
[2024-02-09 01:19:03,983][rest_client.py 19][INFO]: 接口返回内容>>>
{
  "code": 1,
  "msg": null,
  "data": {
    "id": 1,
    "userName": "admin",
    "name": "管理员",
    "token": "eyJhbGciOiJIUzI1NiJ9.eyJlbXBJZCI6MSwiZXhwIjoxNzA3NDE5OTQzfQ.RqEWl6_zPGC0w0zQGpdZift5BKisg_sqobWoGqwjmQ0"
  }
}
[2024-02-09 01:21:07,278][rest_client.py 39][INFO]: 接口请求的地址>>>http://localhost:8080/admin/employee/login
[2024-02-09 01:21:07,278][rest_client.py 40][INFO]: 接口请求的方法>>>POST
[2024-02-09 01:21:07,278][rest_client.py 44][INFO]: 接口请求的json参数>>>
{
  "username": "fyx",
  "password": 123456
}
[2024-02-09 01:21:07,278][rest_client.py 48][INFO]: 接口请求的headers参数>>>
{
  "Connection": "keep-alive"
}
[2024-02-09 01:21:07,298][rest_client.py 19][INFO]: 接口返回内容>>>
{
  "code": 1,
  "msg": null,
  "data": {
    "id": 2,
    "userName": "fyx",
    "name": "冯源祥",
    "token": "eyJhbGciOiJIUzI1NiJ9.eyJlbXBJZCI6MiwiZXhwIjoxNzA3NDIwMDY3fQ.T9ibdDljeo18gPVelEry_MFtTgx5ibXZsklEYkcpSqs"
  }
}
[2024-02-09 01:21:07,304][rest_client.py 39][INFO]: 接口请求的地址>>>http://localhost:8080/admin/employee/login
[2024-02-09 01:21:07,304][rest_client.py 40][INFO]: 接口请求的方法>>>POST
[2024-02-09 01:21:07,305][rest_client.py 44][INFO]: 接口请求的json参数>>>
{
  "username": "cxk",
  "password": 123456
}
[2024-02-09 01:21:07,305][rest_client.py 48][INFO]: 接口请求的headers参数>>>
{
  "Connection": "keep-alive"
}
[2024-02-09 01:21:07,311][rest_client.py 19][INFO]: 接口返回内容>>>
{
  "code": 0,
  "msg": "账号不存在",
  "data": null
}
[2024-02-09 01:21:07,524][rest_client.py 39][INFO]: 接口请求的地址>>>http://localhost:8080/admin/employee/login
[2024-02-09 01:21:07,525][rest_client.py 40][INFO]: 接口请求的方法>>>POST
[2024-02-09 01:21:07,525][rest_client.py 44][INFO]: 接口请求的json参数>>>
{
  "username": "admin",
  "password": 123456
}
[2024-02-09 01:21:07,525][rest_client.py 48][INFO]: 接口请求的headers参数>>>
{
  "Connection": "keep-alive"
}
[2024-02-09 01:21:07,533][rest_client.py 19][INFO]: 接口返回内容>>>
{
  "code": 1,
  "msg": null,
  "data": {
    "id": 1,
    "userName": "admin",
    "name": "管理员",
    "token": "eyJhbGciOiJIUzI1NiJ9.eyJlbXBJZCI6MSwiZXhwIjoxNzA3NDIwMDY3fQ._Hj8qjl3iZudeyl40ABeK5vEPbq0oVXMJPdbeu5ZmTc"
  }
}
[2024-02-09 01:23:29,314][rest_client.py 39][INFO]: 接口请求的地址>>>http://localhost:8080/admin/employee/2
[2024-02-09 01:23:29,314][rest_client.py 40][INFO]: 接口请求的方法>>>GET
[2024-02-09 01:23:29,314][rest_client.py 48][INFO]: 接口请求的headers参数>>>
{
  "Connection": "keep-alive"
}
[2024-02-09 01:28:24,544][rest_client.py 39][INFO]: 接口请求的地址>>>http://localhost:8080/admin/employee/login
[2024-02-09 01:28:24,545][rest_client.py 40][INFO]: 接口请求的方法>>>POST
[2024-02-09 01:28:24,545][rest_client.py 44][INFO]: 接口请求的json参数>>>
{
  "username": "fyx",
  "password": 123456
}
[2024-02-09 01:28:24,545][rest_client.py 48][INFO]: 接口请求的headers参数>>>
{
  "Connection": "keep-alive"
}
[2024-02-09 01:28:24,566][rest_client.py 19][INFO]: 接口返回内容>>>
{
  "code": 1,
  "msg": null,
  "data": {
    "id": 2,
    "userName": "fyx",
    "name": "冯源祥",
    "token": "eyJhbGciOiJIUzI1NiJ9.eyJlbXBJZCI6MiwiZXhwIjoxNzA3NDIwNTA0fQ.CskoN0iwfp40xRY0yvp8BaMZvh9rT0ah7YMG4pK7gpQ"
  }
}
[2024-02-09 01:28:24,594][rest_client.py 39][INFO]: 接口请求的地址>>>http://localhost:8080/admin/employee/login
[2024-02-09 01:28:24,594][rest_client.py 40][INFO]: 接口请求的方法>>>POST
[2024-02-09 01:28:24,595][rest_client.py 44][INFO]: 接口请求的json参数>>>
{
  "username": "cxk",
  "password": 123456
}
[2024-02-09 01:28:24,595][rest_client.py 48][INFO]: 接口请求的headers参数>>>
{
  "Connection": "keep-alive"
}
[2024-02-09 01:28:24,600][rest_client.py 19][INFO]: 接口返回内容>>>
{
  "code": 0,
  "msg": "账号不存在",
  "data": null
}
[2024-02-09 01:28:24,794][rest_client.py 39][INFO]: 接口请求的地址>>>http://localhost:8080/admin/employee/login
[2024-02-09 01:28:24,795][rest_client.py 40][INFO]: 接口请求的方法>>>POST
[2024-02-09 01:28:24,795][rest_client.py 44][INFO]: 接口请求的json参数>>>
{
  "username": "admin",
  "password": 123456
}
[2024-02-09 01:28:24,795][rest_client.py 48][INFO]: 接口请求的headers参数>>>
{
  "Connection": "keep-alive"
}
[2024-02-09 01:28:24,801][rest_client.py 19][INFO]: 接口返回内容>>>
{
  "code": 1,
  "msg": null,
  "data": {
    "id": 1,
    "userName": "admin",
    "name": "管理员",
    "token": "eyJhbGciOiJIUzI1NiJ9.eyJlbXBJZCI6MSwiZXhwIjoxNzA3NDIwNTA0fQ.ivN7jMnoK1u2_KSoizpWAuuypeGX4Ge3UGiTJHrO4Qk"
  }
}
[2024-02-09 01:29:02,575][rest_client.py 39][INFO]: 接口请求的地址>>>http://localhost:8080/admin/employee/login
[2024-02-09 01:29:02,575][rest_client.py 40][INFO]: 接口请求的方法>>>POST
[2024-02-09 01:29:02,575][rest_client.py 44][INFO]: 接口请求的json参数>>>
{
  "username": "fyx",
  "password": 123456
}
[2024-02-09 01:29:02,575][rest_client.py 48][INFO]: 接口请求的headers参数>>>
{
  "Connection": "keep-alive"
}
[2024-02-09 01:29:02,587][rest_client.py 19][INFO]: 接口返回内容>>>
{
  "code": 1,
  "msg": null,
  "data": {
    "id": 2,
    "userName": "fyx",
    "name": "冯源祥",
    "token": "eyJhbGciOiJIUzI1NiJ9.eyJlbXBJZCI6MiwiZXhwIjoxNzA3NDIwNTQyfQ.455s5dkJcQ5pVoAdpje_M5f-5g6BnoV53rW_cvSIkvY"
  }
}
[2024-02-09 01:29:02,593][rest_client.py 39][INFO]: 接口请求的地址>>>http://localhost:8080/admin/employee/login
[2024-02-09 01:29:02,593][rest_client.py 40][INFO]: 接口请求的方法>>>POST
[2024-02-09 01:29:02,593][rest_client.py 44][INFO]: 接口请求的json参数>>>
{
  "username": "cxk",
  "password": 123456
}
[2024-02-09 01:29:02,593][rest_client.py 48][INFO]: 接口请求的headers参数>>>
{
  "Connection": "keep-alive"
}
[2024-02-09 01:29:02,599][rest_client.py 19][INFO]: 接口返回内容>>>
{
  "code": 0,
  "msg": "账号不存在",
  "data": null
}
[2024-02-09 01:29:02,796][rest_client.py 39][INFO]: 接口请求的地址>>>http://localhost:8080/admin/employee/login
[2024-02-09 01:29:02,796][rest_client.py 40][INFO]: 接口请求的方法>>>POST
[2024-02-09 01:29:02,796][rest_client.py 44][INFO]: 接口请求的json参数>>>
{
  "username": "admin",
  "password": 123456
}
[2024-02-09 01:29:02,797][rest_client.py 48][INFO]: 接口请求的headers参数>>>
{
  "Connection": "keep-alive"
}
[2024-02-09 01:29:02,802][rest_client.py 19][INFO]: 接口返回内容>>>
{
  "code": 1,
  "msg": null,
  "data": {
    "id": 1,
    "userName": "admin",
    "name": "管理员",
    "token": "eyJhbGciOiJIUzI1NiJ9.eyJlbXBJZCI6MSwiZXhwIjoxNzA3NDIwNTQyfQ.6SaD6j765hhMB3WSEtObuY-MyZol4WHW2ghTwr4qdkI"
  }
}
[2024-02-09 01:30:04,150][rest_client.py 39][INFO]: 接口请求的地址>>>http://localhost:8080/admin/employee/login
[2024-02-09 01:30:04,150][rest_client.py 40][INFO]: 接口请求的方法>>>POST
[2024-02-09 01:30:04,150][rest_client.py 44][INFO]: 接口请求的json参数>>>
{
  "username": "fyx",
  "password": 123456
}
[2024-02-09 01:30:04,150][rest_client.py 48][INFO]: 接口请求的headers参数>>>
{
  "Connection": "keep-alive"
}
[2024-02-09 01:30:04,166][rest_client.py 19][INFO]: 接口返回内容>>>
{
  "code": 1,
  "msg": null,
  "data": {
    "id": 2,
    "userName": "fyx",
    "name": "冯源祥",
    "token": "eyJhbGciOiJIUzI1NiJ9.eyJlbXBJZCI6MiwiZXhwIjoxNzA3NDIwNjA0fQ.jjPBWlK9GsKMLwzrb3hSo-cIFWvJ9sauvSRqca6sTcM"
  }
}
[2024-02-09 01:30:04,195][rest_client.py 39][INFO]: 接口请求的地址>>>http://localhost:8080/admin/employee/login
[2024-02-09 01:30:04,195][rest_client.py 40][INFO]: 接口请求的方法>>>POST
[2024-02-09 01:30:04,196][rest_client.py 44][INFO]: 接口请求的json参数>>>
{
  "username": "cxk",
  "password": 123456
}
[2024-02-09 01:30:04,196][rest_client.py 48][INFO]: 接口请求的headers参数>>>
{
  "Connection": "keep-alive"
}
[2024-02-09 01:30:04,202][rest_client.py 19][INFO]: 接口返回内容>>>
{
  "code": 0,
  "msg": "账号不存在",
  "data": null
}
[2024-02-09 01:30:04,396][rest_client.py 39][INFO]: 接口请求的地址>>>http://localhost:8080/admin/employee/login
[2024-02-09 01:30:04,396][rest_client.py 40][INFO]: 接口请求的方法>>>POST
[2024-02-09 01:30:04,396][rest_client.py 44][INFO]: 接口请求的json参数>>>
{
  "username": "admin",
  "password": 123456
}
[2024-02-09 01:30:04,396][rest_client.py 48][INFO]: 接口请求的headers参数>>>
{
  "Connection": "keep-alive"
}
[2024-02-09 01:30:04,402][rest_client.py 19][INFO]: 接口返回内容>>>
{
  "code": 1,
  "msg": null,
  "data": {
    "id": 1,
    "userName": "admin",
    "name": "管理员",
    "token": "eyJhbGciOiJIUzI1NiJ9.eyJlbXBJZCI6MSwiZXhwIjoxNzA3NDIwNjA0fQ.S_P0R5JN8g3igF1iBW71UK2afzmyvygxe5jG421FH6Q"
  }
}
[2024-02-09 01:30:12,976][rest_client.py 39][INFO]: 接口请求的地址>>>http://localhost:8080/admin/employee/login
[2024-02-09 01:30:12,976][rest_client.py 40][INFO]: 接口请求的方法>>>POST
[2024-02-09 01:30:12,977][rest_client.py 44][INFO]: 接口请求的json参数>>>
{
  "username": "fyx",
  "password": 123456
}
[2024-02-09 01:30:12,977][rest_client.py 48][INFO]: 接口请求的headers参数>>>
{
  "Connection": "keep-alive"
}
[2024-02-09 01:30:12,987][rest_client.py 19][INFO]: 接口返回内容>>>
{
  "code": 1,
  "msg": null,
  "data": {
    "id": 2,
    "userName": "fyx",
    "name": "冯源祥",
    "token": "eyJhbGciOiJIUzI1NiJ9.eyJlbXBJZCI6MiwiZXhwIjoxNzA3NDIwNjEyfQ.WkJu9Ctq9BflIgGowSS8tLfKTvFeA_b9VLYRwU5G7Oc"
  }
}
[2024-02-09 01:30:13,015][rest_client.py 39][INFO]: 接口请求的地址>>>http://localhost:8080/admin/employee/login
[2024-02-09 01:30:13,016][rest_client.py 40][INFO]: 接口请求的方法>>>POST
[2024-02-09 01:30:13,016][rest_client.py 44][INFO]: 接口请求的json参数>>>
{
  "username": "cxk",
  "password": 123456
}
[2024-02-09 01:30:13,016][rest_client.py 48][INFO]: 接口请求的headers参数>>>
{
  "Connection": "keep-alive"
}
[2024-02-09 01:30:13,020][rest_client.py 19][INFO]: 接口返回内容>>>
{
  "code": 0,
  "msg": "账号不存在",
  "data": null
}
[2024-02-09 01:30:13,189][rest_client.py 39][INFO]: 接口请求的地址>>>http://localhost:8080/admin/employee/login
[2024-02-09 01:30:13,189][rest_client.py 40][INFO]: 接口请求的方法>>>POST
[2024-02-09 01:30:13,189][rest_client.py 44][INFO]: 接口请求的json参数>>>
{
  "username": "admin",
  "password": 123456
}
[2024-02-09 01:30:13,190][rest_client.py 48][INFO]: 接口请求的headers参数>>>
{
  "Connection": "keep-alive"
}
[2024-02-09 01:30:13,196][rest_client.py 19][INFO]: 接口返回内容>>>
{
  "code": 1,
  "msg": null,
  "data": {
    "id": 1,
    "userName": "admin",
    "name": "管理员",
    "token": "eyJhbGciOiJIUzI1NiJ9.eyJlbXBJZCI6MSwiZXhwIjoxNzA3NDIwNjEzfQ.ggPJpugXX_s-mB-b3i1WT6dZ24jrT3SdgiC8LPrLVWA"
  }
}
[2024-02-09 01:34:41,852][rest_client.py 39][INFO]: 接口请求的地址>>>http://localhost:8080/admin/employee/2
[2024-02-09 01:34:41,853][rest_client.py 40][INFO]: 接口请求的方法>>>GET
[2024-02-09 01:34:41,854][rest_client.py 48][INFO]: 接口请求的headers参数>>>
{
  "Connection": "keep-alive"
}
[2024-02-09 01:34:55,266][rest_client.py 39][INFO]: 接口请求的地址>>>http://localhost:8080/admin/employee/2
[2024-02-09 01:34:55,267][rest_client.py 40][INFO]: 接口请求的方法>>>GET
[2024-02-09 01:34:55,268][rest_client.py 48][INFO]: 接口请求的headers参数>>>
{
  "Connection": "keep-alive"
}
[2024-02-09 01:41:50,558][rest_client.py 39][INFO]: 接口请求的地址>>>http://localhost:8080/admin/employee/2
[2024-02-09 01:41:50,559][rest_client.py 40][INFO]: 接口请求的方法>>>GET
[2024-02-09 01:41:50,559][rest_client.py 48][INFO]: 接口请求的headers参数>>>
{
  "Connection": "keep-alive",
  "token": "eyJhbGciOiJIUzI1NiJ9.eyJlbXBJZCI6MiwiZXhwIjoxNzA3NDIxMjk0fQ.ZVXTqpap7XTx12NKW09bZuGiLPZpaF9qZ3m6E0pigtM"
}
[2024-02-09 01:41:50,572][rest_client.py 19][INFO]: 接口返回内容>>>
{
  "code": 1,
  "msg": null,
  "data": {
    "id": 2,
    "username": "fyx",
    "name": "冯源祥",
    "password": "******",
    "phone": "17820064773",
    "sex": "1",
    "idNumber": "441423200105160031",
    "status": 1,
    "createTime": "2023-12-26 16:15:59",
    "updateTime": "2024-02-01 00:14:45",
    "createUser": 1,
    "updateUser": 2
  }
}
[2024-02-09 01:43:58,374][rest_client.py 39][INFO]: 接口请求的地址>>>http://localhost:8080/admin/employee/2
[2024-02-09 01:43:58,374][rest_client.py 40][INFO]: 接口请求的方法>>>GET
[2024-02-09 01:43:58,375][rest_client.py 48][INFO]: 接口请求的headers参数>>>
{
  "Connection": "keep-alive",
  "token": "eyJhbGciOiJIUzI1NiJ9.eyJlbXBJZCI6MiwiZXhwIjoxNzA3NDIxNDM4fQ.FuX2rmzHU5TZpMBAS1EWe-RlTyo0mY7tr6wPGgZxDGo"
}
[2024-02-09 01:43:58,382][rest_client.py 19][INFO]: 接口返回内容>>>
{
  "code": 1,
  "msg": null,
  "data": {
    "id": 2,
    "username": "fyx",
    "name": "冯源祥",
    "password": "******",
    "phone": "17820064773",
    "sex": "1",
    "idNumber": "441423200105160031",
    "status": 1,
    "createTime": "2023-12-26 16:15:59",
    "updateTime": "2024-02-01 00:14:45",
    "createUser": 1,
    "updateUser": 2
  }
}
[2024-02-09 01:44:27,997][rest_client.py 39][INFO]: 接口请求的地址>>>http://localhost:8080/admin/employee/2
[2024-02-09 01:44:27,997][rest_client.py 40][INFO]: 接口请求的方法>>>GET
[2024-02-09 01:44:27,997][rest_client.py 48][INFO]: 接口请求的headers参数>>>
{
  "Connection": "keep-alive",
  "token": "eyJhbGciOiJIUzI1NiJ9.eyJlbXBJZCI6MiwiZXhwIjoxNzA3NDIxNDY3fQ.-C_e4ZmHo35bOwp96CVPtTy9Ma6AE2a979CqVJ3wTb8"
}
[2024-02-09 01:44:28,008][rest_client.py 19][INFO]: 接口返回内容>>>
{
  "code": 1,
  "msg": null,
  "data": {
    "id": 2,
    "username": "fyx",
    "name": "冯源祥",
    "password": "******",
    "phone": "17820064773",
    "sex": "1",
    "idNumber": "441423200105160031",
    "status": 1,
    "createTime": "2023-12-26 16:15:59",
    "updateTime": "2024-02-01 00:14:45",
    "createUser": 1,
    "updateUser": 2
  }
}
[2024-02-09 14:59:06,540][rest_client.py 39][INFO]: 接口请求的地址>>>http://localhost:8080/admin/employee/2
[2024-02-09 14:59:06,541][rest_client.py 40][INFO]: 接口请求的方法>>>GET
[2024-02-09 14:59:06,541][rest_client.py 48][INFO]: 接口请求的headers参数>>>
{
  "Connection": "keep-alive",
  "token": "eyJhbGciOiJIUzI1NiJ9.eyJlbXBJZCI6MiwiZXhwIjoxNzA3NDY5MTQ2fQ.Ikbu9PR4cneQzMRsjIRgl9-UXPlxd2ClgLZ8dpo-Xto"
}
[2024-02-09 14:59:06,576][rest_client.py 19][INFO]: 接口返回内容>>>
{
  "code": 1,
  "msg": null,
  "data": {
    "id": 2,
    "username": "fyx",
    "name": "冯源祥",
    "password": "******",
    "phone": "17820064773",
    "sex": "1",
    "idNumber": "441423200105160031",
    "status": 1,
    "createTime": "2023-12-26 16:15:59",
    "updateTime": "2024-02-01 00:14:45",
    "createUser": 1,
    "updateUser": 2
  }
}
[2024-02-09 14:59:55,672][rest_client.py 39][INFO]: 接口请求的地址>>>http://localhost:8080/admin/employee/2
[2024-02-09 14:59:55,672][rest_client.py 40][INFO]: 接口请求的方法>>>GET
[2024-02-09 14:59:55,673][rest_client.py 48][INFO]: 接口请求的headers参数>>>
{
  "Connection": "keep-alive",
  "token": "eyJhbGciOiJIUzI1NiJ9.eyJlbXBJZCI6MiwiZXhwIjoxNzA3NDY5MTk1fQ.N_andN_6k4DvDKHtHbmD2uSC6ZBTHbuFvfgdJuk6bmE"
}
[2024-02-09 14:59:55,684][rest_client.py 19][INFO]: 接口返回内容>>>
{
  "code": 1,
  "msg": null,
  "data": {
    "id": 2,
    "username": "fyx",
    "name": "冯源祥",
    "password": "******",
    "phone": "17820064773",
    "sex": "1",
    "idNumber": "441423200105160031",
    "status": 1,
    "createTime": "2023-12-26 16:15:59",
    "updateTime": "2024-02-01 00:14:45",
    "createUser": 1,
    "updateUser": 2
  }
}
[2024-02-09 15:00:15,860][rest_client.py 39][INFO]: 接口请求的地址>>>http://localhost:8080/admin/employee/2
[2024-02-09 15:00:15,860][rest_client.py 40][INFO]: 接口请求的方法>>>GET
[2024-02-09 15:00:15,861][rest_client.py 48][INFO]: 接口请求的headers参数>>>
{
  "Connection": "keep-alive",
  "token": "eyJhbGciOiJIUzI1NiJ9.eyJlbXBJZCI6MiwiZXhwIjoxNzA3NDY5MjE1fQ.MJUHdoum6jE3FgO28FvlnGFmnanjzp4ZWfdtDhtJYYc"
}
[2024-02-09 15:00:15,870][rest_client.py 19][INFO]: 接口返回内容>>>
{
  "code": 1,
  "msg": null,
  "data": {
    "id": 2,
    "username": "fyx",
    "name": "冯源祥",
    "password": "******",
    "phone": "17820064773",
    "sex": "1",
    "idNumber": "441423200105160031",
    "status": 1,
    "createTime": "2023-12-26 16:15:59",
    "updateTime": "2024-02-01 00:14:45",
    "createUser": 1,
    "updateUser": 2
  }
}
[2024-02-09 15:09:19,405][rest_client.py 39][INFO]: 接口请求的地址>>>http://localhost:8080/admin/employee/login
[2024-02-09 15:09:19,405][rest_client.py 40][INFO]: 接口请求的方法>>>POST
[2024-02-09 15:09:19,405][rest_client.py 44][INFO]: 接口请求的json参数>>>
{
  "username": "fyx",
  "password": 123456
}
[2024-02-09 15:09:19,405][rest_client.py 48][INFO]: 接口请求的headers参数>>>
{
  "Connection": "keep-alive"
}
[2024-02-09 15:09:40,628][rest_client.py 39][INFO]: 接口请求的地址>>>http://localhost:8080/admin/employee/login
[2024-02-09 15:09:40,629][rest_client.py 40][INFO]: 接口请求的方法>>>POST
[2024-02-09 15:09:40,629][rest_client.py 44][INFO]: 接口请求的json参数>>>
{
  "username": "fyx",
  "password": 123456
}
[2024-02-09 15:09:40,629][rest_client.py 48][INFO]: 接口请求的headers参数>>>
{
  "Connection": "keep-alive"
}
[2024-02-09 15:09:40,653][rest_client.py 19][INFO]: 接口返回内容>>>
{
  "code": 1,
  "msg": null,
  "data": {
    "id": 2,
    "userName": "fyx",
    "name": "冯源祥",
    "token": "eyJhbGciOiJIUzI1NiJ9.eyJlbXBJZCI6MiwiZXhwIjoxNzA3NDY5NzgwfQ.5GbEr-E4DX_AL-uG2xeQmKzgy9_FBQGJDxeOVnnoKqg"
  }
}
[2024-02-09 16:08:45,058][rest_client.py 39][INFO]: 接口请求的地址>>>http://localhost:8080/admin/employee/login
[2024-02-09 16:08:45,059][rest_client.py 40][INFO]: 接口请求的方法>>>POST
[2024-02-09 16:08:45,059][rest_client.py 44][INFO]: 接口请求的json参数>>>
{
  "username": "fyx",
  "password": 123456
}
[2024-02-09 16:08:45,059][rest_client.py 48][INFO]: 接口请求的headers参数>>>
{
  "Connection": "keep-alive"
}
[2024-02-09 16:08:45,105][rest_client.py 19][INFO]: 接口返回内容>>>
{
  "code": 1,
  "msg": null,
  "data": {
    "id": 2,
    "userName": "fyx",
    "name": "冯源祥",
    "token": "eyJhbGciOiJIUzI1NiJ9.eyJlbXBJZCI6MiwiZXhwIjoxNzA3NDczMzI1fQ.pgIN7eFzKbpqEYfTMzmnWuY3ykvW2zlT0ZUYxx3gIj4"
  }
}
[2024-02-09 16:10:07,508][rest_client.py 39][INFO]: 接口请求的地址>>>http://localhost:8080/admin/employee/login
[2024-02-09 16:10:07,508][rest_client.py 40][INFO]: 接口请求的方法>>>POST
[2024-02-09 16:10:07,509][rest_client.py 44][INFO]: 接口请求的json参数>>>
{
  "username": "fyx",
  "password": 123456
}
[2024-02-09 16:10:07,509][rest_client.py 48][INFO]: 接口请求的headers参数>>>
{
  "Connection": "keep-alive"
}
[2024-02-09 16:10:07,525][rest_client.py 19][INFO]: 接口返回内容>>>
{
  "code": 1,
  "msg": null,
  "data": {
    "id": 2,
    "userName": "fyx",
    "name": "冯源祥",
    "token": "eyJhbGciOiJIUzI1NiJ9.eyJlbXBJZCI6MiwiZXhwIjoxNzA3NDczNDA3fQ.3avq_ANOzxAtoy_UYpVtiDnSABgmEVCarXt2MJKLlV8"
  }
}
[2024-02-09 16:10:31,471][rest_client.py 39][INFO]: 接口请求的地址>>>http://localhost:8080/admin/employee/login
[2024-02-09 16:10:31,471][rest_client.py 40][INFO]: 接口请求的方法>>>POST
[2024-02-09 16:10:31,471][rest_client.py 44][INFO]: 接口请求的json参数>>>
{
  "username": "fyx",
  "password": 123456
}
[2024-02-09 16:10:31,472][rest_client.py 48][INFO]: 接口请求的headers参数>>>
{
  "Connection": "keep-alive"
}
[2024-02-09 16:10:31,489][rest_client.py 19][INFO]: 接口返回内容>>>
{
  "code": 1,
  "msg": null,
  "data": {
    "id": 2,
    "userName": "fyx",
    "name": "冯源祥",
    "token": "eyJhbGciOiJIUzI1NiJ9.eyJlbXBJZCI6MiwiZXhwIjoxNzA3NDczNDMxfQ.wVuS4ggpg2xEZxJBTMJCjn0WeXzUoV6www_UE6YyofU"
  }
}
[2024-02-09 16:11:49,889][rest_client.py 39][INFO]: 接口请求的地址>>>http://localhost:8080/admin/employee/login
[2024-02-09 16:11:49,891][rest_client.py 40][INFO]: 接口请求的方法>>>POST
[2024-02-09 16:11:49,892][rest_client.py 44][INFO]: 接口请求的json参数>>>
{
  "username": "fyx",
  "password": 123456
}
[2024-02-09 16:11:49,893][rest_client.py 48][INFO]: 接口请求的headers参数>>>
{
  "Connection": "keep-alive"
}
[2024-02-09 16:11:49,918][rest_client.py 19][INFO]: 接口返回内容>>>
{
  "code": 1,
  "msg": null,
  "data": {
    "id": 2,
    "userName": "fyx",
    "name": "冯源祥",
    "token": "eyJhbGciOiJIUzI1NiJ9.eyJlbXBJZCI6MiwiZXhwIjoxNzA3NDczNTA5fQ.2xUHj6zMeJfoQE1SUOf6shJkk6TSPDmt8VejS4e5InE"
  }
}
[2024-02-09 16:13:06,206][rest_client.py 39][INFO]: 接口请求的地址>>>http://localhost:8080/admin/employee/login
[2024-02-09 16:13:06,208][rest_client.py 40][INFO]: 接口请求的方法>>>POST
[2024-02-09 16:13:06,209][rest_client.py 44][INFO]: 接口请求的json参数>>>
{
  "username": "fyx",
  "password": 123456
}
[2024-02-09 16:13:06,209][rest_client.py 48][INFO]: 接口请求的headers参数>>>
{
  "Connection": "keep-alive"
}
[2024-02-09 16:13:06,235][rest_client.py 19][INFO]: 接口返回内容>>>
{
  "code": 1,
  "msg": null,
  "data": {
    "id": 2,
    "userName": "fyx",
    "name": "冯源祥",
    "token": "eyJhbGciOiJIUzI1NiJ9.eyJlbXBJZCI6MiwiZXhwIjoxNzA3NDczNTg2fQ.PxMHI3do5nIKD1wh5pUVV0oLCi9D4Vp3mwgqiDcBgzY"
  }
}
[2024-02-09 16:13:20,847][rest_client.py 39][INFO]: 接口请求的地址>>>http://localhost:8080/admin/employee/login
[2024-02-09 16:13:20,847][rest_client.py 40][INFO]: 接口请求的方法>>>POST
[2024-02-09 16:13:20,848][rest_client.py 44][INFO]: 接口请求的json参数>>>
{
  "username": "fyx",
  "password": 123456
}
[2024-02-09 16:13:20,848][rest_client.py 48][INFO]: 接口请求的headers参数>>>
{
  "Connection": "keep-alive"
}
[2024-02-09 16:13:20,867][rest_client.py 19][INFO]: 接口返回内容>>>
{
  "code": 1,
  "msg": null,
  "data": {
    "id": 2,
    "userName": "fyx",
    "name": "冯源祥",
    "token": "eyJhbGciOiJIUzI1NiJ9.eyJlbXBJZCI6MiwiZXhwIjoxNzA3NDczNjAwfQ.QfOxLXy0RSWQlqlPT9DsmBaJGDJQMOQFUj92s0q4Pp8"
  }
}
[2024-02-09 16:16:39,948][rest_client.py 39][INFO]: 接口请求的地址>>>http://localhost:8080/admin/employee/login
[2024-02-09 16:16:39,949][rest_client.py 40][INFO]: 接口请求的方法>>>POST
[2024-02-09 16:16:39,949][rest_client.py 44][INFO]: 接口请求的json参数>>>
{
  "username": "fyx",
  "password": 123456
}
[2024-02-09 16:16:39,949][rest_client.py 48][INFO]: 接口请求的headers参数>>>
{
  "Connection": "keep-alive"
}
[2024-02-09 16:16:39,971][rest_client.py 19][INFO]: 接口返回内容>>>
{
  "code": 1,
  "msg": null,
  "data": {
    "id": 2,
    "userName": "fyx",
    "name": "冯源祥",
    "token": "eyJhbGciOiJIUzI1NiJ9.eyJlbXBJZCI6MiwiZXhwIjoxNzA3NDczNzk5fQ.lCkPYC2UcTC662hEOWykicxOsEZQ7EjX_lSigPvsOys"
  }
}
[2024-02-09 16:16:45,479][rest_client.py 39][INFO]: 接口请求的地址>>>http://localhost:8080/admin/employee/login
[2024-02-09 16:16:45,479][rest_client.py 40][INFO]: 接口请求的方法>>>POST
[2024-02-09 16:16:45,479][rest_client.py 44][INFO]: 接口请求的json参数>>>
{
  "username": "fyx",
  "password": 123456
}
[2024-02-09 16:16:45,479][rest_client.py 48][INFO]: 接口请求的headers参数>>>
{
  "Connection": "keep-alive"
}
[2024-02-09 16:16:45,494][rest_client.py 19][INFO]: 接口返回内容>>>
{
  "code": 1,
  "msg": null,
  "data": {
    "id": 2,
    "userName": "fyx",
    "name": "冯源祥",
    "token": "eyJhbGciOiJIUzI1NiJ9.eyJlbXBJZCI6MiwiZXhwIjoxNzA3NDczODA1fQ.ERaI-WhOzB3yf041Rl1pSvPYX-ihWwz2eIro1FRaGbM"
  }
}
[2024-02-09 16:21:10,468][rest_client.py 39][INFO]: 接口请求的地址>>>http://localhost:8080/admin/employee/login
[2024-02-09 16:21:10,468][rest_client.py 40][INFO]: 接口请求的方法>>>POST
[2024-02-09 16:21:10,469][rest_client.py 44][INFO]: 接口请求的json参数>>>
{
  "username": "fyx",
  "password": 123456
}
[2024-02-09 16:21:10,469][rest_client.py 48][INFO]: 接口请求的headers参数>>>
{
  "Connection": "keep-alive"
}
[2024-02-09 16:21:10,491][rest_client.py 19][INFO]: 接口返回内容>>>
{
  "code": 1,
  "msg": null,
  "data": {
    "id": 2,
    "userName": "fyx",
    "name": "冯源祥",
    "token": "eyJhbGciOiJIUzI1NiJ9.eyJlbXBJZCI6MiwiZXhwIjoxNzA3NDc0MDcwfQ.b_S_hjjCLJRC4zfd4f1CqG3WpwGbviICfrnpVdpOL9A"
  }
}
[2024-02-09 16:21:15,280][rest_client.py 39][INFO]: 接口请求的地址>>>http://localhost:8080/admin/employee/login
[2024-02-09 16:21:15,280][rest_client.py 40][INFO]: 接口请求的方法>>>POST
[2024-02-09 16:21:15,280][rest_client.py 44][INFO]: 接口请求的json参数>>>
{
  "username": "fyx",
  "password": 123456
}
[2024-02-09 16:21:15,280][rest_client.py 48][INFO]: 接口请求的headers参数>>>
{
  "Connection": "keep-alive"
}
[2024-02-09 16:21:15,295][rest_client.py 19][INFO]: 接口返回内容>>>
{
  "code": 1,
  "msg": null,
  "data": {
    "id": 2,
    "userName": "fyx",
    "name": "冯源祥",
    "token": "eyJhbGciOiJIUzI1NiJ9.eyJlbXBJZCI6MiwiZXhwIjoxNzA3NDc0MDc1fQ.3Vt-xVwQg8nWTDxAYRGcKUkT0FGZ98wV7cXHK0r9s9w"
  }
}
[2024-02-09 16:22:03,909][rest_client.py 39][INFO]: 接口请求的地址>>>http://localhost:8080/admin/employee/login
[2024-02-09 16:22:03,909][rest_client.py 40][INFO]: 接口请求的方法>>>POST
[2024-02-09 16:22:03,911][rest_client.py 44][INFO]: 接口请求的json参数>>>
{
  "username": "fyx",
  "password": 123456
}
[2024-02-09 16:22:03,912][rest_client.py 48][INFO]: 接口请求的headers参数>>>
{
  "Connection": "keep-alive"
}
[2024-02-09 16:22:03,935][rest_client.py 19][INFO]: 接口返回内容>>>
{
  "code": 1,
  "msg": null,
  "data": {
    "id": 2,
    "userName": "fyx",
    "name": "冯源祥",
    "token": "eyJhbGciOiJIUzI1NiJ9.eyJlbXBJZCI6MiwiZXhwIjoxNzA3NDc0MTIzfQ.1UznrvBhIV05Yx9IeUsrZUfCjkh0tG1umq2foyp1stU"
  }
}
[2024-02-09 17:35:41,931][rest_client.py 39][INFO]: 接口请求的地址>>>http://localhost:8080/admin/employee/2
[2024-02-09 17:35:41,931][rest_client.py 40][INFO]: 接口请求的方法>>>GET
[2024-02-09 17:35:41,932][rest_client.py 48][INFO]: 接口请求的headers参数>>>
{
  "Connection": "keep-alive"
}
[2024-02-09 17:36:06,002][rest_client.py 39][INFO]: 接口请求的地址>>>http://localhost:8080/admin/employee/2
[2024-02-09 17:36:06,003][rest_client.py 40][INFO]: 接口请求的方法>>>GET
[2024-02-09 17:36:06,004][rest_client.py 48][INFO]: 接口请求的headers参数>>>
{
  "Connection": "keep-alive"
}
[2024-02-09 17:36:53,123][rest_client.py 39][INFO]: 接口请求的地址>>>http://localhost:8080/admin/employee/2
[2024-02-09 17:36:53,124][rest_client.py 40][INFO]: 接口请求的方法>>>GET
[2024-02-09 17:36:53,125][rest_client.py 48][INFO]: 接口请求的headers参数>>>
{
  "Connection": "keep-alive",
  "token": "eyJhbGciOiJIUzI1NiJ9.eyJlbXBJZCI6MiwiZXhwIjoxNzA3NDc4NjA5fQ.VBqA9uAcxcNmZn1Kd-sUk5BlHBF3kcfOPpwtJAUW_X4"
}
[2024-02-09 17:36:53,141][rest_client.py 19][INFO]: 接口返回内容>>>
{
  "code": 1,
  "msg": null,
  "data": {
    "id": 2,
    "username": "fyx",
    "name": "冯源祥",
    "password": "******",
    "phone": "17820064773",
    "sex": "1",
    "idNumber": "441423200105160031",
    "status": 1,
    "createTime": "2023-12-26 16:15:59",
    "updateTime": "2024-02-01 00:14:45",
    "createUser": 1,
    "updateUser": 2
  }
}
[2024-02-09 17:38:13,899][rest_client.py 39][INFO]: 接口请求的地址>>>http://localhost:8080/admin/employee/2
[2024-02-09 17:38:13,899][rest_client.py 40][INFO]: 接口请求的方法>>>GET
[2024-02-09 17:38:13,900][rest_client.py 48][INFO]: 接口请求的headers参数>>>
{
  "Connection": "keep-alive"
}
[2024-02-09 17:39:35,706][rest_client.py 39][INFO]: 接口请求的地址>>>http://localhost:8080/admin/employee/login
[2024-02-09 17:39:35,706][rest_client.py 40][INFO]: 接口请求的方法>>>POST
[2024-02-09 17:39:35,706][rest_client.py 44][INFO]: 接口请求的json参数>>>
{
  "username": "fyx",
  "password": 123456
}
[2024-02-09 17:39:35,706][rest_client.py 48][INFO]: 接口请求的headers参数>>>
{
  "Connection": "keep-alive"
}
[2024-02-09 17:39:35,727][rest_client.py 19][INFO]: 接口返回内容>>>
{
  "code": 1,
  "msg": null,
  "data": {
    "id": 2,
    "userName": "fyx",
    "name": "冯源祥",
    "token": "eyJhbGciOiJIUzI1NiJ9.eyJlbXBJZCI6MiwiZXhwIjoxNzA3NDc4Nzc1fQ.r3YeKZaLGqGgbmBxswMzgFQjWJfHYsb-kujwDUHxFTs"
  }
}
[2024-02-09 17:39:45,989][rest_client.py 39][INFO]: 接口请求的地址>>>http://localhost:8080/admin/employee/login
[2024-02-09 17:39:45,989][rest_client.py 40][INFO]: 接口请求的方法>>>POST
[2024-02-09 17:39:45,989][rest_client.py 44][INFO]: 接口请求的json参数>>>
{
  "username": "fyx",
  "password": 123456
}
[2024-02-09 17:39:45,989][rest_client.py 48][INFO]: 接口请求的headers参数>>>
{
  "Connection": "keep-alive"
}
[2024-02-09 17:39:46,003][rest_client.py 19][INFO]: 接口返回内容>>>
{
  "code": 1,
  "msg": null,
  "data": {
    "id": 2,
    "userName": "fyx",
    "name": "冯源祥",
    "token": "eyJhbGciOiJIUzI1NiJ9.eyJlbXBJZCI6MiwiZXhwIjoxNzA3NDc4Nzg2fQ.3Kji6TxijQmTkKOgCHcNhGk_gxaUwAiI4Y6Wb1WIrSo"
  }
}
[2024-02-09 17:42:27,763][rest_client.py 39][INFO]: 接口请求的地址>>>http://localhost:8080/admin/employee/login
[2024-02-09 17:42:27,763][rest_client.py 40][INFO]: 接口请求的方法>>>POST
[2024-02-09 17:42:27,764][rest_client.py 44][INFO]: 接口请求的json参数>>>
{
  "username": "fyx",
  "password": 123456
}
[2024-02-09 17:42:27,764][rest_client.py 48][INFO]: 接口请求的headers参数>>>
{
  "Connection": "keep-alive"
}
[2024-02-09 17:42:27,782][rest_client.py 19][INFO]: 接口返回内容>>>
{
  "code": 1,
  "msg": null,
  "data": {
    "id": 2,
    "userName": "fyx",
    "name": "冯源祥",
    "token": "eyJhbGciOiJIUzI1NiJ9.eyJlbXBJZCI6MiwiZXhwIjoxNzA3NDc4OTQ3fQ.XGBCHVH90jBNLO3ofJZHijIx3s-CoD7PtIeH72tZP24"
  }
}
[2024-02-09 17:43:33,094][rest_client.py 39][INFO]: 接口请求的地址>>>http://localhost:8080/admin/employee/2
[2024-02-09 17:43:33,094][rest_client.py 40][INFO]: 接口请求的方法>>>GET
[2024-02-09 17:43:33,094][rest_client.py 48][INFO]: 接口请求的headers参数>>>
{
  "Connection": "keep-alive"
}
[2024-02-09 17:44:20,769][rest_client.py 39][INFO]: 接口请求的地址>>>http://localhost:8080/admin/employee/2
[2024-02-09 17:44:20,770][rest_client.py 40][INFO]: 接口请求的方法>>>GET
[2024-02-09 17:44:20,770][rest_client.py 48][INFO]: 接口请求的headers参数>>>
{
  "Connection": "keep-alive"
}
[2024-02-09 17:44:42,845][rest_client.py 39][INFO]: 接口请求的地址>>>http://localhost:8080/admin/employee/login
[2024-02-09 17:44:42,845][rest_client.py 40][INFO]: 接口请求的方法>>>POST
[2024-02-09 17:44:42,845][rest_client.py 44][INFO]: 接口请求的json参数>>>
{
  "username": "fyx",
  "password": 123456
}
[2024-02-09 17:44:42,845][rest_client.py 48][INFO]: 接口请求的headers参数>>>
{
  "Connection": "keep-alive"
}
[2024-02-09 17:44:42,864][rest_client.py 19][INFO]: 接口返回内容>>>
{
  "code": 1,
  "msg": null,
  "data": {
    "id": 2,
    "userName": "fyx",
    "name": "冯源祥",
    "token": "eyJhbGciOiJIUzI1NiJ9.eyJlbXBJZCI6MiwiZXhwIjoxNzA3NDc5MDgyfQ.M2anWXCUfD53V8Ot4LOoJf6Bk89P9XKviZ80mW5dV4U"
  }
}
[2024-02-09 17:45:03,672][rest_client.py 39][INFO]: 接口请求的地址>>>http://localhost:8080/admin/employee/login
[2024-02-09 17:45:03,673][rest_client.py 40][INFO]: 接口请求的方法>>>POST
[2024-02-09 17:45:03,673][rest_client.py 44][INFO]: 接口请求的json参数>>>
{
  "username": "fyx",
  "password": 123456
}
[2024-02-09 17:45:03,673][rest_client.py 48][INFO]: 接口请求的headers参数>>>
{
  "Connection": "keep-alive"
}
[2024-02-09 17:45:03,687][rest_client.py 19][INFO]: 接口返回内容>>>
{
  "code": 1,
  "msg": null,
  "data": {
    "id": 2,
    "userName": "fyx",
    "name": "冯源祥",
    "token": "eyJhbGciOiJIUzI1NiJ9.eyJlbXBJZCI6MiwiZXhwIjoxNzA3NDc5MTAzfQ.968fXMGaGmEomZhaXa4Lgzi96jvegPXunPrS5Y9whfI"
  }
}
[2024-02-09 17:45:29,504][rest_client.py 39][INFO]: 接口请求的地址>>>http://localhost:8080/admin/employee/login
[2024-02-09 17:45:29,504][rest_client.py 40][INFO]: 接口请求的方法>>>POST
[2024-02-09 17:45:29,505][rest_client.py 44][INFO]: 接口请求的json参数>>>
{
  "username": "fyx",
  "password": 123456
}
[2024-02-09 17:45:29,505][rest_client.py 48][INFO]: 接口请求的headers参数>>>
{
  "Connection": "keep-alive"
}
[2024-02-09 17:45:29,518][rest_client.py 19][INFO]: 接口返回内容>>>
{
  "code": 1,
  "msg": null,
  "data": {
    "id": 2,
    "userName": "fyx",
    "name": "冯源祥",
    "token": "eyJhbGciOiJIUzI1NiJ9.eyJlbXBJZCI6MiwiZXhwIjoxNzA3NDc5MTI5fQ.7YyQXRh968P2t8q4dTkfqA9zVIWanFgGGtHavv9wK_E"
  }
}
[2024-02-09 17:45:33,901][rest_client.py 39][INFO]: 接口请求的地址>>>http://localhost:8080/admin/employee/2
[2024-02-09 17:45:33,902][rest_client.py 40][INFO]: 接口请求的方法>>>GET
[2024-02-09 17:45:33,902][rest_client.py 48][INFO]: 接口请求的headers参数>>>
{
  "Connection": "keep-alive"
}
[2024-02-09 17:46:02,935][rest_client.py 39][INFO]: 接口请求的地址>>>http://localhost:8080/admin/employee/2
[2024-02-09 17:46:02,935][rest_client.py 40][INFO]: 接口请求的方法>>>GET
[2024-02-09 17:46:02,936][rest_client.py 48][INFO]: 接口请求的headers参数>>>
{
  "Connection": "keep-alive"
}
[2024-02-09 17:47:11,248][rest_client.py 39][INFO]: 接口请求的地址>>>http://localhost:8080/admin/employee/2
[2024-02-09 17:47:11,249][rest_client.py 40][INFO]: 接口请求的方法>>>GET
[2024-02-09 17:47:11,249][rest_client.py 48][INFO]: 接口请求的headers参数>>>
{
  "Connection": "keep-alive",
  "token": "eyJhbGciOiJIUzI1NiJ9.eyJlbXBJZCI6MiwiZXhwIjoxNzA3NDc5MTI5fQ.7YyQXRh968P2t8q4dTkfqA9zVIWanFgGGtHavv9wK_E"
}
[2024-02-09 17:47:11,270][rest_client.py 19][INFO]: 接口返回内容>>>
{
  "code": 1,
  "msg": null,
  "data": {
    "id": 2,
    "username": "fyx",
    "name": "冯源祥",
    "password": "******",
    "phone": "17820064773",
    "sex": "1",
    "idNumber": "441423200105160031",
    "status": 1,
    "createTime": "2023-12-26 16:15:59",
    "updateTime": "2024-02-01 00:14:45",
    "createUser": 1,
    "updateUser": 2
  }
}
[2024-02-09 17:50:46,963][rest_client.py 39][INFO]: 接口请求的地址>>>http://localhost:8080/admin/employee/login
[2024-02-09 17:50:46,964][rest_client.py 40][INFO]: 接口请求的方法>>>POST
[2024-02-09 17:50:46,964][rest_client.py 44][INFO]: 接口请求的json参数>>>
{
  "username": "fyx",
  "password": 123456
}
[2024-02-09 17:50:46,964][rest_client.py 48][INFO]: 接口请求的headers参数>>>
{
  "Connection": "keep-alive"
}
[2024-02-09 17:50:46,976][rest_client.py 19][INFO]: 接口返回内容>>>
{
  "code": 1,
  "msg": null,
  "data": {
    "id": 2,
    "userName": "fyx",
    "name": "冯源祥",
    "token": "eyJhbGciOiJIUzI1NiJ9.eyJlbXBJZCI6MiwiZXhwIjoxNzA3NDc5NDQ2fQ.XgKGTiWKt_9BzRD3Z20cD6cISDgHsknh2xPkdOJ5Igg"
  }
}
[2024-02-09 17:50:47,005][rest_client.py 39][INFO]: 接口请求的地址>>>http://localhost:8080/admin/employee/login
[2024-02-09 17:50:47,005][rest_client.py 40][INFO]: 接口请求的方法>>>POST
[2024-02-09 17:50:47,005][rest_client.py 44][INFO]: 接口请求的json参数>>>
{
  "username": "cxk",
  "password": 123456
}
[2024-02-09 17:50:47,005][rest_client.py 48][INFO]: 接口请求的headers参数>>>
{
  "Connection": "keep-alive"
}
[2024-02-09 17:50:47,042][rest_client.py 19][INFO]: 接口返回内容>>>
{
  "code": 0,
  "msg": "账号不存在",
  "data": null
}
[2024-02-09 17:50:47,250][rest_client.py 39][INFO]: 接口请求的地址>>>http://localhost:8080/admin/employee/login
[2024-02-09 17:50:47,250][rest_client.py 40][INFO]: 接口请求的方法>>>POST
[2024-02-09 17:50:47,250][rest_client.py 44][INFO]: 接口请求的json参数>>>
{
  "username": "admin",
  "password": 123456
}
[2024-02-09 17:50:47,250][rest_client.py 48][INFO]: 接口请求的headers参数>>>
{
  "Connection": "keep-alive"
}
[2024-02-09 17:50:47,257][rest_client.py 19][INFO]: 接口返回内容>>>
{
  "code": 1,
  "msg": null,
  "data": {
    "id": 1,
    "userName": "admin",
    "name": "管理员",
    "token": "eyJhbGciOiJIUzI1NiJ9.eyJlbXBJZCI6MSwiZXhwIjoxNzA3NDc5NDQ3fQ.IHD9GMxbDoUBm9FLEJaI9ziv6Wb798omcEn6hXaFXxU"
  }
}
[2024-02-09 17:51:08,350][rest_client.py 39][INFO]: 接口请求的地址>>>http://localhost:8080/admin/employee/login
[2024-02-09 17:51:08,350][rest_client.py 40][INFO]: 接口请求的方法>>>POST
[2024-02-09 17:51:08,351][rest_client.py 44][INFO]: 接口请求的json参数>>>
{
  "username": "fyx",
  "password": 123456
}
[2024-02-09 17:51:08,351][rest_client.py 48][INFO]: 接口请求的headers参数>>>
{
  "Connection": "keep-alive"
}
[2024-02-09 17:51:08,366][rest_client.py 19][INFO]: 接口返回内容>>>
{
  "code": 1,
  "msg": null,
  "data": {
    "id": 2,
    "userName": "fyx",
    "name": "冯源祥",
    "token": "eyJhbGciOiJIUzI1NiJ9.eyJlbXBJZCI6MiwiZXhwIjoxNzA3NDc5NDY4fQ.mMgeM6mPpGIvYO93GK3jBfxUNTgfLOt8t6OkFOWbSbk"
  }
}
[2024-02-09 17:51:08,373][rest_client.py 39][INFO]: 接口请求的地址>>>http://localhost:8080/admin/employee/login
[2024-02-09 17:51:08,374][rest_client.py 40][INFO]: 接口请求的方法>>>POST
[2024-02-09 17:51:08,374][rest_client.py 44][INFO]: 接口请求的json参数>>>
{
  "username": "cxk",
  "password": 123456
}
[2024-02-09 17:51:08,374][rest_client.py 48][INFO]: 接口请求的headers参数>>>
{
  "Connection": "keep-alive"
}
[2024-02-09 17:51:08,382][rest_client.py 19][INFO]: 接口返回内容>>>
{
  "code": 0,
  "msg": "账号不存在",
  "data": null
}
[2024-02-09 17:51:08,588][rest_client.py 39][INFO]: 接口请求的地址>>>http://localhost:8080/admin/employee/login
[2024-02-09 17:51:08,589][rest_client.py 40][INFO]: 接口请求的方法>>>POST
[2024-02-09 17:51:08,589][rest_client.py 44][INFO]: 接口请求的json参数>>>
{
  "username": "admin",
  "password": 123456
}
[2024-02-09 17:51:08,589][rest_client.py 48][INFO]: 接口请求的headers参数>>>
{
  "Connection": "keep-alive"
}
[2024-02-09 17:51:08,598][rest_client.py 19][INFO]: 接口返回内容>>>
{
  "code": 1,
  "msg": null,
  "data": {
    "id": 1,
    "userName": "admin",
    "name": "管理员",
    "token": "eyJhbGciOiJIUzI1NiJ9.eyJlbXBJZCI6MSwiZXhwIjoxNzA3NDc5NDY4fQ.oOM9iFTRwNe1zTf1OV7Mh5Zh6FD7WGd4gOeAfgQgybY"
  }
}
[2024-02-09 17:51:45,584][rest_client.py 39][INFO]: 接口请求的地址>>>http://localhost:8080/admin/employee/login
[2024-02-09 17:51:45,585][rest_client.py 40][INFO]: 接口请求的方法>>>POST
[2024-02-09 17:51:45,586][rest_client.py 44][INFO]: 接口请求的json参数>>>
{
  "username": "fyx",
  "password": 123456
}
[2024-02-09 17:51:45,586][rest_client.py 48][INFO]: 接口请求的headers参数>>>
{
  "Connection": "keep-alive"
}
[2024-02-09 17:51:45,603][rest_client.py 19][INFO]: 接口返回内容>>>
{
  "code": 1,
  "msg": null,
  "data": {
    "id": 2,
    "userName": "fyx",
    "name": "冯源祥",
    "token": "eyJhbGciOiJIUzI1NiJ9.eyJlbXBJZCI6MiwiZXhwIjoxNzA3NDc5NTA1fQ.GR3x6FMUfxNUcrL1cei-zveuOZnvSmNFkOTha8mOIhw"
  }
}
[2024-02-09 17:51:45,615][rest_client.py 39][INFO]: 接口请求的地址>>>http://localhost:8080/admin/employee/login
[2024-02-09 17:51:45,615][rest_client.py 40][INFO]: 接口请求的方法>>>POST
[2024-02-09 17:51:45,615][rest_client.py 44][INFO]: 接口请求的json参数>>>
{
  "username": "cxk",
  "password": 123456
}
[2024-02-09 17:51:45,616][rest_client.py 48][INFO]: 接口请求的headers参数>>>
{
  "Connection": "keep-alive"
}
[2024-02-09 17:51:45,623][rest_client.py 19][INFO]: 接口返回内容>>>
{
  "code": 0,
  "msg": "账号不存在",
  "data": null
}
[2024-02-09 17:51:45,940][rest_client.py 39][INFO]: 接口请求的地址>>>http://localhost:8080/admin/employee/login
[2024-02-09 17:51:45,941][rest_client.py 40][INFO]: 接口请求的方法>>>POST
[2024-02-09 17:51:45,941][rest_client.py 44][INFO]: 接口请求的json参数>>>
{
  "username": "admin",
  "password": 123456
}
[2024-02-09 17:51:45,942][rest_client.py 48][INFO]: 接口请求的headers参数>>>
{
  "Connection": "keep-alive"
}
[2024-02-09 17:51:45,949][rest_client.py 19][INFO]: 接口返回内容>>>
{
  "code": 1,
  "msg": null,
  "data": {
    "id": 1,
    "userName": "admin",
    "name": "管理员",
    "token": "eyJhbGciOiJIUzI1NiJ9.eyJlbXBJZCI6MSwiZXhwIjoxNzA3NDc5NTA1fQ.4PpL9syXa97X_qDDR4STy4nCgAzsArQAlSql-4GNdiM"
  }
}
[2024-02-09 17:51:54,966][rest_client.py 39][INFO]: 接口请求的地址>>>http://localhost:8080/admin/employee/login
[2024-02-09 17:51:54,967][rest_client.py 40][INFO]: 接口请求的方法>>>POST
[2024-02-09 17:51:54,968][rest_client.py 44][INFO]: 接口请求的json参数>>>
{
  "username": "fyx",
  "password": 123456
}
[2024-02-09 17:51:54,968][rest_client.py 48][INFO]: 接口请求的headers参数>>>
{
  "Connection": "keep-alive"
}
[2024-02-09 17:51:54,984][rest_client.py 19][INFO]: 接口返回内容>>>
{
  "code": 1,
  "msg": null,
  "data": {
    "id": 2,
    "userName": "fyx",
    "name": "冯源祥",
    "token": "eyJhbGciOiJIUzI1NiJ9.eyJlbXBJZCI6MiwiZXhwIjoxNzA3NDc5NTE0fQ.6lx2fQh14sZBxOLDJ3ycdMWid1qNJxq8qe_-SVaQ6Bg"
  }
}
[2024-02-09 17:51:55,022][rest_client.py 39][INFO]: 接口请求的地址>>>http://localhost:8080/admin/employee/login
[2024-02-09 17:51:55,023][rest_client.py 40][INFO]: 接口请求的方法>>>POST
[2024-02-09 17:51:55,024][rest_client.py 44][INFO]: 接口请求的json参数>>>
{
  "username": "cxk",
  "password": 123456
}
[2024-02-09 17:51:55,024][rest_client.py 48][INFO]: 接口请求的headers参数>>>
{
  "Connection": "keep-alive"
}
[2024-02-09 17:51:55,034][rest_client.py 19][INFO]: 接口返回内容>>>
{
  "code": 0,
  "msg": "账号不存在",
  "data": null
}
[2024-02-09 17:51:55,322][rest_client.py 39][INFO]: 接口请求的地址>>>http://localhost:8080/admin/employee/login
[2024-02-09 17:51:55,323][rest_client.py 40][INFO]: 接口请求的方法>>>POST
[2024-02-09 17:51:55,323][rest_client.py 44][INFO]: 接口请求的json参数>>>
{
  "username": "admin",
  "password": 123456
}
[2024-02-09 17:51:55,323][rest_client.py 48][INFO]: 接口请求的headers参数>>>
{
  "Connection": "keep-alive"
}
[2024-02-09 17:51:55,332][rest_client.py 19][INFO]: 接口返回内容>>>
{
  "code": 1,
  "msg": null,
  "data": {
    "id": 1,
    "userName": "admin",
    "name": "管理员",
    "token": "eyJhbGciOiJIUzI1NiJ9.eyJlbXBJZCI6MSwiZXhwIjoxNzA3NDc5NTE1fQ.CSh9A5LwWBSIwnqpSjY30s7d6l7t9opvFMy2Rm3FcyY"
  }
}
[2024-02-09 17:52:59,031][rest_client.py 39][INFO]: 接口请求的地址>>>http://localhost:8080/admin/employee/login
[2024-02-09 17:52:59,032][rest_client.py 40][INFO]: 接口请求的方法>>>POST
[2024-02-09 17:52:59,032][rest_client.py 44][INFO]: 接口请求的json参数>>>
{
  "username": "fyx",
  "password": 123456
}
[2024-02-09 17:52:59,032][rest_client.py 48][INFO]: 接口请求的headers参数>>>
{
  "Connection": "keep-alive"
}
[2024-02-09 17:52:59,050][rest_client.py 19][INFO]: 接口返回内容>>>
{
  "code": 1,
  "msg": null,
  "data": {
    "id": 2,
    "userName": "fyx",
    "name": "冯源祥",
    "token": "eyJhbGciOiJIUzI1NiJ9.eyJlbXBJZCI6MiwiZXhwIjoxNzA3NDc5NTc5fQ.ZYB4OC7BIFCtyvisHDzuAavA5fxQZwPY9Jg0ryDAdJ8"
  }
}
[2024-02-09 17:52:59,079][rest_client.py 39][INFO]: 接口请求的地址>>>http://localhost:8080/admin/employee/login
[2024-02-09 17:52:59,079][rest_client.py 40][INFO]: 接口请求的方法>>>POST
[2024-02-09 17:52:59,079][rest_client.py 44][INFO]: 接口请求的json参数>>>
{
  "username": "cxk",
  "password": 123456
}
[2024-02-09 17:52:59,079][rest_client.py 48][INFO]: 接口请求的headers参数>>>
{
  "Connection": "keep-alive"
}
[2024-02-09 17:52:59,085][rest_client.py 19][INFO]: 接口返回内容>>>
{
  "code": 0,
  "msg": "账号不存在",
  "data": null
}
[2024-02-09 17:52:59,255][rest_client.py 39][INFO]: 接口请求的地址>>>http://localhost:8080/admin/employee/login
[2024-02-09 17:52:59,256][rest_client.py 40][INFO]: 接口请求的方法>>>POST
[2024-02-09 17:52:59,256][rest_client.py 44][INFO]: 接口请求的json参数>>>
{
  "username": "admin",
  "password": 123456
}
[2024-02-09 17:52:59,256][rest_client.py 48][INFO]: 接口请求的headers参数>>>
{
  "Connection": "keep-alive"
}
[2024-02-09 17:52:59,265][rest_client.py 19][INFO]: 接口返回内容>>>
{
  "code": 1,
  "msg": null,
  "data": {
    "id": 1,
    "userName": "admin",
    "name": "管理员",
    "token": "eyJhbGciOiJIUzI1NiJ9.eyJlbXBJZCI6MSwiZXhwIjoxNzA3NDc5NTc5fQ.PJH4WazRm7uC9Zj5FMsLt7laW3zZDD2q1B8REb8KqOA"
  }
}
[2024-02-09 17:53:15,222][rest_client.py 39][INFO]: 接口请求的地址>>>http://localhost:8080/admin/employee/login
[2024-02-09 17:53:15,222][rest_client.py 40][INFO]: 接口请求的方法>>>POST
[2024-02-09 17:53:15,223][rest_client.py 44][INFO]: 接口请求的json参数>>>
{
  "username": "fyx",
  "password": 123456
}
[2024-02-09 17:53:15,223][rest_client.py 48][INFO]: 接口请求的headers参数>>>
{
  "Connection": "keep-alive"
}
[2024-02-09 17:53:15,237][rest_client.py 19][INFO]: 接口返回内容>>>
{
  "code": 1,
  "msg": null,
  "data": {
    "id": 2,
    "userName": "fyx",
    "name": "冯源祥",
    "token": "eyJhbGciOiJIUzI1NiJ9.eyJlbXBJZCI6MiwiZXhwIjoxNzA3NDc5NTk1fQ.PeW5TzanPudQZIJShyRh1YcbWuwBjVIE5pHYE7SBFFs"
  }
}
[2024-02-09 17:53:15,244][rest_client.py 39][INFO]: 接口请求的地址>>>http://localhost:8080/admin/employee/login
[2024-02-09 17:53:15,244][rest_client.py 40][INFO]: 接口请求的方法>>>POST
[2024-02-09 17:53:15,244][rest_client.py 44][INFO]: 接口请求的json参数>>>
{
  "username": "cxk",
  "password": 123456
}
[2024-02-09 17:53:15,245][rest_client.py 48][INFO]: 接口请求的headers参数>>>
{
  "Connection": "keep-alive"
}
[2024-02-09 17:53:15,251][rest_client.py 19][INFO]: 接口返回内容>>>
{
  "code": 0,
  "msg": "账号不存在",
  "data": null
}
[2024-02-09 17:53:15,452][rest_client.py 39][INFO]: 接口请求的地址>>>http://localhost:8080/admin/employee/login
[2024-02-09 17:53:15,453][rest_client.py 40][INFO]: 接口请求的方法>>>POST
[2024-02-09 17:53:15,453][rest_client.py 44][INFO]: 接口请求的json参数>>>
{
  "username": "admin",
  "password": 123456
}
[2024-02-09 17:53:15,453][rest_client.py 48][INFO]: 接口请求的headers参数>>>
{
  "Connection": "keep-alive"
}
[2024-02-09 17:53:15,460][rest_client.py 19][INFO]: 接口返回内容>>>
{
  "code": 1,
  "msg": null,
  "data": {
    "id": 1,
    "userName": "admin",
    "name": "管理员",
    "token": "eyJhbGciOiJIUzI1NiJ9.eyJlbXBJZCI6MSwiZXhwIjoxNzA3NDc5NTk1fQ.HCdQFbAFVaWdYpc3xlFLAm6IRm4Wy4ya2cEtCRWwT2A"
  }
}
[2024-02-09 17:53:18,728][rest_client.py 39][INFO]: 接口请求的地址>>>http://localhost:8080/admin/employee/2
[2024-02-09 17:53:18,729][rest_client.py 40][INFO]: 接口请求的方法>>>GET
[2024-02-09 17:53:18,729][rest_client.py 48][INFO]: 接口请求的headers参数>>>
{
  "Connection": "keep-alive",
  "token": "eyJhbGciOiJIUzI1NiJ9.eyJlbXBJZCI6MiwiZXhwIjoxNzA3NDc5MTI5fQ.7YyQXRh968P2t8q4dTkfqA9zVIWanFgGGtHavv9wK_E"
}
[2024-02-09 17:53:18,742][rest_client.py 19][INFO]: 接口返回内容>>>
{
  "code": 1,
  "msg": null,
  "data": {
    "id": 2,
    "username": "fyx",
    "name": "冯源祥",
    "password": "******",
    "phone": "17820064773",
    "sex": "1",
    "idNumber": "441423200105160031",
    "status": 1,
    "createTime": "2023-12-26 16:15:59",
    "updateTime": "2024-02-01 00:14:45",
    "createUser": 1,
    "updateUser": 2
  }
}
[2024-02-09 17:53:58,627][rest_client.py 39][INFO]: 接口请求的地址>>>http://localhost:8080/admin/employee/2
[2024-02-09 17:53:58,627][rest_client.py 40][INFO]: 接口请求的方法>>>GET
[2024-02-09 17:53:58,629][rest_client.py 48][INFO]: 接口请求的headers参数>>>
{
  "Connection": "keep-alive",
  "token": "eyJhbGciOiJIUzI1NiJ9.eyJlbXBJZCI6MiwiZXhwIjoxNzA3NDc5MTI5fQ.7YyQXRh968P2t8q4dTkfqA9zVIWanFgGGtHavv9wK_E"
}
[2024-02-09 17:53:58,657][rest_client.py 19][INFO]: 接口返回内容>>>
{
  "code": 1,
  "msg": null,
  "data": {
    "id": 2,
    "username": "fyx",
    "name": "冯源祥",
    "password": "******",
    "phone": "17820064773",
    "sex": "1",
    "idNumber": "441423200105160031",
    "status": 1,
    "createTime": "2023-12-26 16:15:59",
    "updateTime": "2024-02-01 00:14:45",
    "createUser": 1,
    "updateUser": 2
  }
}
[2024-02-09 17:54:13,505][rest_client.py 39][INFO]: 接口请求的地址>>>http://localhost:8080/admin/employee/2
[2024-02-09 17:54:13,505][rest_client.py 40][INFO]: 接口请求的方法>>>GET
[2024-02-09 17:54:13,505][rest_client.py 48][INFO]: 接口请求的headers参数>>>
{
  "Connection": "keep-alive",
  "token": "eyJhbGciOiJIUzI1NiJ9.eyJlbXBJZCI6MiwiZXhwIjoxNzA3NDc5MTI5fQ.7YyQXRh968P2t8q4dTkfqA9zVIWanFgGGtHavv9wK_E"
}
[2024-02-09 17:54:13,521][rest_client.py 19][INFO]: 接口返回内容>>>
{
  "code": 1,
  "msg": null,
  "data": {
    "id": 2,
    "username": "fyx",
    "name": "冯源祥",
    "password": "******",
    "phone": "17820064773",
    "sex": "1",
    "idNumber": "441423200105160031",
    "status": 1,
    "createTime": "2023-12-26 16:15:59",
    "updateTime": "2024-02-01 00:14:45",
    "createUser": 1,
    "updateUser": 2
  }
}
[2024-02-09 17:54:55,602][rest_client.py 39][INFO]: 接口请求的地址>>>http://localhost:8080/admin/employee/2
[2024-02-09 17:54:55,603][rest_client.py 40][INFO]: 接口请求的方法>>>GET
[2024-02-09 17:54:55,605][rest_client.py 48][INFO]: 接口请求的headers参数>>>
{
  "Connection": "keep-alive",
  "token": "eyJhbGciOiJIUzI1NiJ9.eyJlbXBJZCI6MiwiZXhwIjoxNzA3NDc5MTI5fQ.7YyQXRh968P2t8q4dTkfqA9zVIWanFgGGtHavv9wK_E"
}
[2024-02-09 17:54:55,633][rest_client.py 19][INFO]: 接口返回内容>>>
{
  "code": 1,
  "msg": null,
  "data": {
    "id": 2,
    "username": "fyx",
    "name": "冯源祥",
    "password": "******",
    "phone": "17820064773",
    "sex": "1",
    "idNumber": "441423200105160031",
    "status": 1,
    "createTime": "2023-12-26 16:15:59",
    "updateTime": "2024-02-01 00:14:45",
    "createUser": 1,
    "updateUser": 2
  }
}
[2024-02-09 17:56:37,891][rest_client.py 39][INFO]: 接口请求的地址>>>http://localhost:8080/admin/employee/2
[2024-02-09 17:56:37,892][rest_client.py 40][INFO]: 接口请求的方法>>>GET
[2024-02-09 17:56:37,892][rest_client.py 48][INFO]: 接口请求的headers参数>>>
{
  "Connection": "keep-alive",
  "token": "eyJhbGciOiJIUzI1NiJ9.eyJlbXBJZCI6MiwiZXhwIjoxNzA3NDc5MTI5fQ.7YyQXRh968P2t8q4dTkfqA9zVIWanFgGGtHavv9wK_E"
}
[2024-02-09 17:56:37,913][rest_client.py 19][INFO]: 接口返回内容>>>
{
  "code": 1,
  "msg": null,
  "data": {
    "id": 2,
    "username": "fyx",
    "name": "冯源祥",
    "password": "******",
    "phone": "17820064773",
    "sex": "1",
    "idNumber": "441423200105160031",
    "status": 1,
    "createTime": "2023-12-26 16:15:59",
    "updateTime": "2024-02-01 00:14:45",
    "createUser": 1,
    "updateUser": 2
  }
}
[2024-02-09 18:05:55,899][rest_client.py 39][INFO]: 接口请求的地址>>>http://localhost:8080/admin/employee/login
[2024-02-09 18:05:55,900][rest_client.py 40][INFO]: 接口请求的方法>>>POST
[2024-02-09 18:05:55,900][rest_client.py 44][INFO]: 接口请求的json参数>>>
{
  "username": "fyx",
  "password": 123456
}
[2024-02-09 18:05:55,900][rest_client.py 48][INFO]: 接口请求的headers参数>>>
{
  "Connection": "keep-alive"
}
[2024-02-09 18:05:55,923][rest_client.py 19][INFO]: 接口返回内容>>>
{
  "code": 1,
  "msg": null,
  "data": {
    "id": 2,
    "userName": "fyx",
    "name": "冯源祥",
    "token": "eyJhbGciOiJIUzI1NiJ9.eyJlbXBJZCI6MiwiZXhwIjoxNzA3NDgwMzU1fQ.JkgrNufsY9D4hz3aEFc1W55Wwpm_ZG3SUwtBmL3bJK8"
  }
}
[2024-02-09 18:06:23,217][rest_client.py 39][INFO]: 接口请求的地址>>>http://localhost:8080/admin/employee/login
[2024-02-09 18:06:23,217][rest_client.py 40][INFO]: 接口请求的方法>>>POST
[2024-02-09 18:06:23,217][rest_client.py 44][INFO]: 接口请求的json参数>>>
{
  "username": "fyx",
  "password": 123456
}
[2024-02-09 18:06:23,217][rest_client.py 48][INFO]: 接口请求的headers参数>>>
{
  "Connection": "keep-alive"
}
[2024-02-09 18:06:23,231][rest_client.py 19][INFO]: 接口返回内容>>>
{
  "code": 1,
  "msg": null,
  "data": {
    "id": 2,
    "userName": "fyx",
    "name": "冯源祥",
    "token": "eyJhbGciOiJIUzI1NiJ9.eyJlbXBJZCI6MiwiZXhwIjoxNzA3NDgwMzgzfQ.F3iJqYf3jAUI8D3SUctRjIiRsA2_uBitNMzlzRW2oxc"
  }
}
[2024-02-09 18:08:33,906][rest_client.py 39][INFO]: 接口请求的地址>>>http://localhost:8080/admin/employee/login
[2024-02-09 18:08:33,907][rest_client.py 40][INFO]: 接口请求的方法>>>POST
[2024-02-09 18:08:33,908][rest_client.py 44][INFO]: 接口请求的json参数>>>
{
  "username": "fyx",
  "password": 123456
}
[2024-02-09 18:08:33,908][rest_client.py 48][INFO]: 接口请求的headers参数>>>
{
  "Connection": "keep-alive"
}
[2024-02-09 18:08:33,932][rest_client.py 19][INFO]: 接口返回内容>>>
{
  "code": 1,
  "msg": null,
  "data": {
    "id": 2,
    "userName": "fyx",
    "name": "冯源祥",
    "token": "eyJhbGciOiJIUzI1NiJ9.eyJlbXBJZCI6MiwiZXhwIjoxNzA3NDgwNTEzfQ.5mJQJ48A4Z_QCqikFpgUG5oi_B7zuW64Wv6Hb1A7aLg"
  }
}
[2024-02-09 18:08:45,513][rest_client.py 39][INFO]: 接口请求的地址>>>http://localhost:8080/admin/employee/login
[2024-02-09 18:08:45,514][rest_client.py 40][INFO]: 接口请求的方法>>>POST
[2024-02-09 18:08:45,515][rest_client.py 44][INFO]: 接口请求的json参数>>>
{
  "username": "fyx",
  "password": 123456
}
[2024-02-09 18:08:45,515][rest_client.py 48][INFO]: 接口请求的headers参数>>>
{
  "Connection": "keep-alive"
}
[2024-02-09 18:08:45,533][rest_client.py 19][INFO]: 接口返回内容>>>
{
  "code": 1,
  "msg": null,
  "data": {
    "id": 2,
    "userName": "fyx",
    "name": "冯源祥",
    "token": "eyJhbGciOiJIUzI1NiJ9.eyJlbXBJZCI6MiwiZXhwIjoxNzA3NDgwNTI1fQ.X_Ex4I3s0kxjFJOk2GYlakkdfkm13tVcsAuzQ69ov7M"
  }
}
[2024-02-09 18:09:07,112][rest_client.py 39][INFO]: 接口请求的地址>>>http://localhost:8080/admin/employee/login
[2024-02-09 18:09:07,113][rest_client.py 40][INFO]: 接口请求的方法>>>POST
[2024-02-09 18:09:07,114][rest_client.py 44][INFO]: 接口请求的json参数>>>
{
  "username": "fyx",
  "password": 123456
}
[2024-02-09 18:09:07,115][rest_client.py 48][INFO]: 接口请求的headers参数>>>
{
  "Connection": "keep-alive"
}
[2024-02-09 18:09:07,132][rest_client.py 19][INFO]: 接口返回内容>>>
{
  "code": 1,
  "msg": null,
  "data": {
    "id": 2,
    "userName": "fyx",
    "name": "冯源祥",
    "token": "eyJhbGciOiJIUzI1NiJ9.eyJlbXBJZCI6MiwiZXhwIjoxNzA3NDgwNTQ3fQ.1TKZnmaBqEjt1Z5r7eLwDfX0FLWYKftb2c-bM-aF8tA"
  }
}
[2024-02-09 18:09:07,168][rest_client.py 39][INFO]: 接口请求的地址>>>http://localhost:8080/admin/employee/login
[2024-02-09 18:09:07,168][rest_client.py 40][INFO]: 接口请求的方法>>>POST
[2024-02-09 18:09:07,169][rest_client.py 44][INFO]: 接口请求的json参数>>>
{
  "username": "cxk",
  "password": 123456
}
[2024-02-09 18:09:07,169][rest_client.py 48][INFO]: 接口请求的headers参数>>>
{
  "Connection": "keep-alive"
}
[2024-02-09 18:09:07,176][rest_client.py 19][INFO]: 接口返回内容>>>
{
  "code": 0,
  "msg": "账号不存在",
  "data": null
}
[2024-02-09 18:09:07,511][rest_client.py 39][INFO]: 接口请求的地址>>>http://localhost:8080/admin/employee/login
[2024-02-09 18:09:07,512][rest_client.py 40][INFO]: 接口请求的方法>>>POST
[2024-02-09 18:09:07,512][rest_client.py 44][INFO]: 接口请求的json参数>>>
{
  "username": "admin",
  "password": 123456
}
[2024-02-09 18:09:07,513][rest_client.py 48][INFO]: 接口请求的headers参数>>>
{
  "Connection": "keep-alive"
}
[2024-02-09 18:09:07,522][rest_client.py 19][INFO]: 接口返回内容>>>
{
  "code": 1,
  "msg": null,
  "data": {
    "id": 1,
    "userName": "admin",
    "name": "管理员",
    "token": "eyJhbGciOiJIUzI1NiJ9.eyJlbXBJZCI6MSwiZXhwIjoxNzA3NDgwNTQ3fQ.28fvHKrSDxs8u6to7Am_3HGo7GoUQGhn2ko8HmkiAxk"
  }
}
[2024-02-09 18:11:10,499][rest_client.py 39][INFO]: 接口请求的地址>>>http://localhost:8080/admin/employee/login
[2024-02-09 18:11:10,499][rest_client.py 40][INFO]: 接口请求的方法>>>POST
[2024-02-09 18:11:10,499][rest_client.py 44][INFO]: 接口请求的json参数>>>
{
  "username": "fyx",
  "password": 123456
}
[2024-02-09 18:11:10,499][rest_client.py 48][INFO]: 接口请求的headers参数>>>
{
  "Connection": "keep-alive"
}
[2024-02-09 18:11:10,523][rest_client.py 19][INFO]: 接口返回内容>>>
{
  "code": 1,
  "msg": null,
  "data": {
    "id": 2,
    "userName": "fyx",
    "name": "冯源祥",
    "token": "eyJhbGciOiJIUzI1NiJ9.eyJlbXBJZCI6MiwiZXhwIjoxNzA3NDgwNjcwfQ.lQXKPc9WnBwLYUklnEdjctOWnzhVrAZ4NML3ZSHiw30"
  }
}
[2024-02-09 18:11:15,465][rest_client.py 39][INFO]: 接口请求的地址>>>http://localhost:8080/admin/employee/login
[2024-02-09 18:11:15,465][rest_client.py 40][INFO]: 接口请求的方法>>>POST
[2024-02-09 18:11:15,465][rest_client.py 44][INFO]: 接口请求的json参数>>>
{
  "username": "fyx",
  "password": 123456
}
[2024-02-09 18:11:15,465][rest_client.py 48][INFO]: 接口请求的headers参数>>>
{
  "Connection": "keep-alive"
}
[2024-02-09 18:11:15,480][rest_client.py 19][INFO]: 接口返回内容>>>
{
  "code": 1,
  "msg": null,
  "data": {
    "id": 2,
    "userName": "fyx",
    "name": "冯源祥",
    "token": "eyJhbGciOiJIUzI1NiJ9.eyJlbXBJZCI6MiwiZXhwIjoxNzA3NDgwNjc1fQ.x7NM3y5ue1jZ4s1haLQ-FptadjVOllEZ59o9kuvt-pE"
  }
}
[2024-02-09 18:11:22,590][rest_client.py 39][INFO]: 接口请求的地址>>>http://localhost:8080/admin/employee/2
[2024-02-09 18:11:22,611][rest_client.py 40][INFO]: 接口请求的方法>>>GET
[2024-02-09 18:11:22,611][rest_client.py 48][INFO]: 接口请求的headers参数>>>
{
  "Connection": "keep-alive",
  "token": "eyJhbGciOiJIUzI1NiJ9.eyJlbXBJZCI6MiwiZXhwIjoxNzA3NDgwNjc1fQ.x7NM3y5ue1jZ4s1haLQ-FptadjVOllEZ59o9kuvt-pE"
}
[2024-02-09 18:11:22,627][rest_client.py 19][INFO]: 接口返回内容>>>
{
  "code": 1,
  "msg": null,
  "data": {
    "id": 2,
    "username": "fyx",
    "name": "冯源祥",
    "password": "******",
    "phone": "17820064773",
    "sex": "1",
    "idNumber": "441423200105160031",
    "status": 1,
    "createTime": "2023-12-26 16:15:59",
    "updateTime": "2024-02-01 00:14:45",
    "createUser": 1,
    "updateUser": 2
  }
}
[2024-02-09 18:11:28,133][rest_client.py 39][INFO]: 接口请求的地址>>>http://localhost:8080/admin/employee/login
[2024-02-09 18:11:28,134][rest_client.py 40][INFO]: 接口请求的方法>>>POST
[2024-02-09 18:11:28,134][rest_client.py 44][INFO]: 接口请求的json参数>>>
{
  "username": "fyx",
  "password": 123456
}
[2024-02-09 18:11:28,134][rest_client.py 48][INFO]: 接口请求的headers参数>>>
{
  "Connection": "keep-alive"
}
[2024-02-09 18:11:28,147][rest_client.py 19][INFO]: 接口返回内容>>>
{
  "code": 1,
  "msg": null,
  "data": {
    "id": 2,
    "userName": "fyx",
    "name": "冯源祥",
    "token": "eyJhbGciOiJIUzI1NiJ9.eyJlbXBJZCI6MiwiZXhwIjoxNzA3NDgwNjg4fQ.S03DP7uAlTQI2kTIc7YlwzbaJfQR0ULYVQzwLBcxebQ"
  }
}
[2024-02-09 18:11:28,176][rest_client.py 39][INFO]: 接口请求的地址>>>http://localhost:8080/admin/employee/login
[2024-02-09 18:11:28,176][rest_client.py 40][INFO]: 接口请求的方法>>>POST
[2024-02-09 18:11:28,177][rest_client.py 44][INFO]: 接口请求的json参数>>>
{
  "username": "cxk",
  "password": 123456
}
[2024-02-09 18:11:28,177][rest_client.py 48][INFO]: 接口请求的headers参数>>>
{
  "Connection": "keep-alive"
}
[2024-02-09 18:11:28,183][rest_client.py 19][INFO]: 接口返回内容>>>
{
  "code": 0,
  "msg": "账号不存在",
  "data": null
}
[2024-02-09 18:11:28,364][rest_client.py 39][INFO]: 接口请求的地址>>>http://localhost:8080/admin/employee/login
[2024-02-09 18:11:28,364][rest_client.py 40][INFO]: 接口请求的方法>>>POST
[2024-02-09 18:11:28,364][rest_client.py 44][INFO]: 接口请求的json参数>>>
{
  "username": "admin",
  "password": 123456
}
[2024-02-09 18:11:28,365][rest_client.py 48][INFO]: 接口请求的headers参数>>>
{
  "Connection": "keep-alive"
}
[2024-02-09 18:11:28,371][rest_client.py 19][INFO]: 接口返回内容>>>
{
  "code": 1,
  "msg": null,
  "data": {
    "id": 1,
    "userName": "admin",
    "name": "管理员",
    "token": "eyJhbGciOiJIUzI1NiJ9.eyJlbXBJZCI6MSwiZXhwIjoxNzA3NDgwNjg4fQ.6mDs_R6n20QhhylJYIxZfzCRc7yS51X4kVou51ApGCU"
  }
}
[2024-02-09 18:12:48,475][rest_client.py 39][INFO]: 接口请求的地址>>>http://localhost:8080/admin/employee/login
[2024-02-09 18:12:48,475][rest_client.py 40][INFO]: 接口请求的方法>>>POST
[2024-02-09 18:12:48,475][rest_client.py 44][INFO]: 接口请求的json参数>>>
{
  "username": "fyx",
  "password": 123456
}
[2024-02-09 18:12:48,475][rest_client.py 48][INFO]: 接口请求的headers参数>>>
{
  "Connection": "keep-alive"
}
[2024-02-09 18:12:48,495][rest_client.py 19][INFO]: 接口返回内容>>>
{
  "code": 1,
  "msg": null,
  "data": {
    "id": 2,
    "userName": "fyx",
    "name": "冯源祥",
    "token": "eyJhbGciOiJIUzI1NiJ9.eyJlbXBJZCI6MiwiZXhwIjoxNzA3NDgwNzY4fQ.JX4z6NUr5HLnO0nAZ5gE9huRs2Ig-fBSxUa5vnLH4Dk"
  }
}
[2024-02-09 18:12:48,504][rest_client.py 39][INFO]: 接口请求的地址>>>http://localhost:8080/admin/employee/login
[2024-02-09 18:12:48,504][rest_client.py 40][INFO]: 接口请求的方法>>>POST
[2024-02-09 18:12:48,504][rest_client.py 44][INFO]: 接口请求的json参数>>>
{
  "username": "cxk",
  "password": 123456
}
[2024-02-09 18:12:48,505][rest_client.py 48][INFO]: 接口请求的headers参数>>>
{
  "Connection": "keep-alive"
}
[2024-02-09 18:12:48,511][rest_client.py 19][INFO]: 接口返回内容>>>
{
  "code": 0,
  "msg": "账号不存在",
  "data": null
}
[2024-02-09 18:12:48,706][rest_client.py 39][INFO]: 接口请求的地址>>>http://localhost:8080/admin/employee/login
[2024-02-09 18:12:48,707][rest_client.py 40][INFO]: 接口请求的方法>>>POST
[2024-02-09 18:12:48,707][rest_client.py 44][INFO]: 接口请求的json参数>>>
{
  "username": "admin",
  "password": 123456
}
[2024-02-09 18:12:48,707][rest_client.py 48][INFO]: 接口请求的headers参数>>>
{
  "Connection": "keep-alive"
}
[2024-02-09 18:12:48,715][rest_client.py 19][INFO]: 接口返回内容>>>
{
  "code": 1,
  "msg": null,
  "data": {
    "id": 1,
    "userName": "admin",
    "name": "管理员",
    "token": "eyJhbGciOiJIUzI1NiJ9.eyJlbXBJZCI6MSwiZXhwIjoxNzA3NDgwNzY4fQ.903Foz8mDtTFRIXCc_r5-ez7pqrm_QwZwOBK_-QIWpo"
  }
}
[2024-02-09 18:17:03,990][rest_client.py 39][INFO]: 接口请求的地址>>>http://localhost:8080/admin/employee/2
[2024-02-09 18:17:03,990][rest_client.py 40][INFO]: 接口请求的方法>>>GET
[2024-02-09 18:17:03,990][rest_client.py 48][INFO]: 接口请求的headers参数>>>
{
  "Connection": "keep-alive",
  "token": "eyJhbGciOiJIUzI1NiJ9.eyJlbXBJZCI6MiwiZXhwIjoxNzA3NDgwNjc1fQ.x7NM3y5ue1jZ4s1haLQ-FptadjVOllEZ59o9kuvt-pE"
}
[2024-02-09 18:17:04,023][rest_client.py 19][INFO]: 接口返回内容>>>
{
  "code": 1,
  "msg": null,
  "data": {
    "id": 2,
    "username": "fyx",
    "name": "冯源祥",
    "password": "******",
    "phone": "17820064773",
    "sex": "1",
    "idNumber": "441423200105160031",
    "status": 1,
    "createTime": "2023-12-26 16:15:59",
    "updateTime": "2024-02-01 00:14:45",
    "createUser": 1,
    "updateUser": 2
  }
}
[2024-02-09 18:27:54,523][rest_client.py 39][INFO]: 接口请求的地址>>>http://localhost:8080/admin/employee/login
[2024-02-09 18:27:54,524][rest_client.py 40][INFO]: 接口请求的方法>>>POST
[2024-02-09 18:27:54,524][rest_client.py 44][INFO]: 接口请求的json参数>>>
{
  "username": "fyx",
  "password": 123456
}
[2024-02-09 18:27:54,525][rest_client.py 48][INFO]: 接口请求的headers参数>>>
{
  "Connection": "keep-alive"
}
[2024-02-09 18:27:54,559][rest_client.py 19][INFO]: 接口返回内容>>>
{
  "code": 1,
  "msg": null,
  "data": {
    "id": 2,
    "userName": "fyx",
    "name": "冯源祥",
    "token": "eyJhbGciOiJIUzI1NiJ9.eyJlbXBJZCI6MiwiZXhwIjoxNzA3NDgxNjc0fQ.eHmECbArLpPBEtLk8x0EBPTOx4QFs6ywk3rUJoXPZrE"
  }
}
[2024-02-09 18:27:57,391][rest_client.py 39][INFO]: 接口请求的地址>>>http://localhost:8080/admin/employee/login
[2024-02-09 18:27:57,391][rest_client.py 40][INFO]: 接口请求的方法>>>POST
[2024-02-09 18:27:57,391][rest_client.py 44][INFO]: 接口请求的json参数>>>
{
  "username": "fyx",
  "password": 123456
}
[2024-02-09 18:27:57,391][rest_client.py 48][INFO]: 接口请求的headers参数>>>
{
  "Connection": "keep-alive"
}
[2024-02-09 18:27:57,403][rest_client.py 19][INFO]: 接口返回内容>>>
{
  "code": 1,
  "msg": null,
  "data": {
    "id": 2,
    "userName": "fyx",
    "name": "冯源祥",
    "token": "eyJhbGciOiJIUzI1NiJ9.eyJlbXBJZCI6MiwiZXhwIjoxNzA3NDgxNjc3fQ.j7OKlHahZDUX2agoP9IGec446UENEBNvFQu1ydzQpKw"
  }
}
[2024-02-09 18:28:16,687][rest_client.py 39][INFO]: 接口请求的地址>>>http://localhost:8080/admin/employee/login
[2024-02-09 18:28:16,687][rest_client.py 40][INFO]: 接口请求的方法>>>POST
[2024-02-09 18:28:16,687][rest_client.py 44][INFO]: 接口请求的json参数>>>
{
  "username": "fyx",
  "password": 123456
}
[2024-02-09 18:28:16,687][rest_client.py 48][INFO]: 接口请求的headers参数>>>
{
  "Connection": "keep-alive"
}
[2024-02-09 18:28:16,699][rest_client.py 19][INFO]: 接口返回内容>>>
{
  "code": 1,
  "msg": null,
  "data": {
    "id": 2,
    "userName": "fyx",
    "name": "冯源祥",
    "token": "eyJhbGciOiJIUzI1NiJ9.eyJlbXBJZCI6MiwiZXhwIjoxNzA3NDgxNjk2fQ.mRaVaVzzithKyM7IADrkfcGXT0JRrXjcCNb9XLo3TjE"
  }
}
[2024-02-09 18:28:50,870][rest_client.py 39][INFO]: 接口请求的地址>>>http://localhost:8080/admin/employee/login
[2024-02-09 18:28:50,870][rest_client.py 40][INFO]: 接口请求的方法>>>POST
[2024-02-09 18:28:50,871][rest_client.py 44][INFO]: 接口请求的json参数>>>
{
  "username": "fyx",
  "password": 123456
}
[2024-02-09 18:28:50,871][rest_client.py 48][INFO]: 接口请求的headers参数>>>
{
  "Connection": "keep-alive"
}
[2024-02-09 18:28:50,883][rest_client.py 19][INFO]: 接口返回内容>>>
{
  "code": 1,
  "msg": null,
  "data": {
    "id": 2,
    "userName": "fyx",
    "name": "冯源祥",
    "token": "eyJhbGciOiJIUzI1NiJ9.eyJlbXBJZCI6MiwiZXhwIjoxNzA3NDgxNzMwfQ.D33ksIya-adnYceLhZs1v9f1sD9OJ2SZmjZBS8KzdRQ"
  }
}
[2024-02-09 18:28:58,026][rest_client.py 39][INFO]: 接口请求的地址>>>http://localhost:8080/admin/employee/2
[2024-02-09 18:28:58,027][rest_client.py 40][INFO]: 接口请求的方法>>>GET
[2024-02-09 18:28:58,027][rest_client.py 48][INFO]: 接口请求的headers参数>>>
{
  "Connection": "keep-alive",
  "token": "eyJhbGciOiJIUzI1NiJ9.eyJlbXBJZCI6MiwiZXhwIjoxNzA3NDgxNzMwfQ.D33ksIya-adnYceLhZs1v9f1sD9OJ2SZmjZBS8KzdRQ"
}
[2024-02-09 18:28:58,040][rest_client.py 19][INFO]: 接口返回内容>>>
{
  "code": 1,
  "msg": null,
  "data": {
    "id": 2,
    "username": "fyx",
    "name": "冯源祥",
    "password": "******",
    "phone": "17820064773",
    "sex": "1",
    "idNumber": "441423200105160031",
    "status": 1,
    "createTime": "2023-12-26 16:15:59",
    "updateTime": "2024-02-01 00:14:45",
    "createUser": 1,
    "updateUser": 2
  }
}
[2024-02-09 18:29:04,140][rest_client.py 39][INFO]: 接口请求的地址>>>http://localhost:8080/admin/employee/2
[2024-02-09 18:29:04,140][rest_client.py 40][INFO]: 接口请求的方法>>>GET
[2024-02-09 18:29:04,141][rest_client.py 48][INFO]: 接口请求的headers参数>>>
{
  "Connection": "keep-alive"
}
[2024-02-09 18:29:13,328][rest_client.py 39][INFO]: 接口请求的地址>>>http://localhost:8080/admin/employee/2
[2024-02-09 18:29:13,328][rest_client.py 40][INFO]: 接口请求的方法>>>GET
[2024-02-09 18:29:13,328][rest_client.py 48][INFO]: 接口请求的headers参数>>>
{
  "Connection": "keep-alive",
  "token": "eyJhbGciOiJIUzI1NiJ9.eyJlbXBJZCI6MiwiZXhwIjoxNzA3NDgxNzMwfQ.D33ksIya-adnRQ"
}
[2024-02-09 18:29:17,581][rest_client.py 39][INFO]: 接口请求的地址>>>http://localhost:8080/admin/employee/2
[2024-02-09 18:29:17,581][rest_client.py 40][INFO]: 接口请求的方法>>>GET
[2024-02-09 18:29:17,581][rest_client.py 48][INFO]: 接口请求的headers参数>>>
{
  "Connection": "keep-alive",
  "token": "eyJhbGciOiJIUzI1NiJ9.eyJlbXBJZCI6MiwiZXhwIjoxNzA3NDgxNzMwfQ.D33ksIya-adnYceLhZs1v9f1sD9OJ2SZmjZBS8KzdRQ"
}
[2024-02-09 18:29:17,593][rest_client.py 19][INFO]: 接口返回内容>>>
{
  "code": 1,
  "msg": null,
  "data": {
    "id": 2,
    "username": "fyx",
    "name": "冯源祥",
    "password": "******",
    "phone": "17820064773",
    "sex": "1",
    "idNumber": "441423200105160031",
    "status": 1,
    "createTime": "2023-12-26 16:15:59",
    "updateTime": "2024-02-01 00:14:45",
    "createUser": 1,
    "updateUser": 2
  }
}
[2024-02-09 18:58:33,043][rest_client.py 39][INFO]: 接口请求的地址>>>http://localhost:8080/admin/employee/2
[2024-02-09 18:58:33,044][rest_client.py 40][INFO]: 接口请求的方法>>>GET
[2024-02-09 18:58:33,044][rest_client.py 48][INFO]: 接口请求的headers参数>>>
{
  "Connection": "keep-alive",
  "token": "eyJhbGciOiJIUzI1NiJ9.eyJlbXBJZCI6MiwiZXhwIjoxNzA3NDgxNzMwfQ.D33ksIya-adnYceLhZs1v9f1sD9OJ2SZmjZBS8KzdRQ"
}
[2024-02-09 18:58:33,061][rest_client.py 19][INFO]: 接口返回内容>>>
{
  "code": 1,
  "msg": null,
  "data": {
    "id": 2,
    "username": "fyx",
    "name": "冯源祥",
    "password": "******",
    "phone": "17820064773",
    "sex": "1",
    "idNumber": "441423200105160031",
    "status": 1,
    "createTime": "2023-12-26 16:15:59",
    "updateTime": "2024-02-01 00:14:45",
    "createUser": 1,
    "updateUser": 2
  }
}
[2024-02-09 19:21:07,858][rest_client.py 39][INFO]: 接口请求的地址>>>http://localhost:8080/admin/employee/login
[2024-02-09 19:21:07,859][rest_client.py 40][INFO]: 接口请求的方法>>>POST
[2024-02-09 19:21:07,860][rest_client.py 44][INFO]: 接口请求的json参数>>>
{
  "username": "fyx",
  "password": 123456
}
[2024-02-09 19:21:07,861][rest_client.py 48][INFO]: 接口请求的headers参数>>>
{
  "Connection": "keep-alive"
}
[2024-02-09 19:30:03,594][rest_client.py 39][INFO]: 接口请求的地址>>>http://localhost:8080/admin/employee/login
[2024-02-09 19:30:03,595][rest_client.py 40][INFO]: 接口请求的方法>>>POST
[2024-02-09 19:30:03,596][rest_client.py 44][INFO]: 接口请求的json参数>>>
{
  "username": "fyx",
  "password": 123456
}
[2024-02-09 19:30:03,596][rest_client.py 48][INFO]: 接口请求的headers参数>>>
{
  "Connection": "keep-alive"
}
[2024-02-09 19:30:03,614][rest_client.py 19][INFO]: 接口返回内容>>>
{
  "code": 1,
  "msg": null,
  "data": {
    "id": 2,
    "userName": "fyx",
    "name": "冯源祥",
    "token": "eyJhbGciOiJIUzI1NiJ9.eyJlbXBJZCI6MiwiZXhwIjoxNzA3NDg1NDAzfQ.3h7yYHZW04pu_3rZdaKAxjYnuHQFUrcFy341EHcFSzA"
  }
}
[2024-02-09 19:30:17,639][rest_client.py 39][INFO]: 接口请求的地址>>>http://localhost:8080/admin/employee/login
[2024-02-09 19:30:17,640][rest_client.py 40][INFO]: 接口请求的方法>>>POST
[2024-02-09 19:30:17,640][rest_client.py 44][INFO]: 接口请求的json参数>>>
{
  "username": "cxk",
  "password": 123456
}
[2024-02-09 19:30:17,641][rest_client.py 48][INFO]: 接口请求的headers参数>>>
{
  "Connection": "keep-alive"
}
[2024-02-09 19:30:17,651][rest_client.py 19][INFO]: 接口返回内容>>>
{
  "code": 0,
  "msg": "账号不存在",
  "data": null
}
[2024-02-09 19:31:05,096][rest_client.py 39][INFO]: 接口请求的地址>>>http://localhost:8080/admin/employee/login
[2024-02-09 19:31:05,097][rest_client.py 40][INFO]: 接口请求的方法>>>POST
[2024-02-09 19:31:05,098][rest_client.py 44][INFO]: 接口请求的json参数>>>
{
  "username": "fyx",
  "password": 123456
}
[2024-02-09 19:31:05,098][rest_client.py 48][INFO]: 接口请求的headers参数>>>
{
  "Connection": "keep-alive"
}
[2024-02-09 19:31:05,115][rest_client.py 19][INFO]: 接口返回内容>>>
{
  "code": 1,
  "msg": null,
  "data": {
    "id": 2,
    "userName": "fyx",
    "name": "冯源祥",
    "token": "eyJhbGciOiJIUzI1NiJ9.eyJlbXBJZCI6MiwiZXhwIjoxNzA3NDg1NDY1fQ.QsZ5OydbX6onrifoxTYyz6Vai6-gtDgKGY7P3fIbUz0"
  }
}
