[2024-04-08 14:56:34,270][rest_client.py 39][INFO]: 接口请求的地址>>>http://10.20.2.1:8081/admin/employee
[2024-04-08 14:56:34,270][rest_client.py 40][INFO]: 接口请求的方法>>>PUT
[2024-04-08 14:56:34,270][rest_client.py 44][INFO]: 接口请求的json参数>>>
{
  "id": 2,
  "idNumber": "441423200105160031",
  "name": "冯源祥",
  "phone": "17820064773",
  "sex": "1",
  "username": "fyx"
}
[2024-04-08 14:56:34,270][rest_client.py 48][INFO]: 接口请求的headers参数>>>
{
  "Connection": "keep-alive",
  "token": "eyJhbGciOiJIUzI1NiJ9.eyJlbXBJZCI6MiwiZXhwIjoxNzEyNTA2NDk2fQ.X7GuTAfcXLYqbgQ_igVqGjAB8w3qWVqNqUxmDWYdw-U"
}
[2024-04-08 14:56:42,400][rest_client.py 39][INFO]: 接口请求的地址>>>http://10.20.2.1:8081/admin/employee/login
[2024-04-08 14:56:42,423][rest_client.py 40][INFO]: 接口请求的方法>>>POST
[2024-04-08 14:56:42,423][rest_client.py 44][INFO]: 接口请求的json参数>>>
{
  "username": "fyx",
  "password": 123456
}
[2024-04-08 14:56:42,423][rest_client.py 48][INFO]: 接口请求的headers参数>>>
{
  "Connection": "keep-alive"
}
[2024-04-08 14:56:42,526][rest_client.py 19][INFO]: 接口返回内容>>>
{
  "code": 1,
  "msg": null,
  "data": {
    "id": 2,
    "userName": "fyx",
    "name": "冯源祥",
    "token": "eyJhbGciOiJIUzI1NiJ9.eyJlbXBJZCI6MiwiZXhwIjoxNzEyNTY2NjAyfQ._-C1E5d0TzKre-TylUVt4PVmtPjz0Emq7-GIBEXZbgQ"
  }
}
[2024-04-08 14:56:42,533][rest_client.py 39][INFO]: 接口请求的地址>>>http://10.20.2.1:8081/admin/employee/login
[2024-04-08 14:56:42,534][rest_client.py 40][INFO]: 接口请求的方法>>>POST
[2024-04-08 14:56:42,534][rest_client.py 44][INFO]: 接口请求的json参数>>>
{
  "username": "fyx",
  "password": 123456
}
[2024-04-08 14:56:42,534][rest_client.py 48][INFO]: 接口请求的headers参数>>>
{
  "Connection": "keep-alive"
}
[2024-04-08 14:56:42,542][rest_client.py 19][INFO]: 接口返回内容>>>
{
  "code": 1,
  "msg": null,
  "data": {
    "id": 2,
    "userName": "fyx",
    "name": "冯源祥",
    "token": "eyJhbGciOiJIUzI1NiJ9.eyJlbXBJZCI6MiwiZXhwIjoxNzEyNTY2NjAyfQ._-C1E5d0TzKre-TylUVt4PVmtPjz0Emq7-GIBEXZbgQ"
  }
}
[2024-04-08 14:56:42,549][rest_client.py 39][INFO]: 接口请求的地址>>>http://10.20.2.1:8081/admin/employee/login
[2024-04-08 14:56:42,549][rest_client.py 40][INFO]: 接口请求的方法>>>POST
[2024-04-08 14:56:42,549][rest_client.py 44][INFO]: 接口请求的json参数>>>
{
  "username": "cxk",
  "password": 123456
}
[2024-04-08 14:56:42,549][rest_client.py 48][INFO]: 接口请求的headers参数>>>
{
  "Connection": "keep-alive"
}
[2024-04-08 14:56:42,557][rest_client.py 19][INFO]: 接口返回内容>>>
{
  "code": 0,
  "msg": "账号不存在",
  "data": null
}
[2024-04-08 14:56:42,758][rest_client.py 39][INFO]: 接口请求的地址>>>http://10.20.2.1:8081/admin/employee/login
[2024-04-08 14:56:42,758][rest_client.py 40][INFO]: 接口请求的方法>>>POST
[2024-04-08 14:56:42,759][rest_client.py 44][INFO]: 接口请求的json参数>>>
{
  "username": "admin",
  "password": 123456
}
[2024-04-08 14:56:42,759][rest_client.py 48][INFO]: 接口请求的headers参数>>>
{
  "Connection": "keep-alive"
}
[2024-04-08 14:56:42,765][rest_client.py 19][INFO]: 接口返回内容>>>
{
  "code": 1,
  "msg": null,
  "data": {
    "id": 1,
    "userName": "admin",
    "name": "管理员",
    "token": "eyJhbGciOiJIUzI1NiJ9.eyJlbXBJZCI6MSwiZXhwIjoxNzEyNTY2NjAyfQ.X5Vjc1iXJ5ZXz43dlF-hI_UAzoT9jSFTsuMQPNiWfJY"
  }
}
[2024-04-08 14:56:42,778][rest_client.py 39][INFO]: 接口请求的地址>>>http://10.20.2.1:8081/admin/employee/2
[2024-04-08 14:56:42,778][rest_client.py 40][INFO]: 接口请求的方法>>>GET
[2024-04-08 14:56:42,778][rest_client.py 48][INFO]: 接口请求的headers参数>>>
{
  "Connection": "keep-alive",
  "token": "eyJhbGciOiJIUzI1NiJ9.eyJlbXBJZCI6MiwiZXhwIjoxNzEyNTY2NjAyfQ._-C1E5d0TzKre-TylUVt4PVmtPjz0Emq7-GIBEXZbgQ"
}
[2024-04-08 14:56:42,795][rest_client.py 19][INFO]: 接口返回内容>>>
{
  "code": 1,
  "msg": null,
  "data": {
    "id": 2,
    "username": "fyx",
    "name": "冯源祥",
    "password": "******",
    "phone": "17820064773",
    "sex": "1",
    "idNumber": "441423200105160031",
    "status": 1,
    "createTime": "2023-12-26 16:15:59",
    "updateTime": "2024-04-07 22:14:57",
    "createUser": 1,
    "updateUser": 2
  }
}
[2024-04-08 14:56:42,801][rest_client.py 39][INFO]: 接口请求的地址>>>http://10.20.2.1:8081/admin/employee
[2024-04-08 14:56:42,803][rest_client.py 40][INFO]: 接口请求的方法>>>POST
[2024-04-08 14:56:42,803][rest_client.py 44][INFO]: 接口请求的json参数>>>
{
  "idNumber": "441423200105160031",
  "name": "冯源祥02",
  "phone": "17820064773",
  "sex": "1",
  "username": "fyx032"
}
[2024-04-08 14:56:42,803][rest_client.py 48][INFO]: 接口请求的headers参数>>>
{
  "Connection": "keep-alive",
  "token": "eyJhbGciOiJIUzI1NiJ9.eyJlbXBJZCI6MiwiZXhwIjoxNzEyNTY2NjAyfQ._-C1E5d0TzKre-TylUVt4PVmtPjz0Emq7-GIBEXZbgQ"
}
[2024-04-08 14:56:42,883][rest_client.py 19][INFO]: 接口返回内容>>>
{
  "code": 0,
  "msg": "'fyx032'已存在",
  "data": null
}
[2024-04-08 14:56:42,899][rest_client.py 39][INFO]: 接口请求的地址>>>http://10.20.2.1:8081/admin/employee
[2024-04-08 14:56:42,900][rest_client.py 40][INFO]: 接口请求的方法>>>PUT
[2024-04-08 14:56:42,900][rest_client.py 44][INFO]: 接口请求的json参数>>>
{
  "id": 2,
  "idNumber": "441423200105160031",
  "name": "冯源祥",
  "phone": "17820064773",
  "sex": "1",
  "username": "fyx"
}
[2024-04-08 14:56:42,900][rest_client.py 48][INFO]: 接口请求的headers参数>>>
{
  "Connection": "keep-alive",
  "token": "eyJhbGciOiJIUzI1NiJ9.eyJlbXBJZCI6MiwiZXhwIjoxNzEyNTY2NjAyfQ._-C1E5d0TzKre-TylUVt4PVmtPjz0Emq7-GIBEXZbgQ"
}
[2024-04-08 14:56:42,924][rest_client.py 19][INFO]: 接口返回内容>>>
{
  "code": 1,
  "msg": null,
  "data": null
}
[2024-04-08 14:56:42,932][rest_client.py 39][INFO]: 接口请求的地址>>>http://10.20.2.1:8081/admin/employee/page/
[2024-04-08 14:56:42,932][rest_client.py 40][INFO]: 接口请求的方法>>>GET
[2024-04-08 14:56:42,932][rest_client.py 46][INFO]: 接口请求的params参数>>>
{
  "name": "冯源祥",
  "page": "1",
  "pageSize": "5"
}
[2024-04-08 14:56:42,932][rest_client.py 48][INFO]: 接口请求的headers参数>>>
{
  "Connection": "keep-alive",
  "token": "eyJhbGciOiJIUzI1NiJ9.eyJlbXBJZCI6MiwiZXhwIjoxNzEyNTY2NjAyfQ._-C1E5d0TzKre-TylUVt4PVmtPjz0Emq7-GIBEXZbgQ"
}
[2024-04-08 14:56:42,994][rest_client.py 19][INFO]: 接口返回内容>>>
{
  "code": 1,
  "msg": null,
  "data": {
    "total": 5,
    "records": [
      {
        "id": 13,
        "username": "cxkk123",
        "name": "冯源祥005",
        "password": "e10adc3949ba59abbe56e057f20f883e",
        "phone": "17820064773",
        "sex": "1",
        "idNumber": "777728288481950017",
        "status": 1,
        "createTime": "2024-03-11 21:04:34",
        "updateTime": "2024-03-11 21:05:35",
        "createUser": 1,
        "updateUser": 1
      },
      {
        "id": 9,
        "username": "fyx032",
        "name": "冯源祥02",
        "password": "e10adc3949ba59abbe56e057f20f883e",
        "phone": "17820064773",
        "sex": "1",
        "idNumber": "441423200105160031",
        "status": 1,
        "createTime": "2024-02-11 23:19:46",
        "updateTime": "2024-02-11 23:19:46",
        "createUser": 2,
        "updateUser": 2
      },
      {
        "id": 4,
        "username": "fyx03",
        "name": "冯源祥02",
        "password": "e10adc3949ba59abbe56e057f20f883e",
        "phone": "17820064773",
        "sex": "1",
        "idNumber": "441423200105160031",
        "status": 0,
        "createTime": "2024-02-09 00:05:04",
        "updateTime": "2024-02-12 00:54:44",
        "createUser": 2,
        "updateUser": 1
      },
      {
        "id": 3,
        "username": "fyx02",
        "name": "冯源祥02",
        "password": "e10adc3949ba59abbe56e057f20f883e",
        "phone": "17820064773",
        "sex": "1",
        "idNumber": "441423200105160031",
        "status": 1,
        "createTime": "2024-01-31 23:09:54",
        "updateTime": "2024-02-01 00:08:46",
        "createUser": 2,
        "updateUser": 1
      },
      {
        "id": 2,
        "username": "fyx",
        "name": "冯源祥",
        "password": "e10adc3949ba59abbe56e057f20f883e",
        "phone": "17820064773",
        "sex": "1",
        "idNumber": "441423200105160031",
        "status": 1,
        "createTime": "2023-12-26 16:15:59",
        "updateTime": "2024-04-08 14:56:43",
        "createUser": 1,
        "updateUser": 2
      }
    ]
  }
}
[2024-04-08 14:56:43,005][rest_client.py 39][INFO]: 接口请求的地址>>>http://10.20.2.1:8081/admin/employee/status/1
[2024-04-08 14:56:43,005][rest_client.py 40][INFO]: 接口请求的方法>>>POST
[2024-04-08 14:56:43,005][rest_client.py 46][INFO]: 接口请求的params参数>>>
{
  "id": 2
}
[2024-04-08 14:56:43,005][rest_client.py 48][INFO]: 接口请求的headers参数>>>
{
  "Connection": "keep-alive",
  "token": "eyJhbGciOiJIUzI1NiJ9.eyJlbXBJZCI6MiwiZXhwIjoxNzEyNTY2NjAyfQ._-C1E5d0TzKre-TylUVt4PVmtPjz0Emq7-GIBEXZbgQ"
}
[2024-04-08 14:56:43,014][rest_client.py 19][INFO]: 接口返回内容>>>
{
  "code": 1,
  "msg": null,
  "data": null
}
[2024-04-08 14:56:43,022][rest_client.py 39][INFO]: 接口请求的地址>>>http://10.20.2.1:8081/admin/employee/logout
[2024-04-08 14:56:43,022][rest_client.py 40][INFO]: 接口请求的方法>>>POST
[2024-04-08 14:56:43,022][rest_client.py 48][INFO]: 接口请求的headers参数>>>
{
  "Connection": "keep-alive",
  "token": "eyJhbGciOiJIUzI1NiJ9.eyJlbXBJZCI6MiwiZXhwIjoxNzEyNTY2NjAyfQ._-C1E5d0TzKre-TylUVt4PVmtPjz0Emq7-GIBEXZbgQ"
}
[2024-04-08 14:56:43,028][rest_client.py 19][INFO]: 接口返回内容>>>
{
  "code": 1,
  "msg": null,
  "data": null
}
