[2024-04-05 17:44:54,308][rest_client.py 39][INFO]: 接口请求的地址>>>http://localhost:8080/admin/employee/login
[2024-04-05 17:44:54,308][rest_client.py 40][INFO]: 接口请求的方法>>>POST
[2024-04-05 17:44:54,308][rest_client.py 44][INFO]: 接口请求的json参数>>>
{
  "username": "fyx",
  "password": 123456
}
[2024-04-05 17:44:54,308][rest_client.py 48][INFO]: 接口请求的headers参数>>>
{
  "Connection": "keep-alive"
}
[2024-04-05 17:44:54,821][rest_client.py 19][INFO]: 接口返回内容>>>
{
  "code": 0,
  "msg": "账号被锁定",
  "data": null
}
[2024-04-05 17:44:55,046][rest_client.py 39][INFO]: 接口请求的地址>>>http://localhost:8080/admin/employee/login
[2024-04-05 17:44:55,046][rest_client.py 40][INFO]: 接口请求的方法>>>POST
[2024-04-05 17:44:55,046][rest_client.py 44][INFO]: 接口请求的json参数>>>
{
  "username": "fyx",
  "password": 123456
}
[2024-04-05 17:44:55,046][rest_client.py 48][INFO]: 接口请求的headers参数>>>
{
  "Connection": "keep-alive"
}
[2024-04-05 17:44:55,056][rest_client.py 19][INFO]: 接口返回内容>>>
{
  "code": 0,
  "msg": "账号被锁定",
  "data": null
}
[2024-04-05 17:44:55,071][rest_client.py 39][INFO]: 接口请求的地址>>>http://localhost:8080/admin/employee/login
[2024-04-05 17:44:55,071][rest_client.py 40][INFO]: 接口请求的方法>>>POST
[2024-04-05 17:44:55,071][rest_client.py 44][INFO]: 接口请求的json参数>>>
{
  "username": "cxk",
  "password": 123456
}
[2024-04-05 17:44:55,071][rest_client.py 48][INFO]: 接口请求的headers参数>>>
{
  "Connection": "keep-alive"
}
[2024-04-05 17:44:55,079][rest_client.py 19][INFO]: 接口返回内容>>>
{
  "code": 0,
  "msg": "账号不存在",
  "data": null
}
[2024-04-05 17:44:55,094][rest_client.py 39][INFO]: 接口请求的地址>>>http://localhost:8080/admin/employee/login
[2024-04-05 17:44:55,094][rest_client.py 40][INFO]: 接口请求的方法>>>POST
[2024-04-05 17:44:55,094][rest_client.py 44][INFO]: 接口请求的json参数>>>
{
  "username": "admin",
  "password": 123456
}
[2024-04-05 17:44:55,094][rest_client.py 48][INFO]: 接口请求的headers参数>>>
{
  "Connection": "keep-alive"
}
[2024-04-05 17:44:55,136][rest_client.py 19][INFO]: 接口返回内容>>>
{
  "code": 1,
  "msg": null,
  "data": {
    "id": 1,
    "userName": "admin",
    "name": "管理员",
    "token": "eyJhbGciOiJIUzI1NiJ9.eyJlbXBJZCI6MSwiZXhwIjoxNzEyMzE3NDk1fQ.CPInaSaBrN7rTNweSZGwOaluc7yGEgb5yF7J4zfFzHM"
  }
}
[2024-04-05 17:44:55,147][rest_client.py 39][INFO]: 接口请求的地址>>>http://localhost:8080/admin/employee/2
[2024-04-05 17:44:55,148][rest_client.py 40][INFO]: 接口请求的方法>>>GET
[2024-04-05 17:44:55,148][rest_client.py 48][INFO]: 接口请求的headers参数>>>
{
  "Connection": "keep-alive",
  "token": null
}
[2024-04-05 17:44:55,252][rest_client.py 39][INFO]: 接口请求的地址>>>http://localhost:8080/admin/employee
[2024-04-05 17:44:55,252][rest_client.py 40][INFO]: 接口请求的方法>>>POST
[2024-04-05 17:44:55,252][rest_client.py 44][INFO]: 接口请求的json参数>>>
{
  "idNumber": "441423200105160031",
  "name": "冯源祥02",
  "phone": "17820064773",
  "sex": "1",
  "username": "fyx032"
}
[2024-04-05 17:44:55,252][rest_client.py 48][INFO]: 接口请求的headers参数>>>
{
  "Connection": "keep-alive",
  "token": null
}
[2024-04-05 17:44:55,361][rest_client.py 39][INFO]: 接口请求的地址>>>http://localhost:8080/admin/employee
[2024-04-05 17:44:55,361][rest_client.py 40][INFO]: 接口请求的方法>>>PUT
[2024-04-05 17:44:55,361][rest_client.py 44][INFO]: 接口请求的json参数>>>
{
  "id": 2,
  "idNumber": "441423200105160031",
  "name": "冯源祥",
  "phone": "17820064773",
  "sex": "1",
  "username": "fyx"
}
[2024-04-05 17:44:55,362][rest_client.py 48][INFO]: 接口请求的headers参数>>>
{
  "Connection": "keep-alive",
  "token": null
}
[2024-04-05 17:44:55,439][rest_client.py 39][INFO]: 接口请求的地址>>>http://localhost:8080/admin/employee/page/
[2024-04-05 17:44:55,439][rest_client.py 40][INFO]: 接口请求的方法>>>GET
[2024-04-05 17:44:55,439][rest_client.py 46][INFO]: 接口请求的params参数>>>
{
  "name": "冯源祥",
  "page": "1",
  "pageSize": "5"
}
[2024-04-05 17:44:55,439][rest_client.py 48][INFO]: 接口请求的headers参数>>>
{
  "Connection": "keep-alive",
  "token": null
}
[2024-04-05 17:44:55,492][rest_client.py 39][INFO]: 接口请求的地址>>>http://localhost:8080/admin/employee/status/0
[2024-04-05 17:44:55,492][rest_client.py 40][INFO]: 接口请求的方法>>>POST
[2024-04-05 17:44:55,492][rest_client.py 46][INFO]: 接口请求的params参数>>>
{
  "id": 2
}
[2024-04-05 17:44:55,493][rest_client.py 48][INFO]: 接口请求的headers参数>>>
{
  "Connection": "keep-alive",
  "token": null
}
[2024-04-05 17:44:55,556][rest_client.py 39][INFO]: 接口请求的地址>>>http://localhost:8080/admin/employee/logout
[2024-04-05 17:44:55,556][rest_client.py 40][INFO]: 接口请求的方法>>>POST
[2024-04-05 17:44:55,556][rest_client.py 48][INFO]: 接口请求的headers参数>>>
{
  "Connection": "keep-alive",
  "token": null
}
[2024-04-05 17:46:00,566][rest_client.py 39][INFO]: 接口请求的地址>>>http://localhost:8080/admin/employee/login
[2024-04-05 17:46:00,566][rest_client.py 40][INFO]: 接口请求的方法>>>POST
[2024-04-05 17:46:00,566][rest_client.py 44][INFO]: 接口请求的json参数>>>
{
  "username": "fyx",
  "password": 123456
}
[2024-04-05 17:46:00,566][rest_client.py 48][INFO]: 接口请求的headers参数>>>
{
  "Connection": "keep-alive"
}
[2024-04-05 17:46:00,598][rest_client.py 19][INFO]: 接口返回内容>>>
{
  "code": 0,
  "msg": "账号被锁定",
  "data": null
}
[2024-04-05 17:46:00,790][rest_client.py 39][INFO]: 接口请求的地址>>>http://localhost:8080/admin/employee/login
[2024-04-05 17:46:00,790][rest_client.py 40][INFO]: 接口请求的方法>>>POST
[2024-04-05 17:46:00,790][rest_client.py 44][INFO]: 接口请求的json参数>>>
{
  "username": "fyx",
  "password": 123456
}
[2024-04-05 17:46:00,790][rest_client.py 48][INFO]: 接口请求的headers参数>>>
{
  "Connection": "keep-alive"
}
[2024-04-05 17:46:00,802][rest_client.py 19][INFO]: 接口返回内容>>>
{
  "code": 0,
  "msg": "账号被锁定",
  "data": null
}
[2024-04-05 17:46:00,820][rest_client.py 39][INFO]: 接口请求的地址>>>http://localhost:8080/admin/employee/login
[2024-04-05 17:46:00,820][rest_client.py 40][INFO]: 接口请求的方法>>>POST
[2024-04-05 17:46:00,820][rest_client.py 44][INFO]: 接口请求的json参数>>>
{
  "username": "cxk",
  "password": 123456
}
[2024-04-05 17:46:00,820][rest_client.py 48][INFO]: 接口请求的headers参数>>>
{
  "Connection": "keep-alive"
}
[2024-04-05 17:46:00,829][rest_client.py 19][INFO]: 接口返回内容>>>
{
  "code": 0,
  "msg": "账号不存在",
  "data": null
}
[2024-04-05 17:46:00,851][rest_client.py 39][INFO]: 接口请求的地址>>>http://localhost:8080/admin/employee/login
[2024-04-05 17:46:00,851][rest_client.py 40][INFO]: 接口请求的方法>>>POST
[2024-04-05 17:46:00,851][rest_client.py 44][INFO]: 接口请求的json参数>>>
{
  "username": "admin",
  "password": 123456
}
[2024-04-05 17:46:00,851][rest_client.py 48][INFO]: 接口请求的headers参数>>>
{
  "Connection": "keep-alive"
}
[2024-04-05 17:46:00,861][rest_client.py 19][INFO]: 接口返回内容>>>
{
  "code": 1,
  "msg": null,
  "data": {
    "id": 1,
    "userName": "admin",
    "name": "管理员",
    "token": "eyJhbGciOiJIUzI1NiJ9.eyJlbXBJZCI6MSwiZXhwIjoxNzEyMzE3NTYwfQ.6oEzybqEArwLlxjh-wXKVq9u1agfWnoCHNLgBSSFljI"
  }
}
[2024-04-05 17:46:00,870][rest_client.py 39][INFO]: 接口请求的地址>>>http://localhost:8080/admin/employee/2
[2024-04-05 17:46:00,870][rest_client.py 40][INFO]: 接口请求的方法>>>GET
[2024-04-05 17:46:00,870][rest_client.py 48][INFO]: 接口请求的headers参数>>>
{
  "Connection": "keep-alive",
  "token": null
}
[2024-04-05 17:46:00,921][rest_client.py 39][INFO]: 接口请求的地址>>>http://localhost:8080/admin/employee
[2024-04-05 17:46:00,921][rest_client.py 40][INFO]: 接口请求的方法>>>POST
[2024-04-05 17:46:00,921][rest_client.py 44][INFO]: 接口请求的json参数>>>
{
  "idNumber": "441423200105160031",
  "name": "冯源祥02",
  "phone": "17820064773",
  "sex": "1",
  "username": "fyx032"
}
[2024-04-05 17:46:00,921][rest_client.py 48][INFO]: 接口请求的headers参数>>>
{
  "Connection": "keep-alive",
  "token": null
}
[2024-04-05 17:46:00,973][rest_client.py 39][INFO]: 接口请求的地址>>>http://localhost:8080/admin/employee
[2024-04-05 17:46:00,973][rest_client.py 40][INFO]: 接口请求的方法>>>PUT
[2024-04-05 17:46:00,973][rest_client.py 44][INFO]: 接口请求的json参数>>>
{
  "id": 2,
  "idNumber": "441423200105160031",
  "name": "冯源祥",
  "phone": "17820064773",
  "sex": "1",
  "username": "fyx"
}
[2024-04-05 17:46:00,973][rest_client.py 48][INFO]: 接口请求的headers参数>>>
{
  "Connection": "keep-alive",
  "token": null
}
[2024-04-05 17:46:01,029][rest_client.py 39][INFO]: 接口请求的地址>>>http://localhost:8080/admin/employee/page/
[2024-04-05 17:46:01,029][rest_client.py 40][INFO]: 接口请求的方法>>>GET
[2024-04-05 17:46:01,029][rest_client.py 46][INFO]: 接口请求的params参数>>>
{
  "name": "冯源祥",
  "page": "1",
  "pageSize": "5"
}
[2024-04-05 17:46:01,029][rest_client.py 48][INFO]: 接口请求的headers参数>>>
{
  "Connection": "keep-alive",
  "token": null
}
[2024-04-05 17:46:01,077][rest_client.py 39][INFO]: 接口请求的地址>>>http://localhost:8080/admin/employee/status/0
[2024-04-05 17:46:01,077][rest_client.py 40][INFO]: 接口请求的方法>>>POST
[2024-04-05 17:46:01,077][rest_client.py 46][INFO]: 接口请求的params参数>>>
{
  "id": 2
}
[2024-04-05 17:46:01,077][rest_client.py 48][INFO]: 接口请求的headers参数>>>
{
  "Connection": "keep-alive",
  "token": null
}
[2024-04-05 17:46:01,131][rest_client.py 39][INFO]: 接口请求的地址>>>http://localhost:8080/admin/employee/logout
[2024-04-05 17:46:01,131][rest_client.py 40][INFO]: 接口请求的方法>>>POST
[2024-04-05 17:46:01,131][rest_client.py 48][INFO]: 接口请求的headers参数>>>
{
  "Connection": "keep-alive",
  "token": null
}
[2024-04-05 17:46:33,865][rest_client.py 39][INFO]: 接口请求的地址>>>http://localhost:8080/admin/employee/login
[2024-04-05 17:46:33,865][rest_client.py 40][INFO]: 接口请求的方法>>>POST
[2024-04-05 17:46:33,866][rest_client.py 44][INFO]: 接口请求的json参数>>>
{
  "username": "fyx",
  "password": 123456
}
[2024-04-05 17:46:33,866][rest_client.py 48][INFO]: 接口请求的headers参数>>>
{
  "Connection": "keep-alive"
}
[2024-04-05 17:46:33,879][rest_client.py 19][INFO]: 接口返回内容>>>
{
  "code": 1,
  "msg": null,
  "data": {
    "id": 2,
    "userName": "fyx",
    "name": "冯源祥",
    "token": "eyJhbGciOiJIUzI1NiJ9.eyJlbXBJZCI6MiwiZXhwIjoxNzEyMzE3NTkzfQ.j6HJAkDs67Z0zSiKu5HEgTjrXzHBrfEMv5tk3JaIaTw"
  }
}
[2024-04-05 17:46:33,886][rest_client.py 39][INFO]: 接口请求的地址>>>http://localhost:8080/admin/employee/login
[2024-04-05 17:46:33,886][rest_client.py 40][INFO]: 接口请求的方法>>>POST
[2024-04-05 17:46:33,887][rest_client.py 44][INFO]: 接口请求的json参数>>>
{
  "username": "fyx",
  "password": 123456
}
[2024-04-05 17:46:33,887][rest_client.py 48][INFO]: 接口请求的headers参数>>>
{
  "Connection": "keep-alive"
}
[2024-04-05 17:46:33,894][rest_client.py 19][INFO]: 接口返回内容>>>
{
  "code": 1,
  "msg": null,
  "data": {
    "id": 2,
    "userName": "fyx",
    "name": "冯源祥",
    "token": "eyJhbGciOiJIUzI1NiJ9.eyJlbXBJZCI6MiwiZXhwIjoxNzEyMzE3NTkzfQ.j6HJAkDs67Z0zSiKu5HEgTjrXzHBrfEMv5tk3JaIaTw"
  }
}
[2024-04-05 17:46:33,900][rest_client.py 39][INFO]: 接口请求的地址>>>http://localhost:8080/admin/employee/login
[2024-04-05 17:46:33,901][rest_client.py 40][INFO]: 接口请求的方法>>>POST
[2024-04-05 17:46:33,901][rest_client.py 44][INFO]: 接口请求的json参数>>>
{
  "username": "cxk",
  "password": 123456
}
[2024-04-05 17:46:33,901][rest_client.py 48][INFO]: 接口请求的headers参数>>>
{
  "Connection": "keep-alive"
}
[2024-04-05 17:46:33,908][rest_client.py 19][INFO]: 接口返回内容>>>
{
  "code": 0,
  "msg": "账号不存在",
  "data": null
}
[2024-04-05 17:46:34,122][rest_client.py 39][INFO]: 接口请求的地址>>>http://localhost:8080/admin/employee/login
[2024-04-05 17:46:34,122][rest_client.py 40][INFO]: 接口请求的方法>>>POST
[2024-04-05 17:46:34,122][rest_client.py 44][INFO]: 接口请求的json参数>>>
{
  "username": "admin",
  "password": 123456
}
[2024-04-05 17:46:34,123][rest_client.py 48][INFO]: 接口请求的headers参数>>>
{
  "Connection": "keep-alive"
}
[2024-04-05 17:46:34,131][rest_client.py 19][INFO]: 接口返回内容>>>
{
  "code": 1,
  "msg": null,
  "data": {
    "id": 1,
    "userName": "admin",
    "name": "管理员",
    "token": "eyJhbGciOiJIUzI1NiJ9.eyJlbXBJZCI6MSwiZXhwIjoxNzEyMzE3NTk0fQ.yaaDrA7qpbfL4KHxdAG2s-T0YcAQQiCtZkmRoPn0piE"
  }
}
[2024-04-05 17:46:34,145][rest_client.py 39][INFO]: 接口请求的地址>>>http://localhost:8080/admin/employee/2
[2024-04-05 17:46:34,146][rest_client.py 40][INFO]: 接口请求的方法>>>GET
[2024-04-05 17:46:34,146][rest_client.py 48][INFO]: 接口请求的headers参数>>>
{
  "Connection": "keep-alive",
  "token": "eyJhbGciOiJIUzI1NiJ9.eyJlbXBJZCI6MiwiZXhwIjoxNzEyMzE3NTkzfQ.j6HJAkDs67Z0zSiKu5HEgTjrXzHBrfEMv5tk3JaIaTw"
}
[2024-04-05 17:46:34,179][rest_client.py 19][INFO]: 接口返回内容>>>
{
  "code": 1,
  "msg": null,
  "data": {
    "id": 2,
    "username": "fyx",
    "name": "冯源祥",
    "password": "******",
    "phone": "17820064773",
    "sex": "1",
    "idNumber": "441423200105160031",
    "status": 1,
    "createTime": "2023-12-26 16:15:59",
    "updateTime": "2024-03-29 23:10:19",
    "createUser": 1,
    "updateUser": 2
  }
}
[2024-04-05 17:46:34,189][rest_client.py 39][INFO]: 接口请求的地址>>>http://localhost:8080/admin/employee
[2024-04-05 17:46:34,189][rest_client.py 40][INFO]: 接口请求的方法>>>POST
[2024-04-05 17:46:34,190][rest_client.py 44][INFO]: 接口请求的json参数>>>
{
  "idNumber": "441423200105160031",
  "name": "冯源祥02",
  "phone": "17820064773",
  "sex": "1",
  "username": "fyx032"
}
[2024-04-05 17:46:34,190][rest_client.py 48][INFO]: 接口请求的headers参数>>>
{
  "Connection": "keep-alive",
  "token": "eyJhbGciOiJIUzI1NiJ9.eyJlbXBJZCI6MiwiZXhwIjoxNzEyMzE3NTkzfQ.j6HJAkDs67Z0zSiKu5HEgTjrXzHBrfEMv5tk3JaIaTw"
}
[2024-04-05 17:46:34,270][rest_client.py 19][INFO]: 接口返回内容>>>
{
  "code": 0,
  "msg": "'fyx032'已存在",
  "data": null
}
[2024-04-05 17:46:34,287][rest_client.py 39][INFO]: 接口请求的地址>>>http://localhost:8080/admin/employee
[2024-04-05 17:46:34,288][rest_client.py 40][INFO]: 接口请求的方法>>>PUT
[2024-04-05 17:46:34,288][rest_client.py 44][INFO]: 接口请求的json参数>>>
{
  "id": 2,
  "idNumber": "441423200105160031",
  "name": "冯源祥",
  "phone": "17820064773",
  "sex": "1",
  "username": "fyx"
}
[2024-04-05 17:46:34,288][rest_client.py 48][INFO]: 接口请求的headers参数>>>
{
  "Connection": "keep-alive",
  "token": "eyJhbGciOiJIUzI1NiJ9.eyJlbXBJZCI6MiwiZXhwIjoxNzEyMzE3NTkzfQ.j6HJAkDs67Z0zSiKu5HEgTjrXzHBrfEMv5tk3JaIaTw"
}
[2024-04-05 17:46:34,314][rest_client.py 19][INFO]: 接口返回内容>>>
{
  "code": 1,
  "msg": null,
  "data": null
}
[2024-04-05 17:46:34,323][rest_client.py 39][INFO]: 接口请求的地址>>>http://localhost:8080/admin/employee/page/
[2024-04-05 17:46:34,323][rest_client.py 40][INFO]: 接口请求的方法>>>GET
[2024-04-05 17:46:34,323][rest_client.py 46][INFO]: 接口请求的params参数>>>
{
  "name": "冯源祥",
  "page": "1",
  "pageSize": "5"
}
[2024-04-05 17:46:34,323][rest_client.py 48][INFO]: 接口请求的headers参数>>>
{
  "Connection": "keep-alive",
  "token": "eyJhbGciOiJIUzI1NiJ9.eyJlbXBJZCI6MiwiZXhwIjoxNzEyMzE3NTkzfQ.j6HJAkDs67Z0zSiKu5HEgTjrXzHBrfEMv5tk3JaIaTw"
}
[2024-04-05 17:46:34,398][rest_client.py 19][INFO]: 接口返回内容>>>
{
  "code": 1,
  "msg": null,
  "data": {
    "total": 5,
    "records": [
      {
        "id": 13,
        "username": "cxkk123",
        "name": "冯源祥005",
        "password": "e10adc3949ba59abbe56e057f20f883e",
        "phone": "17820064773",
        "sex": "1",
        "idNumber": "777728288481950017",
        "status": 1,
        "createTime": "2024-03-11 21:04:34",
        "updateTime": "2024-03-11 21:05:35",
        "createUser": 1,
        "updateUser": 1
      },
      {
        "id": 9,
        "username": "fyx032",
        "name": "冯源祥02",
        "password": "e10adc3949ba59abbe56e057f20f883e",
        "phone": "17820064773",
        "sex": "1",
        "idNumber": "441423200105160031",
        "status": 1,
        "createTime": "2024-02-11 23:19:46",
        "updateTime": "2024-02-11 23:19:46",
        "createUser": 2,
        "updateUser": 2
      },
      {
        "id": 4,
        "username": "fyx03",
        "name": "冯源祥02",
        "password": "e10adc3949ba59abbe56e057f20f883e",
        "phone": "17820064773",
        "sex": "1",
        "idNumber": "441423200105160031",
        "status": 0,
        "createTime": "2024-02-09 00:05:04",
        "updateTime": "2024-02-12 00:54:44",
        "createUser": 2,
        "updateUser": 1
      },
      {
        "id": 3,
        "username": "fyx02",
        "name": "冯源祥02",
        "password": "e10adc3949ba59abbe56e057f20f883e",
        "phone": "17820064773",
        "sex": "1",
        "idNumber": "441423200105160031",
        "status": 1,
        "createTime": "2024-01-31 23:09:54",
        "updateTime": "2024-02-01 00:08:46",
        "createUser": 2,
        "updateUser": 1
      },
      {
        "id": 2,
        "username": "fyx",
        "name": "冯源祥",
        "password": "e10adc3949ba59abbe56e057f20f883e",
        "phone": "17820064773",
        "sex": "1",
        "idNumber": "441423200105160031",
        "status": 1,
        "createTime": "2023-12-26 16:15:59",
        "updateTime": "2024-04-05 17:46:34",
        "createUser": 1,
        "updateUser": 2
      }
    ]
  }
}
[2024-04-05 17:46:34,408][rest_client.py 39][INFO]: 接口请求的地址>>>http://localhost:8080/admin/employee/status/0
[2024-04-05 17:46:34,408][rest_client.py 40][INFO]: 接口请求的方法>>>POST
[2024-04-05 17:46:34,408][rest_client.py 46][INFO]: 接口请求的params参数>>>
{
  "id": 2
}
[2024-04-05 17:46:34,408][rest_client.py 48][INFO]: 接口请求的headers参数>>>
{
  "Connection": "keep-alive",
  "token": "eyJhbGciOiJIUzI1NiJ9.eyJlbXBJZCI6MiwiZXhwIjoxNzEyMzE3NTkzfQ.j6HJAkDs67Z0zSiKu5HEgTjrXzHBrfEMv5tk3JaIaTw"
}
[2024-04-05 17:46:34,420][rest_client.py 19][INFO]: 接口返回内容>>>
{
  "code": 1,
  "msg": null,
  "data": null
}
[2024-04-05 17:46:34,428][rest_client.py 39][INFO]: 接口请求的地址>>>http://localhost:8080/admin/employee/logout
[2024-04-05 17:46:34,429][rest_client.py 40][INFO]: 接口请求的方法>>>POST
[2024-04-05 17:46:34,429][rest_client.py 48][INFO]: 接口请求的headers参数>>>
{
  "Connection": "keep-alive",
  "token": "eyJhbGciOiJIUzI1NiJ9.eyJlbXBJZCI6MiwiZXhwIjoxNzEyMzE3NTkzfQ.j6HJAkDs67Z0zSiKu5HEgTjrXzHBrfEMv5tk3JaIaTw"
}
[2024-04-05 17:46:34,434][rest_client.py 19][INFO]: 接口返回内容>>>
{
  "code": 1,
  "msg": null,
  "data": null
}
[2024-04-05 17:46:50,066][rest_client.py 39][INFO]: 接口请求的地址>>>http://localhost:8080/admin/employee/login
[2024-04-05 17:46:50,066][rest_client.py 40][INFO]: 接口请求的方法>>>POST
[2024-04-05 17:46:50,067][rest_client.py 44][INFO]: 接口请求的json参数>>>
{
  "username": "fyx",
  "password": 123456
}
[2024-04-05 17:46:50,067][rest_client.py 48][INFO]: 接口请求的headers参数>>>
{
  "Connection": "keep-alive"
}
[2024-04-05 17:46:50,082][rest_client.py 19][INFO]: 接口返回内容>>>
{
  "code": 1,
  "msg": null,
  "data": {
    "id": 2,
    "userName": "fyx",
    "name": "冯源祥",
    "token": "eyJhbGciOiJIUzI1NiJ9.eyJlbXBJZCI6MiwiZXhwIjoxNzEyMzE3NjEwfQ.ZvGZmomLv6HUc30zHFxT1gAI44eFzEs01eNt5YVTenM"
  }
}
[2024-04-05 17:46:50,093][rest_client.py 39][INFO]: 接口请求的地址>>>http://localhost:8080/admin/employee/login
[2024-04-05 17:46:50,093][rest_client.py 40][INFO]: 接口请求的方法>>>POST
[2024-04-05 17:46:50,093][rest_client.py 44][INFO]: 接口请求的json参数>>>
{
  "username": "fyx",
  "password": 123456
}
[2024-04-05 17:46:50,094][rest_client.py 48][INFO]: 接口请求的headers参数>>>
{
  "Connection": "keep-alive"
}
[2024-04-05 17:46:50,102][rest_client.py 19][INFO]: 接口返回内容>>>
{
  "code": 1,
  "msg": null,
  "data": {
    "id": 2,
    "userName": "fyx",
    "name": "冯源祥",
    "token": "eyJhbGciOiJIUzI1NiJ9.eyJlbXBJZCI6MiwiZXhwIjoxNzEyMzE3NjEwfQ.ZvGZmomLv6HUc30zHFxT1gAI44eFzEs01eNt5YVTenM"
  }
}
[2024-04-05 17:46:50,109][rest_client.py 39][INFO]: 接口请求的地址>>>http://localhost:8080/admin/employee/login
[2024-04-05 17:46:50,109][rest_client.py 40][INFO]: 接口请求的方法>>>POST
[2024-04-05 17:46:50,109][rest_client.py 44][INFO]: 接口请求的json参数>>>
{
  "username": "cxk",
  "password": 123456
}
[2024-04-05 17:46:50,109][rest_client.py 48][INFO]: 接口请求的headers参数>>>
{
  "Connection": "keep-alive"
}
[2024-04-05 17:46:50,116][rest_client.py 19][INFO]: 接口返回内容>>>
{
  "code": 0,
  "msg": "账号不存在",
  "data": null
}
[2024-04-05 17:46:50,316][rest_client.py 39][INFO]: 接口请求的地址>>>http://localhost:8080/admin/employee/login
[2024-04-05 17:46:50,316][rest_client.py 40][INFO]: 接口请求的方法>>>POST
[2024-04-05 17:46:50,316][rest_client.py 44][INFO]: 接口请求的json参数>>>
{
  "username": "admin",
  "password": 123456
}
[2024-04-05 17:46:50,316][rest_client.py 48][INFO]: 接口请求的headers参数>>>
{
  "Connection": "keep-alive"
}
[2024-04-05 17:46:50,324][rest_client.py 19][INFO]: 接口返回内容>>>
{
  "code": 1,
  "msg": null,
  "data": {
    "id": 1,
    "userName": "admin",
    "name": "管理员",
    "token": "eyJhbGciOiJIUzI1NiJ9.eyJlbXBJZCI6MSwiZXhwIjoxNzEyMzE3NjEwfQ.OlGagw7gwuF3DHfvXOE5IyHht3pAA9RFui57i64-74Q"
  }
}
[2024-04-05 17:46:50,360][rest_client.py 39][INFO]: 接口请求的地址>>>http://localhost:8080/admin/employee/2
[2024-04-05 17:46:50,361][rest_client.py 40][INFO]: 接口请求的方法>>>GET
[2024-04-05 17:46:50,361][rest_client.py 48][INFO]: 接口请求的headers参数>>>
{
  "Connection": "keep-alive",
  "token": "eyJhbGciOiJIUzI1NiJ9.eyJlbXBJZCI6MiwiZXhwIjoxNzEyMzE3NjEwfQ.ZvGZmomLv6HUc30zHFxT1gAI44eFzEs01eNt5YVTenM"
}
[2024-04-05 17:46:50,370][rest_client.py 19][INFO]: 接口返回内容>>>
{
  "code": 1,
  "msg": null,
  "data": {
    "id": 2,
    "username": "fyx",
    "name": "冯源祥",
    "password": "******",
    "phone": "17820064773",
    "sex": "1",
    "idNumber": "441423200105160031",
    "status": 1,
    "createTime": "2023-12-26 16:15:59",
    "updateTime": "2024-04-05 17:46:34",
    "createUser": 1,
    "updateUser": 2
  }
}
[2024-04-05 17:46:50,380][rest_client.py 39][INFO]: 接口请求的地址>>>http://localhost:8080/admin/employee
[2024-04-05 17:46:50,380][rest_client.py 40][INFO]: 接口请求的方法>>>POST
[2024-04-05 17:46:50,380][rest_client.py 44][INFO]: 接口请求的json参数>>>
{
  "idNumber": "441423200105160031",
  "name": "冯源祥02",
  "phone": "17820064773",
  "sex": "1",
  "username": "fyx032"
}
[2024-04-05 17:46:50,380][rest_client.py 48][INFO]: 接口请求的headers参数>>>
{
  "Connection": "keep-alive",
  "token": "eyJhbGciOiJIUzI1NiJ9.eyJlbXBJZCI6MiwiZXhwIjoxNzEyMzE3NjEwfQ.ZvGZmomLv6HUc30zHFxT1gAI44eFzEs01eNt5YVTenM"
}
[2024-04-05 17:46:50,392][rest_client.py 19][INFO]: 接口返回内容>>>
{
  "code": 0,
  "msg": "'fyx032'已存在",
  "data": null
}
[2024-04-05 17:46:50,414][rest_client.py 39][INFO]: 接口请求的地址>>>http://localhost:8080/admin/employee
[2024-04-05 17:46:50,414][rest_client.py 40][INFO]: 接口请求的方法>>>PUT
[2024-04-05 17:46:50,414][rest_client.py 44][INFO]: 接口请求的json参数>>>
{
  "id": 2,
  "idNumber": "441423200105160031",
  "name": "冯源祥",
  "phone": "17820064773",
  "sex": "1",
  "username": "fyx"
}
[2024-04-05 17:46:50,414][rest_client.py 48][INFO]: 接口请求的headers参数>>>
{
  "Connection": "keep-alive",
  "token": "eyJhbGciOiJIUzI1NiJ9.eyJlbXBJZCI6MiwiZXhwIjoxNzEyMzE3NjEwfQ.ZvGZmomLv6HUc30zHFxT1gAI44eFzEs01eNt5YVTenM"
}
[2024-04-05 17:46:50,426][rest_client.py 19][INFO]: 接口返回内容>>>
{
  "code": 1,
  "msg": null,
  "data": null
}
[2024-04-05 17:46:50,433][rest_client.py 39][INFO]: 接口请求的地址>>>http://localhost:8080/admin/employee/page/
[2024-04-05 17:46:50,433][rest_client.py 40][INFO]: 接口请求的方法>>>GET
[2024-04-05 17:46:50,434][rest_client.py 46][INFO]: 接口请求的params参数>>>
{
  "name": "冯源祥",
  "page": "1",
  "pageSize": "5"
}
[2024-04-05 17:46:50,434][rest_client.py 48][INFO]: 接口请求的headers参数>>>
{
  "Connection": "keep-alive",
  "token": "eyJhbGciOiJIUzI1NiJ9.eyJlbXBJZCI6MiwiZXhwIjoxNzEyMzE3NjEwfQ.ZvGZmomLv6HUc30zHFxT1gAI44eFzEs01eNt5YVTenM"
}
[2024-04-05 17:46:50,448][rest_client.py 19][INFO]: 接口返回内容>>>
{
  "code": 1,
  "msg": null,
  "data": {
    "total": 5,
    "records": [
      {
        "id": 13,
        "username": "cxkk123",
        "name": "冯源祥005",
        "password": "e10adc3949ba59abbe56e057f20f883e",
        "phone": "17820064773",
        "sex": "1",
        "idNumber": "777728288481950017",
        "status": 1,
        "createTime": "2024-03-11 21:04:34",
        "updateTime": "2024-03-11 21:05:35",
        "createUser": 1,
        "updateUser": 1
      },
      {
        "id": 9,
        "username": "fyx032",
        "name": "冯源祥02",
        "password": "e10adc3949ba59abbe56e057f20f883e",
        "phone": "17820064773",
        "sex": "1",
        "idNumber": "441423200105160031",
        "status": 1,
        "createTime": "2024-02-11 23:19:46",
        "updateTime": "2024-02-11 23:19:46",
        "createUser": 2,
        "updateUser": 2
      },
      {
        "id": 4,
        "username": "fyx03",
        "name": "冯源祥02",
        "password": "e10adc3949ba59abbe56e057f20f883e",
        "phone": "17820064773",
        "sex": "1",
        "idNumber": "441423200105160031",
        "status": 0,
        "createTime": "2024-02-09 00:05:04",
        "updateTime": "2024-02-12 00:54:44",
        "createUser": 2,
        "updateUser": 1
      },
      {
        "id": 3,
        "username": "fyx02",
        "name": "冯源祥02",
        "password": "e10adc3949ba59abbe56e057f20f883e",
        "phone": "17820064773",
        "sex": "1",
        "idNumber": "441423200105160031",
        "status": 1,
        "createTime": "2024-01-31 23:09:54",
        "updateTime": "2024-02-01 00:08:46",
        "createUser": 2,
        "updateUser": 1
      },
      {
        "id": 2,
        "username": "fyx",
        "name": "冯源祥",
        "password": "e10adc3949ba59abbe56e057f20f883e",
        "phone": "17820064773",
        "sex": "1",
        "idNumber": "441423200105160031",
        "status": 1,
        "createTime": "2023-12-26 16:15:59",
        "updateTime": "2024-04-05 17:46:50",
        "createUser": 1,
        "updateUser": 2
      }
    ]
  }
}
[2024-04-05 17:46:50,457][rest_client.py 39][INFO]: 接口请求的地址>>>http://localhost:8080/admin/employee/status/0
[2024-04-05 17:46:50,457][rest_client.py 40][INFO]: 接口请求的方法>>>POST
[2024-04-05 17:46:50,457][rest_client.py 46][INFO]: 接口请求的params参数>>>
{
  "id": 2
}
[2024-04-05 17:46:50,458][rest_client.py 48][INFO]: 接口请求的headers参数>>>
{
  "Connection": "keep-alive",
  "token": "eyJhbGciOiJIUzI1NiJ9.eyJlbXBJZCI6MiwiZXhwIjoxNzEyMzE3NjEwfQ.ZvGZmomLv6HUc30zHFxT1gAI44eFzEs01eNt5YVTenM"
}
[2024-04-05 17:46:50,468][rest_client.py 19][INFO]: 接口返回内容>>>
{
  "code": 1,
  "msg": null,
  "data": null
}
[2024-04-05 17:46:50,477][rest_client.py 39][INFO]: 接口请求的地址>>>http://localhost:8080/admin/employee/logout
[2024-04-05 17:46:50,477][rest_client.py 40][INFO]: 接口请求的方法>>>POST
[2024-04-05 17:46:50,477][rest_client.py 48][INFO]: 接口请求的headers参数>>>
{
  "Connection": "keep-alive",
  "token": "eyJhbGciOiJIUzI1NiJ9.eyJlbXBJZCI6MiwiZXhwIjoxNzEyMzE3NjEwfQ.ZvGZmomLv6HUc30zHFxT1gAI44eFzEs01eNt5YVTenM"
}
[2024-04-05 17:46:50,483][rest_client.py 19][INFO]: 接口返回内容>>>
{
  "code": 1,
  "msg": null,
  "data": null
}
[2024-04-05 17:47:48,785][rest_client.py 39][INFO]: 接口请求的地址>>>http://localhost:8080/admin/employee/login
[2024-04-05 17:47:48,785][rest_client.py 40][INFO]: 接口请求的方法>>>POST
[2024-04-05 17:47:48,785][rest_client.py 44][INFO]: 接口请求的json参数>>>
{
  "username": "fyx",
  "password": 123456
}
[2024-04-05 17:47:48,785][rest_client.py 48][INFO]: 接口请求的headers参数>>>
{
  "Connection": "keep-alive"
}
[2024-04-05 17:47:48,800][rest_client.py 19][INFO]: 接口返回内容>>>
{
  "code": 1,
  "msg": null,
  "data": {
    "id": 2,
    "userName": "fyx",
    "name": "冯源祥",
    "token": "eyJhbGciOiJIUzI1NiJ9.eyJlbXBJZCI6MiwiZXhwIjoxNzEyMzE3NjY4fQ.MBpKVS5FUjU_tAhiehlL-wNWg9L0OQNw4Dmjufw-61k"
  }
}
[2024-04-05 17:47:48,810][rest_client.py 39][INFO]: 接口请求的地址>>>http://localhost:8080/admin/employee/login
[2024-04-05 17:47:48,810][rest_client.py 40][INFO]: 接口请求的方法>>>POST
[2024-04-05 17:47:48,810][rest_client.py 44][INFO]: 接口请求的json参数>>>
{
  "username": "fyx",
  "password": 123456
}
[2024-04-05 17:47:48,810][rest_client.py 48][INFO]: 接口请求的headers参数>>>
{
  "Connection": "keep-alive"
}
[2024-04-05 17:47:48,822][rest_client.py 19][INFO]: 接口返回内容>>>
{
  "code": 1,
  "msg": null,
  "data": {
    "id": 2,
    "userName": "fyx",
    "name": "冯源祥",
    "token": "eyJhbGciOiJIUzI1NiJ9.eyJlbXBJZCI6MiwiZXhwIjoxNzEyMzE3NjY4fQ.MBpKVS5FUjU_tAhiehlL-wNWg9L0OQNw4Dmjufw-61k"
  }
}
[2024-04-05 17:47:48,830][rest_client.py 39][INFO]: 接口请求的地址>>>http://localhost:8080/admin/employee/login
[2024-04-05 17:47:48,830][rest_client.py 40][INFO]: 接口请求的方法>>>POST
[2024-04-05 17:47:48,830][rest_client.py 44][INFO]: 接口请求的json参数>>>
{
  "username": "cxk",
  "password": 123456
}
[2024-04-05 17:47:48,830][rest_client.py 48][INFO]: 接口请求的headers参数>>>
{
  "Connection": "keep-alive"
}
[2024-04-05 17:47:48,838][rest_client.py 19][INFO]: 接口返回内容>>>
{
  "code": 0,
  "msg": "账号不存在",
  "data": null
}
[2024-04-05 17:47:49,041][rest_client.py 39][INFO]: 接口请求的地址>>>http://localhost:8080/admin/employee/login
[2024-04-05 17:47:49,041][rest_client.py 40][INFO]: 接口请求的方法>>>POST
[2024-04-05 17:47:49,042][rest_client.py 44][INFO]: 接口请求的json参数>>>
{
  "username": "admin",
  "password": 123456
}
[2024-04-05 17:47:49,042][rest_client.py 48][INFO]: 接口请求的headers参数>>>
{
  "Connection": "keep-alive"
}
[2024-04-05 17:47:49,050][rest_client.py 19][INFO]: 接口返回内容>>>
{
  "code": 1,
  "msg": null,
  "data": {
    "id": 1,
    "userName": "admin",
    "name": "管理员",
    "token": "eyJhbGciOiJIUzI1NiJ9.eyJlbXBJZCI6MSwiZXhwIjoxNzEyMzE3NjY5fQ.GO-1vbqZrkbaKGZFgadH80CyhpH8h0ba1NRR-j5JYNs"
  }
}
[2024-04-05 17:47:49,067][rest_client.py 39][INFO]: 接口请求的地址>>>http://localhost:8080/admin/employee/2
[2024-04-05 17:47:49,067][rest_client.py 40][INFO]: 接口请求的方法>>>GET
[2024-04-05 17:47:49,068][rest_client.py 48][INFO]: 接口请求的headers参数>>>
{
  "Connection": "keep-alive",
  "token": "eyJhbGciOiJIUzI1NiJ9.eyJlbXBJZCI6MiwiZXhwIjoxNzEyMzE3NjY4fQ.MBpKVS5FUjU_tAhiehlL-wNWg9L0OQNw4Dmjufw-61k"
}
[2024-04-05 17:47:49,076][rest_client.py 19][INFO]: 接口返回内容>>>
{
  "code": 1,
  "msg": null,
  "data": {
    "id": 2,
    "username": "fyx",
    "name": "冯源祥",
    "password": "******",
    "phone": "17820064773",
    "sex": "1",
    "idNumber": "441423200105160031",
    "status": 1,
    "createTime": "2023-12-26 16:15:59",
    "updateTime": "2024-04-05 17:46:50",
    "createUser": 1,
    "updateUser": 2
  }
}
[2024-04-05 17:47:49,087][rest_client.py 39][INFO]: 接口请求的地址>>>http://localhost:8080/admin/employee
[2024-04-05 17:47:49,088][rest_client.py 40][INFO]: 接口请求的方法>>>POST
[2024-04-05 17:47:49,088][rest_client.py 44][INFO]: 接口请求的json参数>>>
{
  "idNumber": "441423200105160031",
  "name": "冯源祥02",
  "phone": "17820064773",
  "sex": "1",
  "username": "fyx032"
}
[2024-04-05 17:47:49,088][rest_client.py 48][INFO]: 接口请求的headers参数>>>
{
  "Connection": "keep-alive",
  "token": "eyJhbGciOiJIUzI1NiJ9.eyJlbXBJZCI6MiwiZXhwIjoxNzEyMzE3NjY4fQ.MBpKVS5FUjU_tAhiehlL-wNWg9L0OQNw4Dmjufw-61k"
}
[2024-04-05 17:47:49,102][rest_client.py 19][INFO]: 接口返回内容>>>
{
  "code": 0,
  "msg": "'fyx032'已存在",
  "data": null
}
[2024-04-05 17:47:49,132][rest_client.py 39][INFO]: 接口请求的地址>>>http://localhost:8080/admin/employee
[2024-04-05 17:47:49,133][rest_client.py 40][INFO]: 接口请求的方法>>>PUT
[2024-04-05 17:47:49,133][rest_client.py 44][INFO]: 接口请求的json参数>>>
{
  "id": 2,
  "idNumber": "441423200105160031",
  "name": "冯源祥",
  "phone": "17820064773",
  "sex": "1",
  "username": "fyx"
}
[2024-04-05 17:47:49,133][rest_client.py 48][INFO]: 接口请求的headers参数>>>
{
  "Connection": "keep-alive",
  "token": "eyJhbGciOiJIUzI1NiJ9.eyJlbXBJZCI6MiwiZXhwIjoxNzEyMzE3NjY4fQ.MBpKVS5FUjU_tAhiehlL-wNWg9L0OQNw4Dmjufw-61k"
}
[2024-04-05 17:47:49,153][rest_client.py 19][INFO]: 接口返回内容>>>
{
  "code": 1,
  "msg": null,
  "data": null
}
[2024-04-05 17:47:49,165][rest_client.py 39][INFO]: 接口请求的地址>>>http://localhost:8080/admin/employee/page/
[2024-04-05 17:47:49,165][rest_client.py 40][INFO]: 接口请求的方法>>>GET
[2024-04-05 17:47:49,165][rest_client.py 46][INFO]: 接口请求的params参数>>>
{
  "name": "冯源祥",
  "page": "1",
  "pageSize": "5"
}
[2024-04-05 17:47:49,165][rest_client.py 48][INFO]: 接口请求的headers参数>>>
{
  "Connection": "keep-alive",
  "token": "eyJhbGciOiJIUzI1NiJ9.eyJlbXBJZCI6MiwiZXhwIjoxNzEyMzE3NjY4fQ.MBpKVS5FUjU_tAhiehlL-wNWg9L0OQNw4Dmjufw-61k"
}
[2024-04-05 17:47:49,179][rest_client.py 19][INFO]: 接口返回内容>>>
{
  "code": 1,
  "msg": null,
  "data": {
    "total": 5,
    "records": [
      {
        "id": 13,
        "username": "cxkk123",
        "name": "冯源祥005",
        "password": "e10adc3949ba59abbe56e057f20f883e",
        "phone": "17820064773",
        "sex": "1",
        "idNumber": "777728288481950017",
        "status": 1,
        "createTime": "2024-03-11 21:04:34",
        "updateTime": "2024-03-11 21:05:35",
        "createUser": 1,
        "updateUser": 1
      },
      {
        "id": 9,
        "username": "fyx032",
        "name": "冯源祥02",
        "password": "e10adc3949ba59abbe56e057f20f883e",
        "phone": "17820064773",
        "sex": "1",
        "idNumber": "441423200105160031",
        "status": 1,
        "createTime": "2024-02-11 23:19:46",
        "updateTime": "2024-02-11 23:19:46",
        "createUser": 2,
        "updateUser": 2
      },
      {
        "id": 4,
        "username": "fyx03",
        "name": "冯源祥02",
        "password": "e10adc3949ba59abbe56e057f20f883e",
        "phone": "17820064773",
        "sex": "1",
        "idNumber": "441423200105160031",
        "status": 0,
        "createTime": "2024-02-09 00:05:04",
        "updateTime": "2024-02-12 00:54:44",
        "createUser": 2,
        "updateUser": 1
      },
      {
        "id": 3,
        "username": "fyx02",
        "name": "冯源祥02",
        "password": "e10adc3949ba59abbe56e057f20f883e",
        "phone": "17820064773",
        "sex": "1",
        "idNumber": "441423200105160031",
        "status": 1,
        "createTime": "2024-01-31 23:09:54",
        "updateTime": "2024-02-01 00:08:46",
        "createUser": 2,
        "updateUser": 1
      },
      {
        "id": 2,
        "username": "fyx",
        "name": "冯源祥",
        "password": "e10adc3949ba59abbe56e057f20f883e",
        "phone": "17820064773",
        "sex": "1",
        "idNumber": "441423200105160031",
        "status": 1,
        "createTime": "2023-12-26 16:15:59",
        "updateTime": "2024-04-05 17:47:49",
        "createUser": 1,
        "updateUser": 2
      }
    ]
  }
}
[2024-04-05 17:47:49,188][rest_client.py 39][INFO]: 接口请求的地址>>>http://localhost:8080/admin/employee/status/0
[2024-04-05 17:47:49,188][rest_client.py 40][INFO]: 接口请求的方法>>>POST
[2024-04-05 17:47:49,188][rest_client.py 46][INFO]: 接口请求的params参数>>>
{
  "id": 2
}
[2024-04-05 17:47:49,188][rest_client.py 48][INFO]: 接口请求的headers参数>>>
{
  "Connection": "keep-alive",
  "token": "eyJhbGciOiJIUzI1NiJ9.eyJlbXBJZCI6MiwiZXhwIjoxNzEyMzE3NjY4fQ.MBpKVS5FUjU_tAhiehlL-wNWg9L0OQNw4Dmjufw-61k"
}
[2024-04-05 17:47:49,199][rest_client.py 19][INFO]: 接口返回内容>>>
{
  "code": 1,
  "msg": null,
  "data": null
}
[2024-04-05 17:47:49,208][rest_client.py 39][INFO]: 接口请求的地址>>>http://localhost:8080/admin/employee/logout
[2024-04-05 17:47:49,208][rest_client.py 40][INFO]: 接口请求的方法>>>POST
[2024-04-05 17:47:49,208][rest_client.py 48][INFO]: 接口请求的headers参数>>>
{
  "Connection": "keep-alive",
  "token": "eyJhbGciOiJIUzI1NiJ9.eyJlbXBJZCI6MiwiZXhwIjoxNzEyMzE3NjY4fQ.MBpKVS5FUjU_tAhiehlL-wNWg9L0OQNw4Dmjufw-61k"
}
[2024-04-05 17:47:49,214][rest_client.py 19][INFO]: 接口返回内容>>>
{
  "code": 1,
  "msg": null,
  "data": null
}
