[2024-03-24 23:42:08,270][rest_client.py 39][INFO]: 接口请求的地址>>>http://localhost:8080/admin/employee/login
[2024-03-24 23:42:08,270][rest_client.py 40][INFO]: 接口请求的方法>>>POST
[2024-03-24 23:42:08,270][rest_client.py 44][INFO]: 接口请求的json参数>>>
{
  "username": "fyx",
  "password": 123456
}
[2024-03-24 23:42:08,270][rest_client.py 48][INFO]: 接口请求的headers参数>>>
{
  "Connection": "keep-alive"
}
[2024-03-24 23:42:08,684][rest_client.py 19][INFO]: 接口返回内容>>>
{
  "code": 1,
  "msg": null,
  "data": {
    "id": 2,
    "userName": "fyx",
    "name": "冯源祥",
    "token": "eyJhbGciOiJIUzI1NiJ9.eyJlbXBJZCI6MiwiZXhwIjoxNzExMzAyMTI4fQ.9JLugqtnE3EmhNWCDWkVVWY4C2tOUT5Vxhjr7A2z0z0"
  }
}
[2024-03-24 23:42:17,133][rest_client.py 39][INFO]: 接口请求的地址>>>http://localhost:8080/admin/employee/login
[2024-03-24 23:42:17,133][rest_client.py 40][INFO]: 接口请求的方法>>>POST
[2024-03-24 23:42:17,133][rest_client.py 44][INFO]: 接口请求的json参数>>>
{
  "username": "fyx",
  "password": 123456
}
[2024-03-24 23:42:17,133][rest_client.py 48][INFO]: 接口请求的headers参数>>>
{
  "Connection": "keep-alive"
}
[2024-03-24 23:42:17,145][rest_client.py 19][INFO]: 接口返回内容>>>
{
  "code": 1,
  "msg": null,
  "data": {
    "id": 2,
    "userName": "fyx",
    "name": "冯源祥",
    "token": "eyJhbGciOiJIUzI1NiJ9.eyJlbXBJZCI6MiwiZXhwIjoxNzExMzAyMTM3fQ.SVMfTfDOvfXzAjqshMoPqaoGncwHoxGMo07c0qoNGkg"
  }
}
[2024-03-24 23:42:17,174][rest_client.py 39][INFO]: 接口请求的地址>>>http://localhost:8080/admin/employee/login
[2024-03-24 23:42:17,174][rest_client.py 40][INFO]: 接口请求的方法>>>POST
[2024-03-24 23:42:17,174][rest_client.py 44][INFO]: 接口请求的json参数>>>
{
  "username": "fyx",
  "password": 123456
}
[2024-03-24 23:42:17,174][rest_client.py 48][INFO]: 接口请求的headers参数>>>
{
  "Connection": "keep-alive"
}
[2024-03-24 23:42:17,181][rest_client.py 19][INFO]: 接口返回内容>>>
{
  "code": 1,
  "msg": null,
  "data": {
    "id": 2,
    "userName": "fyx",
    "name": "冯源祥",
    "token": "eyJhbGciOiJIUzI1NiJ9.eyJlbXBJZCI6MiwiZXhwIjoxNzExMzAyMTM3fQ.SVMfTfDOvfXzAjqshMoPqaoGncwHoxGMo07c0qoNGkg"
  }
}
[2024-03-24 23:42:17,187][rest_client.py 39][INFO]: 接口请求的地址>>>http://localhost:8080/admin/employee/login
[2024-03-24 23:42:17,187][rest_client.py 40][INFO]: 接口请求的方法>>>POST
[2024-03-24 23:42:17,187][rest_client.py 44][INFO]: 接口请求的json参数>>>
{
  "username": "cxk",
  "password": 123456
}
[2024-03-24 23:42:17,187][rest_client.py 48][INFO]: 接口请求的headers参数>>>
{
  "Connection": "keep-alive"
}
[2024-03-24 23:42:17,196][rest_client.py 19][INFO]: 接口返回内容>>>
{
  "code": 0,
  "msg": "账号不存在",
  "data": null
}
[2024-03-24 23:42:17,370][rest_client.py 39][INFO]: 接口请求的地址>>>http://localhost:8080/admin/employee/login
[2024-03-24 23:42:17,370][rest_client.py 40][INFO]: 接口请求的方法>>>POST
[2024-03-24 23:42:17,371][rest_client.py 44][INFO]: 接口请求的json参数>>>
{
  "username": "admin",
  "password": 123456
}
[2024-03-24 23:42:17,371][rest_client.py 48][INFO]: 接口请求的headers参数>>>
{
  "Connection": "keep-alive"
}
[2024-03-24 23:42:17,379][rest_client.py 19][INFO]: 接口返回内容>>>
{
  "code": 1,
  "msg": null,
  "data": {
    "id": 1,
    "userName": "admin",
    "name": "管理员",
    "token": "eyJhbGciOiJIUzI1NiJ9.eyJlbXBJZCI6MSwiZXhwIjoxNzExMzAyMTM3fQ.p8gnmuPaoYJBctwY5J3OgsAADN0Sqh5zZHK1wkWOCTY"
  }
}
[2024-03-24 23:42:17,390][rest_client.py 39][INFO]: 接口请求的地址>>>http://localhost:8080/admin/employee/2
[2024-03-24 23:42:17,390][rest_client.py 40][INFO]: 接口请求的方法>>>GET
[2024-03-24 23:42:17,390][rest_client.py 48][INFO]: 接口请求的headers参数>>>
{
  "Connection": "keep-alive",
  "token": "eyJhbGciOiJIUzI1NiJ9.eyJlbXBJZCI6MiwiZXhwIjoxNzExMzAyMTM3fQ.SVMfTfDOvfXzAjqshMoPqaoGncwHoxGMo07c0qoNGkg"
}
[2024-03-24 23:42:17,426][rest_client.py 19][INFO]: 接口返回内容>>>
{
  "code": 1,
  "msg": null,
  "data": {
    "id": 2,
    "username": "fyx",
    "name": "冯源祥",
    "password": "******",
    "phone": "17820064773",
    "sex": "1",
    "idNumber": "441423200105160031",
    "status": 1,
    "createTime": "2023-12-26 16:15:59",
    "updateTime": "2024-02-16 21:51:32",
    "createUser": 1,
    "updateUser": 2
  }
}
[2024-03-24 23:42:17,435][rest_client.py 39][INFO]: 接口请求的地址>>>http://localhost:8080/admin/employee
[2024-03-24 23:42:17,435][rest_client.py 40][INFO]: 接口请求的方法>>>POST
[2024-03-24 23:42:17,435][rest_client.py 44][INFO]: 接口请求的json参数>>>
{
  "idNumber": "441423200105160031",
  "name": "冯源祥02",
  "phone": "17820064773",
  "sex": "1",
  "username": "fyx032"
}
[2024-03-24 23:42:17,436][rest_client.py 48][INFO]: 接口请求的headers参数>>>
{
  "Connection": "keep-alive",
  "token": "eyJhbGciOiJIUzI1NiJ9.eyJlbXBJZCI6MiwiZXhwIjoxNzExMzAyMTM3fQ.SVMfTfDOvfXzAjqshMoPqaoGncwHoxGMo07c0qoNGkg"
}
[2024-03-24 23:42:17,522][rest_client.py 19][INFO]: 接口返回内容>>>
{
  "code": 0,
  "msg": "'fyx032'已存在",
  "data": null
}
[2024-03-24 23:42:17,536][rest_client.py 39][INFO]: 接口请求的地址>>>http://localhost:8080/admin/employee
[2024-03-24 23:42:17,537][rest_client.py 40][INFO]: 接口请求的方法>>>PUT
[2024-03-24 23:42:17,537][rest_client.py 44][INFO]: 接口请求的json参数>>>
{
  "id": 2,
  "idNumber": "441423200105160031",
  "name": "冯源祥",
  "phone": "17820064773",
  "sex": "1",
  "username": "fyx"
}
[2024-03-24 23:42:17,537][rest_client.py 48][INFO]: 接口请求的headers参数>>>
{
  "Connection": "keep-alive",
  "token": "eyJhbGciOiJIUzI1NiJ9.eyJlbXBJZCI6MiwiZXhwIjoxNzExMzAyMTM3fQ.SVMfTfDOvfXzAjqshMoPqaoGncwHoxGMo07c0qoNGkg"
}
[2024-03-24 23:42:17,570][rest_client.py 19][INFO]: 接口返回内容>>>
{
  "code": 1,
  "msg": null,
  "data": null
}
[2024-03-24 23:42:17,576][rest_client.py 39][INFO]: 接口请求的地址>>>http://localhost:8080/admin/employee/page/
[2024-03-24 23:42:17,576][rest_client.py 40][INFO]: 接口请求的方法>>>GET
[2024-03-24 23:42:17,576][rest_client.py 46][INFO]: 接口请求的params参数>>>
{
  "name": "冯源祥",
  "page": "1",
  "pageSize": "5"
}
[2024-03-24 23:42:17,576][rest_client.py 48][INFO]: 接口请求的headers参数>>>
{
  "Connection": "keep-alive",
  "token": "eyJhbGciOiJIUzI1NiJ9.eyJlbXBJZCI6MiwiZXhwIjoxNzExMzAyMTM3fQ.SVMfTfDOvfXzAjqshMoPqaoGncwHoxGMo07c0qoNGkg"
}
[2024-03-24 23:42:17,652][rest_client.py 19][INFO]: 接口返回内容>>>
{
  "code": 1,
  "msg": null,
  "data": {
    "total": 5,
    "records": [
      {
        "id": 13,
        "username": "cxkk123",
        "name": "冯源祥005",
        "password": "e10adc3949ba59abbe56e057f20f883e",
        "phone": "17820064773",
        "sex": "1",
        "idNumber": "777728288481950017",
        "status": 1,
        "createTime": "2024-03-11 21:04:34",
        "updateTime": "2024-03-11 21:05:35",
        "createUser": 1,
        "updateUser": 1
      },
      {
        "id": 9,
        "username": "fyx032",
        "name": "冯源祥02",
        "password": "e10adc3949ba59abbe56e057f20f883e",
        "phone": "17820064773",
        "sex": "1",
        "idNumber": "441423200105160031",
        "status": 1,
        "createTime": "2024-02-11 23:19:46",
        "updateTime": "2024-02-11 23:19:46",
        "createUser": 2,
        "updateUser": 2
      },
      {
        "id": 4,
        "username": "fyx03",
        "name": "冯源祥02",
        "password": "e10adc3949ba59abbe56e057f20f883e",
        "phone": "17820064773",
        "sex": "1",
        "idNumber": "441423200105160031",
        "status": 0,
        "createTime": "2024-02-09 00:05:04",
        "updateTime": "2024-02-12 00:54:44",
        "createUser": 2,
        "updateUser": 1
      },
      {
        "id": 3,
        "username": "fyx02",
        "name": "冯源祥02",
        "password": "e10adc3949ba59abbe56e057f20f883e",
        "phone": "17820064773",
        "sex": "1",
        "idNumber": "441423200105160031",
        "status": 1,
        "createTime": "2024-01-31 23:09:54",
        "updateTime": "2024-02-01 00:08:46",
        "createUser": 2,
        "updateUser": 1
      },
      {
        "id": 2,
        "username": "fyx",
        "name": "冯源祥",
        "password": "e10adc3949ba59abbe56e057f20f883e",
        "phone": "17820064773",
        "sex": "1",
        "idNumber": "441423200105160031",
        "status": 1,
        "createTime": "2023-12-26 16:15:59",
        "updateTime": "2024-03-24 23:42:18",
        "createUser": 1,
        "updateUser": 2
      }
    ]
  }
}
[2024-03-24 23:42:17,662][rest_client.py 39][INFO]: 接口请求的地址>>>http://localhost:8080/admin/employee/status/0
[2024-03-24 23:42:17,663][rest_client.py 40][INFO]: 接口请求的方法>>>POST
[2024-03-24 23:42:17,663][rest_client.py 46][INFO]: 接口请求的params参数>>>
{
  "id": 2
}
[2024-03-24 23:42:17,663][rest_client.py 48][INFO]: 接口请求的headers参数>>>
{
  "Connection": "keep-alive",
  "token": "eyJhbGciOiJIUzI1NiJ9.eyJlbXBJZCI6MiwiZXhwIjoxNzExMzAyMTM3fQ.SVMfTfDOvfXzAjqshMoPqaoGncwHoxGMo07c0qoNGkg"
}
[2024-03-24 23:42:17,677][rest_client.py 19][INFO]: 接口返回内容>>>
{
  "code": 1,
  "msg": null,
  "data": null
}
[2024-03-24 23:42:17,685][rest_client.py 39][INFO]: 接口请求的地址>>>http://localhost:8080/admin/employee/logout
[2024-03-24 23:42:17,686][rest_client.py 40][INFO]: 接口请求的方法>>>POST
[2024-03-24 23:42:17,686][rest_client.py 48][INFO]: 接口请求的headers参数>>>
{
  "Connection": "keep-alive",
  "token": "eyJhbGciOiJIUzI1NiJ9.eyJlbXBJZCI6MiwiZXhwIjoxNzExMzAyMTM3fQ.SVMfTfDOvfXzAjqshMoPqaoGncwHoxGMo07c0qoNGkg"
}
[2024-03-24 23:42:17,691][rest_client.py 19][INFO]: 接口返回内容>>>
{
  "code": 1,
  "msg": null,
  "data": null
}
[2024-03-24 23:49:06,539][rest_client.py 39][INFO]: 接口请求的地址>>>http://localhost:8080/admin/employee/login
[2024-03-24 23:49:06,539][rest_client.py 40][INFO]: 接口请求的方法>>>POST
[2024-03-24 23:49:06,540][rest_client.py 44][INFO]: 接口请求的json参数>>>
{
  "username": "fyx",
  "password": 123456
}
[2024-03-24 23:49:06,541][rest_client.py 48][INFO]: 接口请求的headers参数>>>
{
  "Connection": "keep-alive"
}
[2024-03-24 23:49:17,566][rest_client.py 19][INFO]: 接口返回内容>>>
{
  "code": 0,
  "msg": "账号被锁定",
  "data": null
}
