[2024-02-06 00:14:21,090][rest_client.py 39][INFO]: 接口请求的地址>>>http://localhost:8080/admin/employee/login
[2024-02-06 00:14:21,090][rest_client.py 40][INFO]: 接口请求的方法>>>POST
[2024-02-06 00:14:21,091][rest_client.py 44][INFO]: 接口请求的json参数>>>
{
  "username": "fyx",
  "password": 123456
}
[2024-02-06 00:14:21,091][rest_client.py 48][INFO]: 接口请求的headers参数>>>
{
  "Content-Type": "application/json"
}
[2024-02-06 00:14:21,124][rest_client.py 19][INFO]: 接口返回内容>>>
{
  "code": 1,
  "msg": null,
  "data": {
    "id": 2,
    "userName": "fyx",
    "name": "冯源祥",
    "token": "eyJhbGciOiJIUzI1NiJ9.eyJlbXBJZCI6MiwiZXhwIjoxNzA3MTU2ODYxfQ.2cDYBRvYNOc7nXP5Nkg0X-3GAPOLQTUEutF46t8msnU"
  }
}
[2024-02-06 00:16:44,764][rest_client.py 39][INFO]: 接口请求的地址>>>http://localhost:8080/admin/employee/login
[2024-02-06 00:16:44,765][rest_client.py 40][INFO]: 接口请求的方法>>>POST
[2024-02-06 00:16:44,766][rest_client.py 44][INFO]: 接口请求的json参数>>>
{
  "username": "fyx",
  "password": 123456
}
[2024-02-06 00:16:44,766][rest_client.py 48][INFO]: 接口请求的headers参数>>>
{
  "Content-Type": "application/json"
}
[2024-02-06 00:16:44,790][rest_client.py 19][INFO]: 接口返回内容>>>
{
  "code": 1,
  "msg": null,
  "data": {
    "id": 2,
    "userName": "fyx",
    "name": "冯源祥",
    "token": "eyJhbGciOiJIUzI1NiJ9.eyJlbXBJZCI6MiwiZXhwIjoxNzA3MTU3MDA0fQ.eOcXHuO3Zk2xvRK_53Jzdlviv-1NZPJi4K5d29QChAo"
  }
}
[2024-02-06 00:17:06,070][rest_client.py 39][INFO]: 接口请求的地址>>>http://localhost:8080/admin/employee/login
[2024-02-06 00:17:06,071][rest_client.py 40][INFO]: 接口请求的方法>>>POST
[2024-02-06 00:17:06,071][rest_client.py 44][INFO]: 接口请求的json参数>>>
{
  "username": "fyx",
  "password": 123456
}
[2024-02-06 00:17:06,072][rest_client.py 48][INFO]: 接口请求的headers参数>>>
{
  "Content-Type": "application/json"
}
[2024-02-06 00:17:06,093][rest_client.py 19][INFO]: 接口返回内容>>>
{
  "code": 1,
  "msg": null,
  "data": {
    "id": 2,
    "userName": "fyx",
    "name": "冯源祥",
    "token": "eyJhbGciOiJIUzI1NiJ9.eyJlbXBJZCI6MiwiZXhwIjoxNzA3MTU3MDI2fQ.eC4Jk-LXgy9sdjXvaHxPF_3g9Q_JTpI_VOUG_kfo8Pg"
  }
}
[2024-02-06 00:18:48,733][rest_client.py 39][INFO]: 接口请求的地址>>>http://localhost:8080/admin/employee/login
[2024-02-06 00:18:48,733][rest_client.py 40][INFO]: 接口请求的方法>>>POST
[2024-02-06 00:18:48,735][rest_client.py 44][INFO]: 接口请求的json参数>>>
{
  "username": "fyx",
  "password": 123456
}
[2024-02-06 00:18:48,736][rest_client.py 48][INFO]: 接口请求的headers参数>>>
{
  "Content-Type": "application/json"
}
[2024-02-06 00:18:48,773][rest_client.py 19][INFO]: 接口返回内容>>>
{
  "code": 1,
  "msg": null,
  "data": {
    "id": 2,
    "userName": "fyx",
    "name": "冯源祥",
    "token": "eyJhbGciOiJIUzI1NiJ9.eyJlbXBJZCI6MiwiZXhwIjoxNzA3MTU3MTI4fQ.njJF3dZUhcwRO6cIvhbrQDwN5N1o0g1K1UIaSWS5MIU"
  }
}
[2024-02-06 00:23:34,277][rest_client.py 39][INFO]: 接口请求的地址>>>http://localhost:8080/admin/employee/login
[2024-02-06 00:23:34,278][rest_client.py 40][INFO]: 接口请求的方法>>>POST
[2024-02-06 00:23:34,279][rest_client.py 44][INFO]: 接口请求的json参数>>>
{
  "username": "fyx",
  "password": 123456
}
[2024-02-06 00:23:34,279][rest_client.py 48][INFO]: 接口请求的headers参数>>>
{
  "Content-Type": "application/json"
}
[2024-02-06 00:23:34,318][rest_client.py 19][INFO]: 接口返回内容>>>
{
  "code": 1,
  "msg": null,
  "data": {
    "id": 2,
    "userName": "fyx",
    "name": "冯源祥",
    "token": "eyJhbGciOiJIUzI1NiJ9.eyJlbXBJZCI6MiwiZXhwIjoxNzA3MTU3NDE0fQ.ZgW33mf43EC63njWBJ6z_HS4CDxtfxW1wZvYDsI69P4"
  }
}
[2024-02-06 00:26:04,244][rest_client.py 39][INFO]: 接口请求的地址>>>http://localhost:8080/admin/employee/login
[2024-02-06 00:26:04,244][rest_client.py 40][INFO]: 接口请求的方法>>>POST
[2024-02-06 00:26:04,245][rest_client.py 44][INFO]: 接口请求的json参数>>>
{
  "username": "fyx",
  "password": 123456
}
[2024-02-06 00:26:04,246][rest_client.py 48][INFO]: 接口请求的headers参数>>>
{
  "Content-Type": "application/json"
}
[2024-02-06 00:26:04,275][rest_client.py 19][INFO]: 接口返回内容>>>
{
  "code": 1,
  "msg": null,
  "data": {
    "id": 2,
    "userName": "fyx",
    "name": "冯源祥",
    "token": "eyJhbGciOiJIUzI1NiJ9.eyJlbXBJZCI6MiwiZXhwIjoxNzA3MTU3NTY0fQ.gqrY7ptj_RFnn9RZ3CcIV84ThwVb7kggzdbHK9uukpk"
  }
}
[2024-02-06 00:26:57,164][rest_client.py 39][INFO]: 接口请求的地址>>>http://localhost:8080/admin/employee/login
[2024-02-06 00:26:57,165][rest_client.py 40][INFO]: 接口请求的方法>>>POST
[2024-02-06 00:26:57,165][rest_client.py 44][INFO]: 接口请求的json参数>>>
{
  "username": "fyx",
  "password": 123456
}
[2024-02-06 00:26:57,165][rest_client.py 48][INFO]: 接口请求的headers参数>>>
{
  "Content-Type": "application/json"
}
[2024-02-06 00:26:57,181][rest_client.py 19][INFO]: 接口返回内容>>>
{
  "code": 1,
  "msg": null,
  "data": {
    "id": 2,
    "userName": "fyx",
    "name": "冯源祥",
    "token": "eyJhbGciOiJIUzI1NiJ9.eyJlbXBJZCI6MiwiZXhwIjoxNzA3MTU3NjE3fQ.fzHrmbuJa88nGFgxLZFn4bvSpXRSMO-aIchTZYX50pU"
  }
}
[2024-02-06 00:31:01,687][rest_client.py 39][INFO]: 接口请求的地址>>>http://localhost:8080/admin/employee/login
[2024-02-06 00:31:01,687][rest_client.py 40][INFO]: 接口请求的方法>>>POST
[2024-02-06 00:31:01,688][rest_client.py 44][INFO]: 接口请求的json参数>>>
{
  "username": "fyx",
  "password": 123456
}
[2024-02-06 00:31:01,690][rest_client.py 48][INFO]: 接口请求的headers参数>>>
{
  "Content-Type": "application/json"
}
[2024-02-06 00:31:01,741][rest_client.py 19][INFO]: 接口返回内容>>>
{
  "code": 1,
  "msg": null,
  "data": {
    "id": 2,
    "userName": "fyx",
    "name": "冯源祥",
    "token": "eyJhbGciOiJIUzI1NiJ9.eyJlbXBJZCI6MiwiZXhwIjoxNzA3MTU3ODYxfQ.kj_QBZuxHO4xRPzL6rReEj3zlJ7xWsCYLkB99X6RiLc"
  }
}
[2024-02-06 00:31:14,889][rest_client.py 39][INFO]: 接口请求的地址>>>http://localhost:8080/admin/employee/login
[2024-02-06 00:31:14,890][rest_client.py 40][INFO]: 接口请求的方法>>>POST
[2024-02-06 00:31:14,891][rest_client.py 44][INFO]: 接口请求的json参数>>>
{
  "username": "fyx",
  "password": 123456
}
[2024-02-06 00:31:14,891][rest_client.py 48][INFO]: 接口请求的headers参数>>>
{
  "Content-Type": "application/json"
}
[2024-02-06 00:31:14,911][rest_client.py 19][INFO]: 接口返回内容>>>
{
  "code": 1,
  "msg": null,
  "data": {
    "id": 2,
    "userName": "fyx",
    "name": "冯源祥",
    "token": "eyJhbGciOiJIUzI1NiJ9.eyJlbXBJZCI6MiwiZXhwIjoxNzA3MTU3ODc0fQ.XZuG-9BM9OPLVeuTGh1efnir2nCCjUk2Fy0HI_YUeAw"
  }
}
[2024-02-06 00:32:47,085][rest_client.py 39][INFO]: 接口请求的地址>>>http://localhost:8080/admin/employee/login
[2024-02-06 00:32:47,086][rest_client.py 40][INFO]: 接口请求的方法>>>POST
[2024-02-06 00:32:47,086][rest_client.py 44][INFO]: 接口请求的json参数>>>
{
  "username": "fyx",
  "password": 123456
}
[2024-02-06 00:32:47,086][rest_client.py 48][INFO]: 接口请求的headers参数>>>
{
  "Content-Type": "application/json"
}
[2024-02-06 00:32:47,110][rest_client.py 19][INFO]: 接口返回内容>>>
{
  "code": 1,
  "msg": null,
  "data": {
    "id": 2,
    "userName": "fyx",
    "name": "冯源祥",
    "token": "eyJhbGciOiJIUzI1NiJ9.eyJlbXBJZCI6MiwiZXhwIjoxNzA3MTU3OTY3fQ.GJezpepxRTPikrw2bDV5osOYVMW6LC7EhSyng00AuFs"
  }
}
[2024-02-06 00:37:37,308][rest_client.py 39][INFO]: 接口请求的地址>>>http://localhost:8080/admin/employee/login
[2024-02-06 00:37:37,311][rest_client.py 40][INFO]: 接口请求的方法>>>POST
[2024-02-06 00:37:37,312][rest_client.py 44][INFO]: 接口请求的json参数>>>
{
  "username": "fyx",
  "password": 123456
}
[2024-02-06 00:37:37,313][rest_client.py 48][INFO]: 接口请求的headers参数>>>
{
  "Content-Type": "application/json"
}
[2024-02-06 00:37:37,342][rest_client.py 19][INFO]: 接口返回内容>>>
{
  "code": 1,
  "msg": null,
  "data": {
    "id": 2,
    "userName": "fyx",
    "name": "冯源祥",
    "token": "eyJhbGciOiJIUzI1NiJ9.eyJlbXBJZCI6MiwiZXhwIjoxNzA3MTU4MjU3fQ.mWWvA6_Tr3ioTqnV36LDiz_BCj7kY2nCK6K-PXIGGTc"
  }
}
[2024-02-06 00:38:18,662][rest_client.py 39][INFO]: 接口请求的地址>>>http://localhost:8080/admin/employee/login
[2024-02-06 00:38:18,663][rest_client.py 40][INFO]: 接口请求的方法>>>POST
[2024-02-06 00:38:18,664][rest_client.py 44][INFO]: 接口请求的json参数>>>
{
  "username": "fyx",
  "password": 123456
}
[2024-02-06 00:38:18,664][rest_client.py 48][INFO]: 接口请求的headers参数>>>
{
  "Content-Type": "application/json"
}
[2024-02-06 00:38:18,683][rest_client.py 19][INFO]: 接口返回内容>>>
{
  "code": 1,
  "msg": null,
  "data": {
    "id": 2,
    "userName": "fyx",
    "name": "冯源祥",
    "token": "eyJhbGciOiJIUzI1NiJ9.eyJlbXBJZCI6MiwiZXhwIjoxNzA3MTU4Mjk4fQ.ALycCy_TJg65tsMxezGhqipROz9XxI-w0HWRmZM3VTE"
  }
}
[2024-02-06 00:47:01,103][rest_client.py 39][INFO]: 接口请求的地址>>>http://localhost:8080/admin/employee/login
[2024-02-06 00:47:01,103][rest_client.py 40][INFO]: 接口请求的方法>>>POST
[2024-02-06 00:47:01,104][rest_client.py 44][INFO]: 接口请求的json参数>>>
{
  "username": "fyx",
  "password": 123456
}
[2024-02-06 00:47:01,104][rest_client.py 48][INFO]: 接口请求的headers参数>>>
{
  "Content-Type": "application/json"
}
[2024-02-06 00:47:01,126][rest_client.py 19][INFO]: 接口返回内容>>>
{
  "code": 1,
  "msg": null,
  "data": {
    "id": 2,
    "userName": "fyx",
    "name": "冯源祥",
    "token": "eyJhbGciOiJIUzI1NiJ9.eyJlbXBJZCI6MiwiZXhwIjoxNzA3MTU4ODIxfQ.LCvjZ3nHZEb0cL31ZvDiPq8VJrWbb8OFT9jllL1EmJE"
  }
}
[2024-02-06 00:47:11,294][rest_client.py 39][INFO]: 接口请求的地址>>>http://localhost:8080/admin/employee/login
[2024-02-06 00:47:11,295][rest_client.py 40][INFO]: 接口请求的方法>>>POST
[2024-02-06 00:47:11,295][rest_client.py 44][INFO]: 接口请求的json参数>>>
{
  "username": "fyx",
  "password": 123456
}
[2024-02-06 00:47:11,295][rest_client.py 48][INFO]: 接口请求的headers参数>>>
{
  "Content-Type": "application/json"
}
[2024-02-06 00:47:11,311][rest_client.py 19][INFO]: 接口返回内容>>>
{
  "code": 1,
  "msg": null,
  "data": {
    "id": 2,
    "userName": "fyx",
    "name": "冯源祥",
    "token": "eyJhbGciOiJIUzI1NiJ9.eyJlbXBJZCI6MiwiZXhwIjoxNzA3MTU4ODMxfQ.m0W-giO5O9mfkbMgxP0k3AqoN1G2bt-fkLRJ8Q_6n7g"
  }
}
[2024-02-06 00:47:33,223][rest_client.py 39][INFO]: 接口请求的地址>>>http://localhost:8080/admin/employee/login
[2024-02-06 00:47:33,223][rest_client.py 40][INFO]: 接口请求的方法>>>POST
[2024-02-06 00:47:33,223][rest_client.py 44][INFO]: 接口请求的json参数>>>
{
  "username": "fyx",
  "password": 123456
}
[2024-02-06 00:47:33,223][rest_client.py 48][INFO]: 接口请求的headers参数>>>
{
  "Content-Type": "application/json"
}
[2024-02-06 00:47:33,238][rest_client.py 19][INFO]: 接口返回内容>>>
{
  "code": 1,
  "msg": null,
  "data": {
    "id": 2,
    "userName": "fyx",
    "name": "冯源祥",
    "token": "eyJhbGciOiJIUzI1NiJ9.eyJlbXBJZCI6MiwiZXhwIjoxNzA3MTU4ODUzfQ.SZMGE4hxCpUcVZRsJIvJpT87-XKmxB1FGE0bxWkV7jE"
  }
}
[2024-02-06 00:47:37,291][rest_client.py 39][INFO]: 接口请求的地址>>>http://localhost:8080/admin/employee/login
[2024-02-06 00:47:37,291][rest_client.py 40][INFO]: 接口请求的方法>>>POST
[2024-02-06 00:47:37,292][rest_client.py 44][INFO]: 接口请求的json参数>>>
{
  "username": "fyx",
  "password": 123456
}
[2024-02-06 00:47:37,292][rest_client.py 48][INFO]: 接口请求的headers参数>>>
{
  "Content-Type": "application/json"
}
[2024-02-06 00:47:37,307][rest_client.py 19][INFO]: 接口返回内容>>>
{
  "code": 1,
  "msg": null,
  "data": {
    "id": 2,
    "userName": "fyx",
    "name": "冯源祥",
    "token": "eyJhbGciOiJIUzI1NiJ9.eyJlbXBJZCI6MiwiZXhwIjoxNzA3MTU4ODU3fQ.Y2_udYN7U6UwbhckC8kIEOwI6V7Y4ZuIBFqJwWI5u9Q"
  }
}
[2024-02-06 00:48:26,878][rest_client.py 39][INFO]: 接口请求的地址>>>http://localhost:8080/admin/employee/login
[2024-02-06 00:48:26,879][rest_client.py 40][INFO]: 接口请求的方法>>>POST
[2024-02-06 00:48:26,879][rest_client.py 44][INFO]: 接口请求的json参数>>>
{
  "username": "fyx",
  "password": 123456
}
[2024-02-06 00:48:26,879][rest_client.py 48][INFO]: 接口请求的headers参数>>>
{
  "Content-Type": "application/json"
}
[2024-02-06 00:48:26,892][rest_client.py 19][INFO]: 接口返回内容>>>
{
  "code": 1,
  "msg": null,
  "data": {
    "id": 2,
    "userName": "fyx",
    "name": "冯源祥",
    "token": "eyJhbGciOiJIUzI1NiJ9.eyJlbXBJZCI6MiwiZXhwIjoxNzA3MTU4OTA2fQ.U0XHZ-KNkiu1hdg4CCic_6mw69piXftXbbwyFgwnctM"
  }
}
[2024-02-06 00:49:06,483][rest_client.py 39][INFO]: 接口请求的地址>>>http://localhost:8080/admin/employee/login
[2024-02-06 00:49:06,484][rest_client.py 40][INFO]: 接口请求的方法>>>POST
[2024-02-06 00:49:06,484][rest_client.py 44][INFO]: 接口请求的json参数>>>
{
  "username": "fyx",
  "password": 123456
}
[2024-02-06 00:49:06,484][rest_client.py 48][INFO]: 接口请求的headers参数>>>
{
  "Content-Type": "application/json"
}
[2024-02-06 00:49:06,497][rest_client.py 19][INFO]: 接口返回内容>>>
{
  "code": 1,
  "msg": null,
  "data": {
    "id": 2,
    "userName": "fyx",
    "name": "冯源祥",
    "token": "eyJhbGciOiJIUzI1NiJ9.eyJlbXBJZCI6MiwiZXhwIjoxNzA3MTU4OTQ2fQ.Q0GZbmaCL2lmiuFl7y-1sRaX5QKu71Ru9UjFGiNdGh0"
  }
}
[2024-02-06 00:49:20,222][rest_client.py 39][INFO]: 接口请求的地址>>>http://localhost:8080/admin/employee/login
[2024-02-06 00:49:20,223][rest_client.py 40][INFO]: 接口请求的方法>>>POST
[2024-02-06 00:49:20,223][rest_client.py 44][INFO]: 接口请求的json参数>>>
{
  "username": "fyx",
  "password": 123456
}
[2024-02-06 00:49:20,223][rest_client.py 48][INFO]: 接口请求的headers参数>>>
{
  "Content-Type": "application/json"
}
[2024-02-06 00:49:20,236][rest_client.py 19][INFO]: 接口返回内容>>>
{
  "code": 1,
  "msg": null,
  "data": {
    "id": 2,
    "userName": "fyx",
    "name": "冯源祥",
    "token": "eyJhbGciOiJIUzI1NiJ9.eyJlbXBJZCI6MiwiZXhwIjoxNzA3MTU4OTYwfQ.zwFPDRalI1yy_L8Xt81bow5U9SsoKtiGnGQE2wjMwzA"
  }
}
[2024-02-06 00:49:30,949][rest_client.py 39][INFO]: 接口请求的地址>>>http://localhost:8080/admin/employee/login
[2024-02-06 00:49:30,949][rest_client.py 40][INFO]: 接口请求的方法>>>POST
[2024-02-06 00:49:30,949][rest_client.py 44][INFO]: 接口请求的json参数>>>
{
  "username": "fyx",
  "password": 123456
}
[2024-02-06 00:49:30,949][rest_client.py 48][INFO]: 接口请求的headers参数>>>
{
  "Content-Type": "application/json"
}
[2024-02-06 00:49:30,962][rest_client.py 19][INFO]: 接口返回内容>>>
{
  "code": 1,
  "msg": null,
  "data": {
    "id": 2,
    "userName": "fyx",
    "name": "冯源祥",
    "token": "eyJhbGciOiJIUzI1NiJ9.eyJlbXBJZCI6MiwiZXhwIjoxNzA3MTU4OTcwfQ.fK5UuJQkFL7PLWJKpL6dwa2CODAXcfL2aBSHDynDXKk"
  }
}
[2024-02-06 00:50:11,685][rest_client.py 39][INFO]: 接口请求的地址>>>http://localhost:8080/admin/employee/login
[2024-02-06 00:50:11,685][rest_client.py 40][INFO]: 接口请求的方法>>>POST
[2024-02-06 00:50:11,686][rest_client.py 44][INFO]: 接口请求的json参数>>>
{
  "username": "fyx",
  "password": 123456
}
[2024-02-06 00:50:11,686][rest_client.py 48][INFO]: 接口请求的headers参数>>>
{
  "Content-Type": "application/json"
}
[2024-02-06 00:50:11,702][rest_client.py 19][INFO]: 接口返回内容>>>
{
  "code": 1,
  "msg": null,
  "data": {
    "id": 2,
    "userName": "fyx",
    "name": "冯源祥",
    "token": "eyJhbGciOiJIUzI1NiJ9.eyJlbXBJZCI6MiwiZXhwIjoxNzA3MTU5MDExfQ.3q_RZqvka46dSXS5Xu4OBA3BdNtwDz7Hk7rhw6Sokxw"
  }
}
[2024-02-06 00:50:46,011][rest_client.py 39][INFO]: 接口请求的地址>>>http://localhost:8080/admin/employee/login
[2024-02-06 00:50:46,012][rest_client.py 40][INFO]: 接口请求的方法>>>POST
[2024-02-06 00:50:46,012][rest_client.py 44][INFO]: 接口请求的json参数>>>
{
  "username": "fyx",
  "password": 123456
}
[2024-02-06 00:50:46,013][rest_client.py 48][INFO]: 接口请求的headers参数>>>
{
  "Content-Type": "application/json"
}
[2024-02-06 00:50:46,029][rest_client.py 19][INFO]: 接口返回内容>>>
{
  "code": 1,
  "msg": null,
  "data": {
    "id": 2,
    "userName": "fyx",
    "name": "冯源祥",
    "token": "eyJhbGciOiJIUzI1NiJ9.eyJlbXBJZCI6MiwiZXhwIjoxNzA3MTU5MDQ2fQ.AJY6xVMTg_NNHtA8QguXUfV3Sge-kzCDd5LxgTXGE8A"
  }
}
[2024-02-06 00:51:26,499][rest_client.py 39][INFO]: 接口请求的地址>>>http://localhost:8080/admin/employee/login
[2024-02-06 00:51:26,500][rest_client.py 40][INFO]: 接口请求的方法>>>POST
[2024-02-06 00:51:26,500][rest_client.py 44][INFO]: 接口请求的json参数>>>
{
  "username": "fyx",
  "password": 123456
}
[2024-02-06 00:51:26,501][rest_client.py 48][INFO]: 接口请求的headers参数>>>
{
  "Content-Type": "application/json"
}
[2024-02-06 00:51:26,521][rest_client.py 19][INFO]: 接口返回内容>>>
{
  "code": 1,
  "msg": null,
  "data": {
    "id": 2,
    "userName": "fyx",
    "name": "冯源祥",
    "token": "eyJhbGciOiJIUzI1NiJ9.eyJlbXBJZCI6MiwiZXhwIjoxNzA3MTU5MDg2fQ.PjtVRjA8suCKBA0MheK9tGqwzY3A86FSszFT9suW3go"
  }
}
[2024-02-06 00:51:51,042][rest_client.py 39][INFO]: 接口请求的地址>>>http://localhost:8080/admin/employee/login
[2024-02-06 00:51:51,043][rest_client.py 40][INFO]: 接口请求的方法>>>POST
[2024-02-06 00:51:51,043][rest_client.py 44][INFO]: 接口请求的json参数>>>
{
  "username": "fyx",
  "password": 123456
}
[2024-02-06 00:51:51,044][rest_client.py 48][INFO]: 接口请求的headers参数>>>
{
  "Content-Type": "application/json"
}
[2024-02-06 00:51:51,060][rest_client.py 19][INFO]: 接口返回内容>>>
{
  "code": 1,
  "msg": null,
  "data": {
    "id": 2,
    "userName": "fyx",
    "name": "冯源祥",
    "token": "eyJhbGciOiJIUzI1NiJ9.eyJlbXBJZCI6MiwiZXhwIjoxNzA3MTU5MTExfQ.b0N6UsqpTY1X7ZbRF5_vzWHKd-pdOuZmagIr_xM9POM"
  }
}
[2024-02-06 00:53:07,406][rest_client.py 39][INFO]: 接口请求的地址>>>http://localhost:8080/admin/employee/login
[2024-02-06 00:53:07,407][rest_client.py 40][INFO]: 接口请求的方法>>>POST
[2024-02-06 00:53:07,408][rest_client.py 44][INFO]: 接口请求的json参数>>>
{
  "username": "fyx",
  "password": 123456
}
[2024-02-06 00:53:07,409][rest_client.py 48][INFO]: 接口请求的headers参数>>>
{
  "Content-Type": "application/json"
}
[2024-02-06 00:53:07,439][rest_client.py 19][INFO]: 接口返回内容>>>
{
  "code": 1,
  "msg": null,
  "data": {
    "id": 2,
    "userName": "fyx",
    "name": "冯源祥",
    "token": "eyJhbGciOiJIUzI1NiJ9.eyJlbXBJZCI6MiwiZXhwIjoxNzA3MTU5MTg3fQ.seh9OckeGmiaHTQ5GXbrfPpoxWD4Gm0TtumkLzkG2wo"
  }
}
[2024-02-06 00:55:03,478][rest_client.py 39][INFO]: 接口请求的地址>>>http://localhost:8080/admin/employee/login
[2024-02-06 00:55:03,478][rest_client.py 40][INFO]: 接口请求的方法>>>POST
[2024-02-06 00:55:03,479][rest_client.py 44][INFO]: 接口请求的json参数>>>
{
  "username": "fyx",
  "password": 123456
}
[2024-02-06 00:55:03,480][rest_client.py 48][INFO]: 接口请求的headers参数>>>
{
  "Content-Type": "application/json"
}
[2024-02-06 00:55:03,504][rest_client.py 19][INFO]: 接口返回内容>>>
{
  "code": 1,
  "msg": null,
  "data": {
    "id": 2,
    "userName": "fyx",
    "name": "冯源祥",
    "token": "eyJhbGciOiJIUzI1NiJ9.eyJlbXBJZCI6MiwiZXhwIjoxNzA3MTU5MzAzfQ.NXoupGXuXnjrspY4Q8aosvK9pNNi73h8loTJhpJ2VZY"
  }
}
[2024-02-06 00:57:01,575][rest_client.py 39][INFO]: 接口请求的地址>>>http://localhost:8080/admin/employee/login
[2024-02-06 00:57:01,576][rest_client.py 40][INFO]: 接口请求的方法>>>POST
[2024-02-06 00:57:01,577][rest_client.py 44][INFO]: 接口请求的json参数>>>
{
  "username": "fyx",
  "password": 123456
}
[2024-02-06 00:57:01,578][rest_client.py 48][INFO]: 接口请求的headers参数>>>
{
  "Content-Type": "application/json"
}
[2024-02-06 00:57:01,599][rest_client.py 19][INFO]: 接口返回内容>>>
{
  "code": 1,
  "msg": null,
  "data": {
    "id": 2,
    "userName": "fyx",
    "name": "冯源祥",
    "token": "eyJhbGciOiJIUzI1NiJ9.eyJlbXBJZCI6MiwiZXhwIjoxNzA3MTU5NDIxfQ.Q7KuIsh0zX7VfBQZP7kgGMvD9whOO88gF90DnAgtiFM"
  }
}
[2024-02-06 00:58:22,709][rest_client.py 39][INFO]: 接口请求的地址>>>http://localhost:8080/admin/employee/login
[2024-02-06 00:58:22,710][rest_client.py 40][INFO]: 接口请求的方法>>>POST
[2024-02-06 00:58:22,710][rest_client.py 44][INFO]: 接口请求的json参数>>>
{
  "username": "fyx",
  "password": 123456
}
[2024-02-06 00:58:22,710][rest_client.py 48][INFO]: 接口请求的headers参数>>>
{
  "Content-Type": "application/json"
}
[2024-02-06 00:58:22,729][rest_client.py 19][INFO]: 接口返回内容>>>
{
  "code": 1,
  "msg": null,
  "data": {
    "id": 2,
    "userName": "fyx",
    "name": "冯源祥",
    "token": "eyJhbGciOiJIUzI1NiJ9.eyJlbXBJZCI6MiwiZXhwIjoxNzA3MTU5NTAyfQ.AGgCWYGYke9M2eqjq6JfDQhIAhL8S64u3zDYQvxceWc"
  }
}
[2024-02-06 00:59:25,269][rest_client.py 39][INFO]: 接口请求的地址>>>http://localhost:8080/admin/employee/login
[2024-02-06 00:59:25,270][rest_client.py 40][INFO]: 接口请求的方法>>>POST
[2024-02-06 00:59:25,270][rest_client.py 44][INFO]: 接口请求的json参数>>>
{
  "username": "fyx",
  "password": 123456
}
[2024-02-06 00:59:25,270][rest_client.py 48][INFO]: 接口请求的headers参数>>>
{
  "Content-Type": "application/json"
}
[2024-02-06 00:59:25,288][rest_client.py 19][INFO]: 接口返回内容>>>
{
  "code": 1,
  "msg": null,
  "data": {
    "id": 2,
    "userName": "fyx",
    "name": "冯源祥",
    "token": "eyJhbGciOiJIUzI1NiJ9.eyJlbXBJZCI6MiwiZXhwIjoxNzA3MTU5NTY1fQ.mOx8hFHbb5_jJjyVYrHLWOEnl1IxT-x8lLo_gL4seRs"
  }
}
[2024-02-06 00:59:33,741][rest_client.py 39][INFO]: 接口请求的地址>>>http://localhost:8080/admin/employee/login
[2024-02-06 00:59:33,741][rest_client.py 40][INFO]: 接口请求的方法>>>POST
[2024-02-06 00:59:33,741][rest_client.py 44][INFO]: 接口请求的json参数>>>
{
  "username": "fyx",
  "password": 123456
}
[2024-02-06 00:59:33,741][rest_client.py 48][INFO]: 接口请求的headers参数>>>
{
  "Content-Type": "application/json"
}
[2024-02-06 00:59:33,753][rest_client.py 19][INFO]: 接口返回内容>>>
{
  "code": 1,
  "msg": null,
  "data": {
    "id": 2,
    "userName": "fyx",
    "name": "冯源祥",
    "token": "eyJhbGciOiJIUzI1NiJ9.eyJlbXBJZCI6MiwiZXhwIjoxNzA3MTU5NTczfQ.UXqYbEs0RPR24B7SvcRl1BdZp1h26hvNyY9ak3HTTWs"
  }
}
[2024-02-06 00:59:58,973][rest_client.py 39][INFO]: 接口请求的地址>>>http://localhost:8080/admin/employee/login
[2024-02-06 00:59:58,973][rest_client.py 40][INFO]: 接口请求的方法>>>POST
[2024-02-06 00:59:58,973][rest_client.py 44][INFO]: 接口请求的json参数>>>
{
  "username": "fyx",
  "password": 123456
}
[2024-02-06 00:59:58,974][rest_client.py 48][INFO]: 接口请求的headers参数>>>
{
  "Content-Type": "application/json"
}
[2024-02-06 00:59:58,986][rest_client.py 19][INFO]: 接口返回内容>>>
{
  "code": 1,
  "msg": null,
  "data": {
    "id": 2,
    "userName": "fyx",
    "name": "冯源祥",
    "token": "eyJhbGciOiJIUzI1NiJ9.eyJlbXBJZCI6MiwiZXhwIjoxNzA3MTU5NTk4fQ.k3XHxtzid6kB1P289__Yk0lVQSwy95XJEoBTiYSop4Y"
  }
}
[2024-02-06 01:00:30,718][rest_client.py 39][INFO]: 接口请求的地址>>>http://localhost:8080/admin/employee/login
[2024-02-06 01:00:30,719][rest_client.py 40][INFO]: 接口请求的方法>>>POST
[2024-02-06 01:00:30,719][rest_client.py 44][INFO]: 接口请求的json参数>>>
{
  "username": "fyx",
  "password": 123456
}
[2024-02-06 01:00:30,719][rest_client.py 48][INFO]: 接口请求的headers参数>>>
{
  "Content-Type": "application/json"
}
[2024-02-06 01:00:30,732][rest_client.py 19][INFO]: 接口返回内容>>>
{
  "code": 1,
  "msg": null,
  "data": {
    "id": 2,
    "userName": "fyx",
    "name": "冯源祥",
    "token": "eyJhbGciOiJIUzI1NiJ9.eyJlbXBJZCI6MiwiZXhwIjoxNzA3MTU5NjMwfQ.D4v1Dwp9qjDA4T5ExdfTD3AQEiY5iO4uRTsVBE_zVFk"
  }
}
[2024-02-06 01:02:10,164][rest_client.py 39][INFO]: 接口请求的地址>>>http://localhost:8080/admin/employee/login
[2024-02-06 01:02:10,164][rest_client.py 40][INFO]: 接口请求的方法>>>POST
[2024-02-06 01:02:10,164][rest_client.py 44][INFO]: 接口请求的json参数>>>
{
  "username": "fyx",
  "password": 123456
}
[2024-02-06 01:02:10,164][rest_client.py 48][INFO]: 接口请求的headers参数>>>
{
  "Content-Type": "application/json"
}
[2024-02-06 01:02:10,182][rest_client.py 19][INFO]: 接口返回内容>>>
{
  "code": 1,
  "msg": null,
  "data": {
    "id": 2,
    "userName": "fyx",
    "name": "冯源祥",
    "token": "eyJhbGciOiJIUzI1NiJ9.eyJlbXBJZCI6MiwiZXhwIjoxNzA3MTU5NzMwfQ.K0OPJZl3Msrsd8U99O2J5QC962JBjlPRx504mFlgC1s"
  }
}
[2024-02-06 01:03:57,610][rest_client.py 39][INFO]: 接口请求的地址>>>http://localhost:8080/admin/employee/login
[2024-02-06 01:03:57,610][rest_client.py 40][INFO]: 接口请求的方法>>>POST
[2024-02-06 01:03:57,610][rest_client.py 44][INFO]: 接口请求的json参数>>>
{
  "username": "fyx",
  "password": 123456
}
[2024-02-06 01:03:57,610][rest_client.py 48][INFO]: 接口请求的headers参数>>>
{
  "Content-Type": "application/json"
}
[2024-02-06 01:03:57,631][rest_client.py 19][INFO]: 接口返回内容>>>
{
  "code": 1,
  "msg": null,
  "data": {
    "id": 2,
    "userName": "fyx",
    "name": "冯源祥",
    "token": "eyJhbGciOiJIUzI1NiJ9.eyJlbXBJZCI6MiwiZXhwIjoxNzA3MTU5ODM3fQ.ko4T5-viTcep4uIjwXjwu15rMWmBqegygnRYNhofXj4"
  }
}
[2024-02-06 01:04:17,956][rest_client.py 39][INFO]: 接口请求的地址>>>http://localhost:8080/admin/employee/login
[2024-02-06 01:04:17,957][rest_client.py 40][INFO]: 接口请求的方法>>>POST
[2024-02-06 01:04:17,957][rest_client.py 44][INFO]: 接口请求的json参数>>>
{
  "username": "fyx",
  "password": 123456
}
[2024-02-06 01:04:17,957][rest_client.py 48][INFO]: 接口请求的headers参数>>>
{
  "Content-Type": "application/json"
}
[2024-02-06 01:04:17,990][rest_client.py 19][INFO]: 接口返回内容>>>
{
  "code": 1,
  "msg": null,
  "data": {
    "id": 2,
    "userName": "fyx",
    "name": "冯源祥",
    "token": "eyJhbGciOiJIUzI1NiJ9.eyJlbXBJZCI6MiwiZXhwIjoxNzA3MTU5ODU3fQ.h7fYX3B0zKHwoqVo8LWKo2ppVjaJ2SOkog1fGRTQfik"
  }
}
[2024-02-06 01:06:04,292][rest_client.py 39][INFO]: 接口请求的地址>>>http://localhost:8080/admin/employee/login
[2024-02-06 01:06:04,292][rest_client.py 40][INFO]: 接口请求的方法>>>POST
[2024-02-06 01:06:04,293][rest_client.py 44][INFO]: 接口请求的json参数>>>
{
  "username": "fyx",
  "password": 123456
}
[2024-02-06 01:06:04,293][rest_client.py 48][INFO]: 接口请求的headers参数>>>
{
  "Content-Type": "application/json"
}
[2024-02-06 01:06:04,317][rest_client.py 19][INFO]: 接口返回内容>>>
{
  "code": 1,
  "msg": null,
  "data": {
    "id": 2,
    "userName": "fyx",
    "name": "冯源祥",
    "token": "eyJhbGciOiJIUzI1NiJ9.eyJlbXBJZCI6MiwiZXhwIjoxNzA3MTU5OTY0fQ.TUHzguYY6DDO8zl_fBb27to-BZsHXhbYxuTmRlTt-Xg"
  }
}
[2024-02-06 14:35:22,257][rest_client.py 39][INFO]: 接口请求的地址>>>http://localhost:8080/admin/employee/login
[2024-02-06 14:35:22,258][rest_client.py 40][INFO]: 接口请求的方法>>>POST
[2024-02-06 14:35:22,258][rest_client.py 44][INFO]: 接口请求的json参数>>>
{
  "username": "fyx",
  "password": 123456
}
[2024-02-06 14:35:22,258][rest_client.py 48][INFO]: 接口请求的headers参数>>>
{
  "Content-Type": "application/json"
}
[2024-02-06 14:35:22,701][rest_client.py 19][INFO]: 接口返回内容>>>
{
  "code": 1,
  "msg": null,
  "data": {
    "id": 2,
    "userName": "fyx",
    "name": "冯源祥",
    "token": "eyJhbGciOiJIUzI1NiJ9.eyJlbXBJZCI6MiwiZXhwIjoxNzA3MjA4NTIyfQ.AcFaPaGYrYr74v1J-UNCLBNSW_09YmsL1xssAlTDpmo"
  }
}
[2024-02-06 14:35:56,319][rest_client.py 39][INFO]: 接口请求的地址>>>http://localhost:8080/admin/employee/login
[2024-02-06 14:35:56,319][rest_client.py 40][INFO]: 接口请求的方法>>>POST
[2024-02-06 14:35:56,319][rest_client.py 44][INFO]: 接口请求的json参数>>>
{
  "username": "fyx",
  "password": 123456
}
[2024-02-06 14:35:56,319][rest_client.py 48][INFO]: 接口请求的headers参数>>>
{
  "Content-Type": "application/json"
}
[2024-02-06 14:35:56,332][rest_client.py 19][INFO]: 接口返回内容>>>
{
  "code": 1,
  "msg": null,
  "data": {
    "id": 2,
    "userName": "fyx",
    "name": "冯源祥",
    "token": "eyJhbGciOiJIUzI1NiJ9.eyJlbXBJZCI6MiwiZXhwIjoxNzA3MjA4NTU2fQ.K2VrYRrmWD-xjMW7_YTT2RQ4ZdCAjgihTXhLUKGM1zM"
  }
}
[2024-02-06 14:36:18,555][rest_client.py 39][INFO]: 接口请求的地址>>>http://localhost:8080/admin/employee/login
[2024-02-06 14:36:18,555][rest_client.py 40][INFO]: 接口请求的方法>>>POST
[2024-02-06 14:36:18,555][rest_client.py 44][INFO]: 接口请求的json参数>>>
{
  "username": "fyx",
  "password": 123456
}
[2024-02-06 14:36:18,555][rest_client.py 48][INFO]: 接口请求的headers参数>>>
{
  "Content-Type": "application/json"
}
[2024-02-06 14:36:18,568][rest_client.py 19][INFO]: 接口返回内容>>>
{
  "code": 1,
  "msg": null,
  "data": {
    "id": 2,
    "userName": "fyx",
    "name": "冯源祥",
    "token": "eyJhbGciOiJIUzI1NiJ9.eyJlbXBJZCI6MiwiZXhwIjoxNzA3MjA4NTc4fQ.5Y-gOTexh7z6BylZZ_76LGxcEbyThlaqRc7pzb4D4M8"
  }
}
[2024-02-06 14:36:44,464][rest_client.py 39][INFO]: 接口请求的地址>>>http://localhost:8080/admin/employee/login
[2024-02-06 14:36:44,474][rest_client.py 40][INFO]: 接口请求的方法>>>POST
[2024-02-06 14:36:44,474][rest_client.py 44][INFO]: 接口请求的json参数>>>
{
  "username": "fyx",
  "password": 123456
}
[2024-02-06 14:36:44,474][rest_client.py 48][INFO]: 接口请求的headers参数>>>
{
  "Content-Type": "application/json"
}
[2024-02-06 14:36:44,488][rest_client.py 19][INFO]: 接口返回内容>>>
{
  "code": 1,
  "msg": null,
  "data": {
    "id": 2,
    "userName": "fyx",
    "name": "冯源祥",
    "token": "eyJhbGciOiJIUzI1NiJ9.eyJlbXBJZCI6MiwiZXhwIjoxNzA3MjA4NjA0fQ.3qx9IE4_K4QpoS0dzAkwGBKCU4DLXE9m7PjLGBoPAAg"
  }
}
[2024-02-06 14:37:20,130][rest_client.py 39][INFO]: 接口请求的地址>>>http://localhost:8080/admin/employee/login
[2024-02-06 14:37:20,130][rest_client.py 40][INFO]: 接口请求的方法>>>POST
[2024-02-06 14:37:20,131][rest_client.py 44][INFO]: 接口请求的json参数>>>
{
  "username": "fyx",
  "password": 123456
}
[2024-02-06 14:37:20,131][rest_client.py 48][INFO]: 接口请求的headers参数>>>
{
  "Content-Type": "application/json"
}
[2024-02-06 14:37:20,157][rest_client.py 19][INFO]: 接口返回内容>>>
{
  "code": 1,
  "msg": null,
  "data": {
    "id": 2,
    "userName": "fyx",
    "name": "冯源祥",
    "token": "eyJhbGciOiJIUzI1NiJ9.eyJlbXBJZCI6MiwiZXhwIjoxNzA3MjA4NjQwfQ.66FztQSruB9Kze5aru_bZLIlZnhnvGAOLHg5-KsUGVY"
  }
}
[2024-02-06 14:37:56,935][rest_client.py 39][INFO]: 接口请求的地址>>>http://localhost:8080/admin/employee/login
[2024-02-06 14:37:56,935][rest_client.py 40][INFO]: 接口请求的方法>>>POST
[2024-02-06 14:37:56,936][rest_client.py 44][INFO]: 接口请求的json参数>>>
{
  "username": "fyx",
  "password": 123456
}
[2024-02-06 14:37:56,936][rest_client.py 48][INFO]: 接口请求的headers参数>>>
{
  "Content-Type": "application/json"
}
[2024-02-06 14:37:56,960][rest_client.py 19][INFO]: 接口返回内容>>>
{
  "code": 1,
  "msg": null,
  "data": {
    "id": 2,
    "userName": "fyx",
    "name": "冯源祥",
    "token": "eyJhbGciOiJIUzI1NiJ9.eyJlbXBJZCI6MiwiZXhwIjoxNzA3MjA4Njc2fQ.ckeQ0nPypVAPTeNs-JMphOF0qcD9cIpcMfdYXAhKm1A"
  }
}
[2024-02-06 14:38:43,604][rest_client.py 39][INFO]: 接口请求的地址>>>http://localhost:8080/admin/employee/login
[2024-02-06 14:38:43,605][rest_client.py 40][INFO]: 接口请求的方法>>>POST
[2024-02-06 14:38:43,605][rest_client.py 44][INFO]: 接口请求的json参数>>>
{
  "username": "fyx",
  "password": 123456
}
[2024-02-06 14:38:43,606][rest_client.py 48][INFO]: 接口请求的headers参数>>>
{
  "Content-Type": "application/json"
}
[2024-02-06 14:38:43,624][rest_client.py 19][INFO]: 接口返回内容>>>
{
  "code": 1,
  "msg": null,
  "data": {
    "id": 2,
    "userName": "fyx",
    "name": "冯源祥",
    "token": "eyJhbGciOiJIUzI1NiJ9.eyJlbXBJZCI6MiwiZXhwIjoxNzA3MjA4NzIzfQ.MJcrs0V17WugBHTWklcuskuyKsLzRilrA7uE9y7FnxI"
  }
}
[2024-02-06 14:40:02,917][rest_client.py 39][INFO]: 接口请求的地址>>>http://localhost:8080/admin/employee/login
[2024-02-06 14:40:02,917][rest_client.py 40][INFO]: 接口请求的方法>>>POST
[2024-02-06 14:40:02,918][rest_client.py 44][INFO]: 接口请求的json参数>>>
{
  "username": "fyx",
  "password": 123456
}
[2024-02-06 14:40:02,918][rest_client.py 48][INFO]: 接口请求的headers参数>>>
{
  "Content-Type": "application/json"
}
[2024-02-06 14:40:02,937][rest_client.py 19][INFO]: 接口返回内容>>>
{
  "code": 1,
  "msg": null,
  "data": {
    "id": 2,
    "userName": "fyx",
    "name": "冯源祥",
    "token": "eyJhbGciOiJIUzI1NiJ9.eyJlbXBJZCI6MiwiZXhwIjoxNzA3MjA4ODAyfQ.ojiFDd9Xc-qiEYS9juQYc5Jje62yzkcQjMgbxWVOHkE"
  }
}
[2024-02-06 14:40:29,380][rest_client.py 39][INFO]: 接口请求的地址>>>http://localhost:8080/admin/employee/login
[2024-02-06 14:40:29,381][rest_client.py 40][INFO]: 接口请求的方法>>>POST
[2024-02-06 14:40:29,382][rest_client.py 44][INFO]: 接口请求的json参数>>>
{
  "username": "fyx",
  "password": 123456
}
[2024-02-06 14:40:29,382][rest_client.py 48][INFO]: 接口请求的headers参数>>>
{
  "Content-Type": "application/json"
}
[2024-02-06 14:40:29,402][rest_client.py 19][INFO]: 接口返回内容>>>
{
  "code": 1,
  "msg": null,
  "data": {
    "id": 2,
    "userName": "fyx",
    "name": "冯源祥",
    "token": "eyJhbGciOiJIUzI1NiJ9.eyJlbXBJZCI6MiwiZXhwIjoxNzA3MjA4ODI5fQ.ederb58H3TPMatWfEuTeEWrSlJ4WrnWGJGBNlrdi3co"
  }
}
[2024-02-06 14:44:12,020][rest_client.py 39][INFO]: 接口请求的地址>>>http://localhost:8080/admin/employee/login
[2024-02-06 14:44:12,020][rest_client.py 40][INFO]: 接口请求的方法>>>POST
[2024-02-06 14:44:12,021][rest_client.py 44][INFO]: 接口请求的json参数>>>
{
  "username": "fyx",
  "password": 123456
}
[2024-02-06 14:44:12,021][rest_client.py 48][INFO]: 接口请求的headers参数>>>
{
  "Content-Type": "application/json"
}
[2024-02-06 14:44:12,048][rest_client.py 19][INFO]: 接口返回内容>>>
{
  "code": 1,
  "msg": null,
  "data": {
    "id": 2,
    "userName": "fyx",
    "name": "冯源祥",
    "token": "eyJhbGciOiJIUzI1NiJ9.eyJlbXBJZCI6MiwiZXhwIjoxNzA3MjA5MDUyfQ.Y3939NMqfuhiiiXX8YsmG3f7bEl07U8Fnv_eRkmEgJE"
  }
}
[2024-02-06 14:44:45,866][rest_client.py 39][INFO]: 接口请求的地址>>>http://localhost:8080/admin/employee/login
[2024-02-06 14:44:45,867][rest_client.py 40][INFO]: 接口请求的方法>>>POST
[2024-02-06 14:44:45,867][rest_client.py 44][INFO]: 接口请求的json参数>>>
{
  "username": "fyx",
  "password": 123456
}
[2024-02-06 14:44:45,868][rest_client.py 48][INFO]: 接口请求的headers参数>>>
{
  "Content-Type": "application/json"
}
[2024-02-06 14:44:45,885][rest_client.py 19][INFO]: 接口返回内容>>>
{
  "code": 1,
  "msg": null,
  "data": {
    "id": 2,
    "userName": "fyx",
    "name": "冯源祥",
    "token": "eyJhbGciOiJIUzI1NiJ9.eyJlbXBJZCI6MiwiZXhwIjoxNzA3MjA5MDg1fQ.Nwnh8dk3kp7VVZ2UYM8zceXeUTujFX1kVVhdKCUnyuk"
  }
}
[2024-02-06 14:45:42,504][rest_client.py 39][INFO]: 接口请求的地址>>>http://localhost:8080/admin/employee/login
[2024-02-06 14:45:42,505][rest_client.py 40][INFO]: 接口请求的方法>>>POST
[2024-02-06 14:45:42,505][rest_client.py 44][INFO]: 接口请求的json参数>>>
{
  "username": "fyx",
  "password": 123456
}
[2024-02-06 14:45:42,506][rest_client.py 48][INFO]: 接口请求的headers参数>>>
{
  "Content-Type": "application/json"
}
[2024-02-06 14:45:42,524][rest_client.py 19][INFO]: 接口返回内容>>>
{
  "code": 1,
  "msg": null,
  "data": {
    "id": 2,
    "userName": "fyx",
    "name": "冯源祥",
    "token": "eyJhbGciOiJIUzI1NiJ9.eyJlbXBJZCI6MiwiZXhwIjoxNzA3MjA5MTQyfQ.csRrxSWcDtVtBMa3CYBwAOt0CUFzcB_pA7HpmJsNCLY"
  }
}
[2024-02-06 14:46:02,910][rest_client.py 39][INFO]: 接口请求的地址>>>http://localhost:8080/admin/employee/login
[2024-02-06 14:46:02,910][rest_client.py 40][INFO]: 接口请求的方法>>>POST
[2024-02-06 14:46:02,911][rest_client.py 44][INFO]: 接口请求的json参数>>>
{
  "username": "fyx",
  "password": 123456
}
[2024-02-06 14:46:02,912][rest_client.py 48][INFO]: 接口请求的headers参数>>>
{
  "Content-Type": "application/json"
}
[2024-02-06 14:46:02,930][rest_client.py 19][INFO]: 接口返回内容>>>
{
  "code": 1,
  "msg": null,
  "data": {
    "id": 2,
    "userName": "fyx",
    "name": "冯源祥",
    "token": "eyJhbGciOiJIUzI1NiJ9.eyJlbXBJZCI6MiwiZXhwIjoxNzA3MjA5MTYyfQ.M8pZgKa-IY4E9hKsETkJL-BULtS8vhEpyjiKUiiRZUA"
  }
}
[2024-02-06 14:46:17,634][rest_client.py 39][INFO]: 接口请求的地址>>>http://localhost:8080/admin/employee/login
[2024-02-06 14:46:17,635][rest_client.py 40][INFO]: 接口请求的方法>>>POST
[2024-02-06 14:46:17,637][rest_client.py 44][INFO]: 接口请求的json参数>>>
{
  "username": "fyx",
  "password": 123456
}
[2024-02-06 14:46:17,640][rest_client.py 48][INFO]: 接口请求的headers参数>>>
{
  "Content-Type": "application/json"
}
[2024-02-06 14:46:17,679][rest_client.py 19][INFO]: 接口返回内容>>>
{
  "code": 1,
  "msg": null,
  "data": {
    "id": 2,
    "userName": "fyx",
    "name": "冯源祥",
    "token": "eyJhbGciOiJIUzI1NiJ9.eyJlbXBJZCI6MiwiZXhwIjoxNzA3MjA5MTc3fQ.xB-uT-pR32e4CYdYUItUF_xtVHxs2rZfaFJSunD5AaY"
  }
}
[2024-02-06 14:49:12,886][rest_client.py 39][INFO]: 接口请求的地址>>>http://localhost:8080/admin/employee/login
[2024-02-06 14:49:12,886][rest_client.py 40][INFO]: 接口请求的方法>>>POST
[2024-02-06 14:49:12,887][rest_client.py 44][INFO]: 接口请求的json参数>>>
{
  "username": "fyx",
  "password": 123456
}
[2024-02-06 14:49:12,887][rest_client.py 48][INFO]: 接口请求的headers参数>>>
{
  "Content-Type": "application/json"
}
[2024-02-06 14:49:12,911][rest_client.py 19][INFO]: 接口返回内容>>>
{
  "code": 1,
  "msg": null,
  "data": {
    "id": 2,
    "userName": "fyx",
    "name": "冯源祥",
    "token": "eyJhbGciOiJIUzI1NiJ9.eyJlbXBJZCI6MiwiZXhwIjoxNzA3MjA5MzUyfQ.LZhJrQEvfmAlSBzGSMyjfw1h3Lg44FTgQ4JIpqzdlms"
  }
}
[2024-02-06 14:49:49,930][rest_client.py 39][INFO]: 接口请求的地址>>>http://localhost:8080/admin/employee/login
[2024-02-06 14:49:49,931][rest_client.py 40][INFO]: 接口请求的方法>>>POST
[2024-02-06 14:49:49,932][rest_client.py 44][INFO]: 接口请求的json参数>>>
{
  "username": "fyx",
  "password": 123456
}
[2024-02-06 14:49:49,933][rest_client.py 48][INFO]: 接口请求的headers参数>>>
{
  "Content-Type": "application/json"
}
[2024-02-06 14:49:49,951][rest_client.py 19][INFO]: 接口返回内容>>>
{
  "code": 1,
  "msg": null,
  "data": {
    "id": 2,
    "userName": "fyx",
    "name": "冯源祥",
    "token": "eyJhbGciOiJIUzI1NiJ9.eyJlbXBJZCI6MiwiZXhwIjoxNzA3MjA5Mzg5fQ.-9sr2ccRkdBo5hJa3Zbumvp2NECbiWMaenFYyeykhLE"
  }
}
[2024-02-06 14:50:15,558][rest_client.py 39][INFO]: 接口请求的地址>>>http://localhost:8080/admin/employee/login
[2024-02-06 14:50:15,559][rest_client.py 40][INFO]: 接口请求的方法>>>POST
[2024-02-06 14:50:15,559][rest_client.py 44][INFO]: 接口请求的json参数>>>
{
  "username": "fyx",
  "password": 123456
}
[2024-02-06 14:50:15,560][rest_client.py 48][INFO]: 接口请求的headers参数>>>
{
  "Content-Type": "application/json"
}
[2024-02-06 14:50:15,576][rest_client.py 19][INFO]: 接口返回内容>>>
{
  "code": 1,
  "msg": null,
  "data": {
    "id": 2,
    "userName": "fyx",
    "name": "冯源祥",
    "token": "eyJhbGciOiJIUzI1NiJ9.eyJlbXBJZCI6MiwiZXhwIjoxNzA3MjA5NDE1fQ.frLIqy2IzC1rwkynOjiJcsdkKhlo0iukWGSWz1sxfa4"
  }
}
[2024-02-06 14:50:37,058][rest_client.py 39][INFO]: 接口请求的地址>>>http://localhost:8080/admin/employee/login
[2024-02-06 14:50:37,058][rest_client.py 40][INFO]: 接口请求的方法>>>POST
[2024-02-06 14:50:37,059][rest_client.py 44][INFO]: 接口请求的json参数>>>
{
  "username": "fyx",
  "password": 123456
}
[2024-02-06 14:50:37,059][rest_client.py 48][INFO]: 接口请求的headers参数>>>
{
  "Content-Type": "application/json"
}
[2024-02-06 14:50:37,076][rest_client.py 19][INFO]: 接口返回内容>>>
{
  "code": 1,
  "msg": null,
  "data": {
    "id": 2,
    "userName": "fyx",
    "name": "冯源祥",
    "token": "eyJhbGciOiJIUzI1NiJ9.eyJlbXBJZCI6MiwiZXhwIjoxNzA3MjA5NDM3fQ.2tkZiG7oa8kF926_yVbBkcyBFaug9Nhu8M9S0tGfdJU"
  }
}
[2024-02-06 14:52:15,451][rest_client.py 39][INFO]: 接口请求的地址>>>http://localhost:8080/admin/employee/login
[2024-02-06 14:52:15,451][rest_client.py 40][INFO]: 接口请求的方法>>>POST
[2024-02-06 14:52:15,452][rest_client.py 44][INFO]: 接口请求的json参数>>>
{
  "username": "fyx",
  "password": 123456
}
[2024-02-06 14:52:15,452][rest_client.py 48][INFO]: 接口请求的headers参数>>>
{
  "Content-Type": "application/json"
}
[2024-02-06 14:52:15,473][rest_client.py 19][INFO]: 接口返回内容>>>
{
  "code": 1,
  "msg": null,
  "data": {
    "id": 2,
    "userName": "fyx",
    "name": "冯源祥",
    "token": "eyJhbGciOiJIUzI1NiJ9.eyJlbXBJZCI6MiwiZXhwIjoxNzA3MjA5NTM1fQ.VUDz44qM2zs3i37MHD1rRVI-ZEzYzBQNN4PRdfVT4vQ"
  }
}
[2024-02-06 14:53:13,218][rest_client.py 39][INFO]: 接口请求的地址>>>http://localhost:8080/admin/employee/login
[2024-02-06 14:53:13,218][rest_client.py 40][INFO]: 接口请求的方法>>>POST
[2024-02-06 14:53:13,219][rest_client.py 44][INFO]: 接口请求的json参数>>>
{
  "username": "fyx",
  "password": 123456
}
[2024-02-06 14:53:13,219][rest_client.py 48][INFO]: 接口请求的headers参数>>>
{
  "Content-Type": "application/json"
}
[2024-02-06 14:53:13,235][rest_client.py 19][INFO]: 接口返回内容>>>
{
  "code": 1,
  "msg": null,
  "data": {
    "id": 2,
    "userName": "fyx",
    "name": "冯源祥",
    "token": "eyJhbGciOiJIUzI1NiJ9.eyJlbXBJZCI6MiwiZXhwIjoxNzA3MjA5NTkzfQ.RTiN5LXJio4x-qFFz3MJi2csaO9obDi-SgI2HAF-f4A"
  }
}
[2024-02-06 14:54:11,775][rest_client.py 39][INFO]: 接口请求的地址>>>http://localhost:8080/admin/employee/login
[2024-02-06 14:54:11,776][rest_client.py 40][INFO]: 接口请求的方法>>>POST
[2024-02-06 14:54:11,777][rest_client.py 44][INFO]: 接口请求的json参数>>>
{
  "username": "fyx",
  "password": 123456
}
[2024-02-06 14:54:11,777][rest_client.py 48][INFO]: 接口请求的headers参数>>>
{
  "Content-Type": "application/json"
}
[2024-02-06 14:54:11,794][rest_client.py 19][INFO]: 接口返回内容>>>
{
  "code": 1,
  "msg": null,
  "data": {
    "id": 2,
    "userName": "fyx",
    "name": "冯源祥",
    "token": "eyJhbGciOiJIUzI1NiJ9.eyJlbXBJZCI6MiwiZXhwIjoxNzA3MjA5NjUxfQ.R2mH7tHhpqx83oNrRjG-QSZoBFfoltA3VG7aEtZvN8A"
  }
}
[2024-02-06 14:55:25,361][rest_client.py 39][INFO]: 接口请求的地址>>>http://localhost:8080/admin/employee/login
[2024-02-06 14:55:25,361][rest_client.py 40][INFO]: 接口请求的方法>>>POST
[2024-02-06 14:55:25,362][rest_client.py 44][INFO]: 接口请求的json参数>>>
{
  "username": "fyx",
  "password": 123456
}
[2024-02-06 14:55:25,362][rest_client.py 48][INFO]: 接口请求的headers参数>>>
{
  "Content-Type": "application/json"
}
[2024-02-06 14:55:25,385][rest_client.py 19][INFO]: 接口返回内容>>>
{
  "code": 1,
  "msg": null,
  "data": {
    "id": 2,
    "userName": "fyx",
    "name": "冯源祥",
    "token": "eyJhbGciOiJIUzI1NiJ9.eyJlbXBJZCI6MiwiZXhwIjoxNzA3MjA5NzI1fQ.3PzjbyAX1JKvR5OC_i1JqMuCUENOX48mIoBCQgEEZnc"
  }
}
[2024-02-06 14:56:40,063][rest_client.py 39][INFO]: 接口请求的地址>>>http://localhost:8080/admin/employee/login
[2024-02-06 14:56:40,064][rest_client.py 40][INFO]: 接口请求的方法>>>POST
[2024-02-06 14:56:40,065][rest_client.py 44][INFO]: 接口请求的json参数>>>
{
  "username": "fyx",
  "password": 123456
}
[2024-02-06 14:56:40,066][rest_client.py 48][INFO]: 接口请求的headers参数>>>
{
  "Content-Type": "application/json"
}
[2024-02-06 14:56:40,095][rest_client.py 19][INFO]: 接口返回内容>>>
{
  "code": 1,
  "msg": null,
  "data": {
    "id": 2,
    "userName": "fyx",
    "name": "冯源祥",
    "token": "eyJhbGciOiJIUzI1NiJ9.eyJlbXBJZCI6MiwiZXhwIjoxNzA3MjA5ODAwfQ.W7242mZ9yd8P-52eQRa-IafZaWOkR50Uy56xRa8gYwA"
  }
}
[2024-02-06 14:58:43,278][rest_client.py 39][INFO]: 接口请求的地址>>>http://localhost:8080/admin/employee/login
[2024-02-06 14:58:43,279][rest_client.py 40][INFO]: 接口请求的方法>>>POST
[2024-02-06 14:58:43,279][rest_client.py 44][INFO]: 接口请求的json参数>>>
{
  "username": "fyx",
  "password": 123456
}
[2024-02-06 14:58:43,280][rest_client.py 48][INFO]: 接口请求的headers参数>>>
{
  "Content-Type": "application/json"
}
[2024-02-06 14:58:43,305][rest_client.py 19][INFO]: 接口返回内容>>>
{
  "code": 1,
  "msg": null,
  "data": {
    "id": 2,
    "userName": "fyx",
    "name": "冯源祥",
    "token": "eyJhbGciOiJIUzI1NiJ9.eyJlbXBJZCI6MiwiZXhwIjoxNzA3MjA5OTIzfQ.vZEDmxEOsFto2FuDexnjhyyPccRtoF4yGvNosH_VG3U"
  }
}
[2024-02-06 15:00:21,276][rest_client.py 39][INFO]: 接口请求的地址>>>http://localhost:8080/admin/employee/login
[2024-02-06 15:00:21,277][rest_client.py 40][INFO]: 接口请求的方法>>>POST
[2024-02-06 15:00:21,277][rest_client.py 44][INFO]: 接口请求的json参数>>>
{
  "username": "fyx",
  "password": 123456
}
[2024-02-06 15:00:21,278][rest_client.py 48][INFO]: 接口请求的headers参数>>>
{
  "Content-Type": "application/json"
}
[2024-02-06 15:00:21,297][rest_client.py 19][INFO]: 接口返回内容>>>
{
  "code": 1,
  "msg": null,
  "data": {
    "id": 2,
    "userName": "fyx",
    "name": "冯源祥",
    "token": "eyJhbGciOiJIUzI1NiJ9.eyJlbXBJZCI6MiwiZXhwIjoxNzA3MjEwMDIxfQ.sdvk8AGRW7yhTkC0outeIE0gn6t4cbmXRhdArEhC8-E"
  }
}
[2024-02-06 15:00:28,029][rest_client.py 39][INFO]: 接口请求的地址>>>http://localhost:8080/admin/employee/login
[2024-02-06 15:00:28,029][rest_client.py 40][INFO]: 接口请求的方法>>>POST
[2024-02-06 15:00:28,030][rest_client.py 44][INFO]: 接口请求的json参数>>>
{
  "username": "fyx",
  "password": 123456
}
[2024-02-06 15:00:28,030][rest_client.py 48][INFO]: 接口请求的headers参数>>>
{
  "Content-Type": "application/json"
}
[2024-02-06 15:00:28,049][rest_client.py 19][INFO]: 接口返回内容>>>
{
  "code": 1,
  "msg": null,
  "data": {
    "id": 2,
    "userName": "fyx",
    "name": "冯源祥",
    "token": "eyJhbGciOiJIUzI1NiJ9.eyJlbXBJZCI6MiwiZXhwIjoxNzA3MjEwMDI4fQ.FxOg4RbriK1iAQWWlN8tsoHowDKsqjZ5_lRv5VpSxXo"
  }
}
[2024-02-06 15:00:46,063][rest_client.py 39][INFO]: 接口请求的地址>>>http://localhost:8080/admin/employee/login
[2024-02-06 15:00:46,065][rest_client.py 40][INFO]: 接口请求的方法>>>POST
[2024-02-06 15:00:46,066][rest_client.py 44][INFO]: 接口请求的json参数>>>
{
  "username": "fyx",
  "password": 123456
}
[2024-02-06 15:00:46,066][rest_client.py 48][INFO]: 接口请求的headers参数>>>
{
  "Content-Type": "application/json"
}
[2024-02-06 15:00:46,088][rest_client.py 19][INFO]: 接口返回内容>>>
{
  "code": 1,
  "msg": null,
  "data": {
    "id": 2,
    "userName": "fyx",
    "name": "冯源祥",
    "token": "eyJhbGciOiJIUzI1NiJ9.eyJlbXBJZCI6MiwiZXhwIjoxNzA3MjEwMDQ2fQ.z1n7ztx9UGH2T1tIP4trhuG3LnpqDb2ZhvWRgiL73h0"
  }
}
[2024-02-06 15:00:51,698][rest_client.py 39][INFO]: 接口请求的地址>>>http://localhost:8080/admin/employee/login
[2024-02-06 15:00:51,699][rest_client.py 40][INFO]: 接口请求的方法>>>POST
[2024-02-06 15:00:51,700][rest_client.py 44][INFO]: 接口请求的json参数>>>
{
  "username": "fyx",
  "password": 123456
}
[2024-02-06 15:00:51,724][rest_client.py 48][INFO]: 接口请求的headers参数>>>
{
  "Content-Type": "application/json"
}
[2024-02-06 15:00:51,743][rest_client.py 19][INFO]: 接口返回内容>>>
{
  "code": 1,
  "msg": null,
  "data": {
    "id": 2,
    "userName": "fyx",
    "name": "冯源祥",
    "token": "eyJhbGciOiJIUzI1NiJ9.eyJlbXBJZCI6MiwiZXhwIjoxNzA3MjEwMDUxfQ.YzzoLTthL8eCzRqq0LUsLEEue7AxFVRvyYZHp9Lrr6Q"
  }
}
[2024-02-06 15:01:45,762][rest_client.py 39][INFO]: 接口请求的地址>>>http://localhost:8080/admin/employee/login
[2024-02-06 15:01:45,762][rest_client.py 40][INFO]: 接口请求的方法>>>POST
[2024-02-06 15:01:45,762][rest_client.py 44][INFO]: 接口请求的json参数>>>
{
  "username": "fyx",
  "password": 123456
}
[2024-02-06 15:01:45,762][rest_client.py 48][INFO]: 接口请求的headers参数>>>
{
  "Content-Type": "application/json"
}
[2024-02-06 15:01:45,775][rest_client.py 19][INFO]: 接口返回内容>>>
{
  "code": 1,
  "msg": null,
  "data": {
    "id": 2,
    "userName": "fyx",
    "name": "冯源祥",
    "token": "eyJhbGciOiJIUzI1NiJ9.eyJlbXBJZCI6MiwiZXhwIjoxNzA3MjEwMTA1fQ.zEFR5a4OlWRm2vtVn4xVM_h1Pt36dVEs0kc98EPcQkA"
  }
}
[2024-02-06 15:01:57,423][rest_client.py 39][INFO]: 接口请求的地址>>>http://localhost:8080/admin/employee/login
[2024-02-06 15:01:57,424][rest_client.py 40][INFO]: 接口请求的方法>>>POST
[2024-02-06 15:01:57,425][rest_client.py 44][INFO]: 接口请求的json参数>>>
{
  "username": "fyx",
  "password": 123456
}
[2024-02-06 15:01:57,426][rest_client.py 48][INFO]: 接口请求的headers参数>>>
{
  "Content-Type": "application/json"
}
[2024-02-06 15:01:57,443][rest_client.py 19][INFO]: 接口返回内容>>>
{
  "code": 1,
  "msg": null,
  "data": {
    "id": 2,
    "userName": "fyx",
    "name": "冯源祥",
    "token": "eyJhbGciOiJIUzI1NiJ9.eyJlbXBJZCI6MiwiZXhwIjoxNzA3MjEwMTE3fQ.b-MUyANZn7WB5zvowiwuhvZ4cp75EhFmv1ozgeFOqyE"
  }
}
[2024-02-06 15:03:04,385][rest_client.py 39][INFO]: 接口请求的地址>>>http://localhost:8080/admin/employee/login
[2024-02-06 15:03:04,386][rest_client.py 40][INFO]: 接口请求的方法>>>POST
[2024-02-06 15:03:04,386][rest_client.py 44][INFO]: 接口请求的json参数>>>
{
  "username": "fyx",
  "password": 123456
}
[2024-02-06 15:03:04,387][rest_client.py 48][INFO]: 接口请求的headers参数>>>
{
  "Content-Type": "application/json"
}
[2024-02-06 15:03:04,409][rest_client.py 19][INFO]: 接口返回内容>>>
{
  "code": 1,
  "msg": null,
  "data": {
    "id": 2,
    "userName": "fyx",
    "name": "冯源祥",
    "token": "eyJhbGciOiJIUzI1NiJ9.eyJlbXBJZCI6MiwiZXhwIjoxNzA3MjEwMTg0fQ.40SMmtpZJRh-nPPqiYBkrIEWpJhTa4N2k1iR5QKvrRc"
  }
}
[2024-02-06 15:09:08,301][rest_client.py 39][INFO]: 接口请求的地址>>>http://localhost:8080/admin/employee/login
[2024-02-06 15:09:08,302][rest_client.py 40][INFO]: 接口请求的方法>>>POST
[2024-02-06 15:09:08,303][rest_client.py 44][INFO]: 接口请求的json参数>>>
{
  "username": "fyx",
  "password": 123456
}
[2024-02-06 15:09:08,303][rest_client.py 48][INFO]: 接口请求的headers参数>>>
{
  "Content-Type": "application/json"
}
[2024-02-06 15:09:08,327][rest_client.py 19][INFO]: 接口返回内容>>>
{
  "code": 1,
  "msg": null,
  "data": {
    "id": 2,
    "userName": "fyx",
    "name": "冯源祥",
    "token": "eyJhbGciOiJIUzI1NiJ9.eyJlbXBJZCI6MiwiZXhwIjoxNzA3MjEwNTQ4fQ.kCPtgR2SYbLeSptpZc5Tgs89bYcIaJNAWCCwwdUVBdc"
  }
}
[2024-02-06 15:10:38,603][rest_client.py 39][INFO]: 接口请求的地址>>>http://localhost:8080/admin/employee/login
[2024-02-06 15:10:38,603][rest_client.py 40][INFO]: 接口请求的方法>>>POST
[2024-02-06 15:10:38,604][rest_client.py 44][INFO]: 接口请求的json参数>>>
{
  "username": "fyx",
  "password": 123456
}
[2024-02-06 15:10:38,604][rest_client.py 48][INFO]: 接口请求的headers参数>>>
{
  "Content-Type": "application/json"
}
[2024-02-06 15:10:38,621][rest_client.py 19][INFO]: 接口返回内容>>>
{
  "code": 1,
  "msg": null,
  "data": {
    "id": 2,
    "userName": "fyx",
    "name": "冯源祥",
    "token": "eyJhbGciOiJIUzI1NiJ9.eyJlbXBJZCI6MiwiZXhwIjoxNzA3MjEwNjM4fQ.s1yONs0XZxBLCRChKt_piohweDTQtJeSt-1J323eWt4"
  }
}
[2024-02-06 15:11:26,030][rest_client.py 39][INFO]: 接口请求的地址>>>http://localhost:8080/admin/employee/login
[2024-02-06 15:11:26,031][rest_client.py 40][INFO]: 接口请求的方法>>>POST
[2024-02-06 15:11:26,031][rest_client.py 44][INFO]: 接口请求的json参数>>>
{
  "username": "fyx",
  "password": 123456
}
[2024-02-06 15:11:26,032][rest_client.py 48][INFO]: 接口请求的headers参数>>>
{
  "Content-Type": "application/json"
}
[2024-02-06 15:11:26,048][rest_client.py 19][INFO]: 接口返回内容>>>
{
  "code": 1,
  "msg": null,
  "data": {
    "id": 2,
    "userName": "fyx",
    "name": "冯源祥",
    "token": "eyJhbGciOiJIUzI1NiJ9.eyJlbXBJZCI6MiwiZXhwIjoxNzA3MjEwNjg2fQ.JBCLbDVr3ePDZuQgqI95m358RzaY1o2Rq1bmz2lmAro"
  }
}
[2024-02-06 15:11:58,435][rest_client.py 39][INFO]: 接口请求的地址>>>http://localhost:8080/admin/employee/login
[2024-02-06 15:11:58,435][rest_client.py 40][INFO]: 接口请求的方法>>>POST
[2024-02-06 15:11:58,436][rest_client.py 44][INFO]: 接口请求的json参数>>>
{
  "username": "fyx",
  "password": 123456
}
[2024-02-06 15:11:58,437][rest_client.py 48][INFO]: 接口请求的headers参数>>>
{
  "Content-Type": "application/json"
}
[2024-02-06 15:11:58,453][rest_client.py 19][INFO]: 接口返回内容>>>
{
  "code": 1,
  "msg": null,
  "data": {
    "id": 2,
    "userName": "fyx",
    "name": "冯源祥",
    "token": "eyJhbGciOiJIUzI1NiJ9.eyJlbXBJZCI6MiwiZXhwIjoxNzA3MjEwNzE4fQ.uezPm_gmrCUJNF-QVVYWiHdHlN-jSuABe_V12vBhgjA"
  }
}
[2024-02-06 15:13:27,303][rest_client.py 39][INFO]: 接口请求的地址>>>http://localhost:8080/admin/employee/login
[2024-02-06 15:13:27,304][rest_client.py 40][INFO]: 接口请求的方法>>>POST
[2024-02-06 15:13:27,304][rest_client.py 44][INFO]: 接口请求的json参数>>>
{
  "username": "fyx",
  "password": 123456
}
[2024-02-06 15:13:27,305][rest_client.py 48][INFO]: 接口请求的headers参数>>>
{
  "Content-Type": "application/json"
}
[2024-02-06 15:13:27,326][rest_client.py 19][INFO]: 接口返回内容>>>
{
  "code": 1,
  "msg": null,
  "data": {
    "id": 2,
    "userName": "fyx",
    "name": "冯源祥",
    "token": "eyJhbGciOiJIUzI1NiJ9.eyJlbXBJZCI6MiwiZXhwIjoxNzA3MjEwODA3fQ.B-LJfxcsJDMPJ24Zkl1xoMMSJ4wzLHBrcWjhR_wkpqc"
  }
}
[2024-02-06 15:13:46,958][rest_client.py 39][INFO]: 接口请求的地址>>>http://localhost:8080/admin/employee/login
[2024-02-06 15:13:46,958][rest_client.py 40][INFO]: 接口请求的方法>>>POST
[2024-02-06 15:13:46,959][rest_client.py 44][INFO]: 接口请求的json参数>>>
{
  "username": "fyx",
  "password": 123456
}
[2024-02-06 15:13:46,960][rest_client.py 48][INFO]: 接口请求的headers参数>>>
{
  "Content-Type": "application/json"
}
[2024-02-06 15:13:46,978][rest_client.py 19][INFO]: 接口返回内容>>>
{
  "code": 1,
  "msg": null,
  "data": {
    "id": 2,
    "userName": "fyx",
    "name": "冯源祥",
    "token": "eyJhbGciOiJIUzI1NiJ9.eyJlbXBJZCI6MiwiZXhwIjoxNzA3MjEwODI2fQ.OBmGOrdYfqj_Y8lKHRRcBnVJKHrNjViabzp-Ijroq4M"
  }
}
[2024-02-06 15:14:52,657][rest_client.py 39][INFO]: 接口请求的地址>>>http://localhost:8080/admin/employee/login
[2024-02-06 15:14:52,657][rest_client.py 40][INFO]: 接口请求的方法>>>POST
[2024-02-06 15:14:52,658][rest_client.py 44][INFO]: 接口请求的json参数>>>
{
  "username": "fyx",
  "password": 123456
}
[2024-02-06 15:14:52,658][rest_client.py 48][INFO]: 接口请求的headers参数>>>
{
  "Content-Type": "application/json"
}
[2024-02-06 15:14:52,681][rest_client.py 19][INFO]: 接口返回内容>>>
{
  "code": 1,
  "msg": null,
  "data": {
    "id": 2,
    "userName": "fyx",
    "name": "冯源祥",
    "token": "eyJhbGciOiJIUzI1NiJ9.eyJlbXBJZCI6MiwiZXhwIjoxNzA3MjEwODkyfQ.uGC3cEPLindJzZZXpUCrFFbPd7Zy8hH1Ir0xrDNJjT4"
  }
}
[2024-02-06 15:15:07,526][rest_client.py 39][INFO]: 接口请求的地址>>>http://localhost:8080/admin/employee/login
[2024-02-06 15:15:07,527][rest_client.py 40][INFO]: 接口请求的方法>>>POST
[2024-02-06 15:15:07,527][rest_client.py 44][INFO]: 接口请求的json参数>>>
{
  "username": "fyx",
  "password": 123456
}
[2024-02-06 15:15:07,528][rest_client.py 48][INFO]: 接口请求的headers参数>>>
{
  "Content-Type": "application/json"
}
[2024-02-06 15:15:07,545][rest_client.py 19][INFO]: 接口返回内容>>>
{
  "code": 1,
  "msg": null,
  "data": {
    "id": 2,
    "userName": "fyx",
    "name": "冯源祥",
    "token": "eyJhbGciOiJIUzI1NiJ9.eyJlbXBJZCI6MiwiZXhwIjoxNzA3MjEwOTA3fQ.G-uGZajF5v7LWtTqb4zDtrGbp_bVypCUFNI7cJTUP4o"
  }
}
[2024-02-06 15:16:57,080][rest_client.py 39][INFO]: 接口请求的地址>>>http://localhost:8080/admin/employee/login
[2024-02-06 15:16:57,081][rest_client.py 40][INFO]: 接口请求的方法>>>POST
[2024-02-06 15:16:57,082][rest_client.py 44][INFO]: 接口请求的json参数>>>
{
  "username": "fyx",
  "password": 123456
}
[2024-02-06 15:16:57,082][rest_client.py 48][INFO]: 接口请求的headers参数>>>
{
  "Content-Type": "application/json"
}
[2024-02-06 15:16:57,106][rest_client.py 19][INFO]: 接口返回内容>>>
{
  "code": 1,
  "msg": null,
  "data": {
    "id": 2,
    "userName": "fyx",
    "name": "冯源祥",
    "token": "eyJhbGciOiJIUzI1NiJ9.eyJlbXBJZCI6MiwiZXhwIjoxNzA3MjExMDE3fQ.OBjoy-OIheNK8cKNV2mTTpzmm1RCN9TEoREILIGmrM4"
  }
}
[2024-02-06 15:17:09,567][rest_client.py 39][INFO]: 接口请求的地址>>>http://localhost:8080/admin/employee/login
[2024-02-06 15:17:09,568][rest_client.py 40][INFO]: 接口请求的方法>>>POST
[2024-02-06 15:17:09,569][rest_client.py 44][INFO]: 接口请求的json参数>>>
{
  "username": "fyx",
  "password": 123456
}
[2024-02-06 15:17:09,570][rest_client.py 48][INFO]: 接口请求的headers参数>>>
{
  "Content-Type": "application/json"
}
[2024-02-06 15:17:09,588][rest_client.py 19][INFO]: 接口返回内容>>>
{
  "code": 1,
  "msg": null,
  "data": {
    "id": 2,
    "userName": "fyx",
    "name": "冯源祥",
    "token": "eyJhbGciOiJIUzI1NiJ9.eyJlbXBJZCI6MiwiZXhwIjoxNzA3MjExMDI5fQ.dBaMt_LFeyz-o6RFkV7VnmKZfXntJCDCU8C9YImOehw"
  }
}
[2024-02-06 15:19:18,725][rest_client.py 39][INFO]: 接口请求的地址>>>http://localhost:8080/admin/employee/login
[2024-02-06 15:19:18,725][rest_client.py 40][INFO]: 接口请求的方法>>>POST
[2024-02-06 15:19:18,726][rest_client.py 44][INFO]: 接口请求的json参数>>>
{
  "username": "fyx",
  "password": 123456
}
[2024-02-06 15:19:18,726][rest_client.py 48][INFO]: 接口请求的headers参数>>>
{
  "Content-Type": "application/json"
}
[2024-02-06 15:19:18,750][rest_client.py 19][INFO]: 接口返回内容>>>
{
  "code": 1,
  "msg": null,
  "data": {
    "id": 2,
    "userName": "fyx",
    "name": "冯源祥",
    "token": "eyJhbGciOiJIUzI1NiJ9.eyJlbXBJZCI6MiwiZXhwIjoxNzA3MjExMTU4fQ.HxOGOeC9-d4EepANRj_3zVUQdmb5Tih8qFBzH7PvY2w"
  }
}
[2024-02-06 15:20:23,851][rest_client.py 39][INFO]: 接口请求的地址>>>http://localhost:8080/admin/employee/login
[2024-02-06 15:20:23,852][rest_client.py 40][INFO]: 接口请求的方法>>>POST
[2024-02-06 15:20:23,853][rest_client.py 44][INFO]: 接口请求的json参数>>>
{
  "username": "fyx",
  "password": 123456
}
[2024-02-06 15:20:23,853][rest_client.py 48][INFO]: 接口请求的headers参数>>>
{
  "Content-Type": "application/json"
}
[2024-02-06 15:20:23,869][rest_client.py 19][INFO]: 接口返回内容>>>
{
  "code": 1,
  "msg": null,
  "data": {
    "id": 2,
    "userName": "fyx",
    "name": "冯源祥",
    "token": "eyJhbGciOiJIUzI1NiJ9.eyJlbXBJZCI6MiwiZXhwIjoxNzA3MjExMjIzfQ.29KCkHleL_pH7nSRW4-6YREzSKzonCOFifwjiy1CEW0"
  }
}
[2024-02-06 15:21:49,605][rest_client.py 39][INFO]: 接口请求的地址>>>http://localhost:8080/admin/employee/login
[2024-02-06 15:21:49,605][rest_client.py 40][INFO]: 接口请求的方法>>>POST
[2024-02-06 15:21:49,606][rest_client.py 44][INFO]: 接口请求的json参数>>>
{
  "username": "fyx",
  "password": 123456
}
[2024-02-06 15:21:49,606][rest_client.py 48][INFO]: 接口请求的headers参数>>>
{
  "Content-Type": "application/json"
}
[2024-02-06 15:21:49,626][rest_client.py 19][INFO]: 接口返回内容>>>
{
  "code": 1,
  "msg": null,
  "data": {
    "id": 2,
    "userName": "fyx",
    "name": "冯源祥",
    "token": "eyJhbGciOiJIUzI1NiJ9.eyJlbXBJZCI6MiwiZXhwIjoxNzA3MjExMzA5fQ.KIqcRbQ75KEhE_Z-cgA5ce4CHJd-_uqAAar5-kgJnJ8"
  }
}
[2024-02-06 15:23:04,238][rest_client.py 39][INFO]: 接口请求的地址>>>http://localhost:8080/admin/employee/login
[2024-02-06 15:23:04,239][rest_client.py 40][INFO]: 接口请求的方法>>>POST
[2024-02-06 15:23:04,239][rest_client.py 44][INFO]: 接口请求的json参数>>>
{
  "username": "fyx",
  "password": 123456
}
[2024-02-06 15:23:04,240][rest_client.py 48][INFO]: 接口请求的headers参数>>>
{
  "Content-Type": "application/json"
}
[2024-02-06 15:23:04,261][rest_client.py 19][INFO]: 接口返回内容>>>
{
  "code": 1,
  "msg": null,
  "data": {
    "id": 2,
    "userName": "fyx",
    "name": "冯源祥",
    "token": "eyJhbGciOiJIUzI1NiJ9.eyJlbXBJZCI6MiwiZXhwIjoxNzA3MjExMzg0fQ.hNSW5OlpWHOEKPNgsq23h_KJvsVYNc4IY8ctwg6LpjU"
  }
}
[2024-02-06 15:23:22,409][rest_client.py 39][INFO]: 接口请求的地址>>>http://localhost:8080/admin/employee/login
[2024-02-06 15:23:22,409][rest_client.py 40][INFO]: 接口请求的方法>>>POST
[2024-02-06 15:23:22,410][rest_client.py 44][INFO]: 接口请求的json参数>>>
{
  "username": "fyx",
  "password": 123456
}
[2024-02-06 15:23:22,410][rest_client.py 48][INFO]: 接口请求的headers参数>>>
{
  "Content-Type": "application/json"
}
[2024-02-06 15:23:22,428][rest_client.py 19][INFO]: 接口返回内容>>>
{
  "code": 1,
  "msg": null,
  "data": {
    "id": 2,
    "userName": "fyx",
    "name": "冯源祥",
    "token": "eyJhbGciOiJIUzI1NiJ9.eyJlbXBJZCI6MiwiZXhwIjoxNzA3MjExNDAyfQ.M9MG0bkbJrZuwrEXUHXe99iBDblBuPrJtZ0zg_NggiQ"
  }
}
[2024-02-06 15:25:25,815][rest_client.py 39][INFO]: 接口请求的地址>>>http://localhost:8080/admin/employee/login
[2024-02-06 15:25:25,815][rest_client.py 40][INFO]: 接口请求的方法>>>POST
[2024-02-06 15:25:25,816][rest_client.py 44][INFO]: 接口请求的json参数>>>
{
  "username": "fyx",
  "password": 123456
}
[2024-02-06 15:25:25,816][rest_client.py 48][INFO]: 接口请求的headers参数>>>
{
  "Content-Type": "application/json"
}
[2024-02-06 15:25:25,837][rest_client.py 19][INFO]: 接口返回内容>>>
{
  "code": 1,
  "msg": null,
  "data": {
    "id": 2,
    "userName": "fyx",
    "name": "冯源祥",
    "token": "eyJhbGciOiJIUzI1NiJ9.eyJlbXBJZCI6MiwiZXhwIjoxNzA3MjExNTI1fQ.wJhBkrzq9n9Ce5bi5VVggp2y5MF_SSABic1-yHop9UY"
  }
}
[2024-02-06 15:26:53,322][rest_client.py 39][INFO]: 接口请求的地址>>>http://localhost:8080/admin/employee/login
[2024-02-06 15:26:53,323][rest_client.py 40][INFO]: 接口请求的方法>>>POST
[2024-02-06 15:26:53,323][rest_client.py 44][INFO]: 接口请求的json参数>>>
{
  "username": "fyx",
  "password": 123456
}
[2024-02-06 15:26:53,323][rest_client.py 48][INFO]: 接口请求的headers参数>>>
{
  "Content-Type": "application/json"
}
[2024-02-06 15:26:53,343][rest_client.py 19][INFO]: 接口返回内容>>>
{
  "code": 1,
  "msg": null,
  "data": {
    "id": 2,
    "userName": "fyx",
    "name": "冯源祥",
    "token": "eyJhbGciOiJIUzI1NiJ9.eyJlbXBJZCI6MiwiZXhwIjoxNzA3MjExNjEzfQ.WiZmp2Uyc1YNtoQEQRLUcgzhwRjAYSPi6JFTvxm_aJ4"
  }
}
[2024-02-06 15:27:14,378][rest_client.py 39][INFO]: 接口请求的地址>>>http://localhost:8080/admin/employee/login
[2024-02-06 15:27:14,378][rest_client.py 40][INFO]: 接口请求的方法>>>POST
[2024-02-06 15:27:14,378][rest_client.py 44][INFO]: 接口请求的json参数>>>
{
  "username": "fyx",
  "password": 123456
}
[2024-02-06 15:27:14,378][rest_client.py 48][INFO]: 接口请求的headers参数>>>
{
  "Content-Type": "application/json"
}
[2024-02-06 15:27:14,390][rest_client.py 19][INFO]: 接口返回内容>>>
{
  "code": 1,
  "msg": null,
  "data": {
    "id": 2,
    "userName": "fyx",
    "name": "冯源祥",
    "token": "eyJhbGciOiJIUzI1NiJ9.eyJlbXBJZCI6MiwiZXhwIjoxNzA3MjExNjM0fQ.vCsqBNN50ATANChlAUEq2dgY-IDpaEI5DPErnHSpiQw"
  }
}
[2024-02-06 15:42:55,362][rest_client.py 39][INFO]: 接口请求的地址>>>http://localhost:8080/admin/employee/login
[2024-02-06 15:42:55,363][rest_client.py 40][INFO]: 接口请求的方法>>>POST
[2024-02-06 15:42:55,363][rest_client.py 44][INFO]: 接口请求的json参数>>>
{
  "username": "fyx",
  "password": 123456
}
[2024-02-06 15:42:55,363][rest_client.py 48][INFO]: 接口请求的headers参数>>>
{
  "Content-Type": "application/json"
}
[2024-02-06 15:42:55,381][rest_client.py 19][INFO]: 接口返回内容>>>
{
  "code": 1,
  "msg": null,
  "data": {
    "id": 2,
    "userName": "fyx",
    "name": "冯源祥",
    "token": "eyJhbGciOiJIUzI1NiJ9.eyJlbXBJZCI6MiwiZXhwIjoxNzA3MjEyNTc1fQ.VCOpEEDJ9fvyYTT9XLSQvUZXXWDiKLDE0snSPZV6ujg"
  }
}
[2024-02-06 15:43:42,733][rest_client.py 39][INFO]: 接口请求的地址>>>http://localhost:8080/admin/employee/login
[2024-02-06 15:43:42,734][rest_client.py 40][INFO]: 接口请求的方法>>>POST
[2024-02-06 15:43:42,734][rest_client.py 44][INFO]: 接口请求的json参数>>>
{
  "username": "fyx",
  "password": 123456
}
[2024-02-06 15:43:42,734][rest_client.py 48][INFO]: 接口请求的headers参数>>>
{
  "Content-Type": "application/json"
}
[2024-02-06 15:43:42,750][rest_client.py 19][INFO]: 接口返回内容>>>
{
  "code": 1,
  "msg": null,
  "data": {
    "id": 2,
    "userName": "fyx",
    "name": "冯源祥",
    "token": "eyJhbGciOiJIUzI1NiJ9.eyJlbXBJZCI6MiwiZXhwIjoxNzA3MjEyNjIyfQ.or25--QBo6WPF8H15XwhQybqdJ-JLLfJbEgRt4IAhNc"
  }
}
[2024-02-06 15:44:14,010][rest_client.py 39][INFO]: 接口请求的地址>>>http://localhost:8080/admin/employee/login
[2024-02-06 15:44:14,010][rest_client.py 40][INFO]: 接口请求的方法>>>POST
[2024-02-06 15:44:14,010][rest_client.py 44][INFO]: 接口请求的json参数>>>
{
  "username": "fyx",
  "password": 123456
}
[2024-02-06 15:44:14,010][rest_client.py 48][INFO]: 接口请求的headers参数>>>
{
  "Content-Type": "application/json"
}
[2024-02-06 15:44:14,022][rest_client.py 19][INFO]: 接口返回内容>>>
{
  "code": 1,
  "msg": null,
  "data": {
    "id": 2,
    "userName": "fyx",
    "name": "冯源祥",
    "token": "eyJhbGciOiJIUzI1NiJ9.eyJlbXBJZCI6MiwiZXhwIjoxNzA3MjEyNjU0fQ.MG4K4MrJsOJnJ-LLLFgM9I7WtaBbUmdS7Wxhdrtz-5w"
  }
}
[2024-02-06 15:44:58,755][rest_client.py 39][INFO]: 接口请求的地址>>>http://localhost:8080/admin/employee/login
[2024-02-06 15:44:58,755][rest_client.py 40][INFO]: 接口请求的方法>>>POST
[2024-02-06 15:44:58,755][rest_client.py 44][INFO]: 接口请求的json参数>>>
{
  "username": "fyx",
  "password": 123456
}
[2024-02-06 15:44:58,755][rest_client.py 48][INFO]: 接口请求的headers参数>>>
{
  "Content-Type": "application/json"
}
[2024-02-06 15:44:58,767][rest_client.py 19][INFO]: 接口返回内容>>>
{
  "code": 1,
  "msg": null,
  "data": {
    "id": 2,
    "userName": "fyx",
    "name": "冯源祥",
    "token": "eyJhbGciOiJIUzI1NiJ9.eyJlbXBJZCI6MiwiZXhwIjoxNzA3MjEyNjk4fQ.ARLVB8w6dNbYEtYBxYx9GavQWIhuK1FLr4LeBnude1Q"
  }
}
[2024-02-06 15:47:34,741][rest_client.py 39][INFO]: 接口请求的地址>>>http://localhost:8080/admin/employee/login
[2024-02-06 15:47:34,741][rest_client.py 40][INFO]: 接口请求的方法>>>POST
[2024-02-06 15:47:34,741][rest_client.py 44][INFO]: 接口请求的json参数>>>
{
  "username": "fyx",
  "password": 123456
}
[2024-02-06 15:47:34,741][rest_client.py 48][INFO]: 接口请求的headers参数>>>
{
  "Content-Type": "application/json"
}
[2024-02-06 15:47:34,759][rest_client.py 19][INFO]: 接口返回内容>>>
{
  "code": 1,
  "msg": null,
  "data": {
    "id": 2,
    "userName": "fyx",
    "name": "冯源祥",
    "token": "eyJhbGciOiJIUzI1NiJ9.eyJlbXBJZCI6MiwiZXhwIjoxNzA3MjEyODU0fQ.E8vwlUIS-M5vQGsHxy-oLkp3i0RypA1eMlQOeWQ12N4"
  }
}
[2024-02-06 15:48:21,519][rest_client.py 39][INFO]: 接口请求的地址>>>http://localhost:8080/admin/employee/login
[2024-02-06 15:48:21,519][rest_client.py 40][INFO]: 接口请求的方法>>>POST
[2024-02-06 15:48:21,519][rest_client.py 44][INFO]: 接口请求的json参数>>>
{
  "username": "fyx",
  "password": 123456
}
[2024-02-06 15:48:21,519][rest_client.py 48][INFO]: 接口请求的headers参数>>>
{
  "Content-Type": "application/json"
}
[2024-02-06 15:48:21,532][rest_client.py 19][INFO]: 接口返回内容>>>
{
  "code": 1,
  "msg": null,
  "data": {
    "id": 2,
    "userName": "fyx",
    "name": "冯源祥",
    "token": "eyJhbGciOiJIUzI1NiJ9.eyJlbXBJZCI6MiwiZXhwIjoxNzA3MjEyOTAxfQ.dcycZaqA9LQvE3IVsnA4AfK8V_OiOWacSWuvrJ0JJYM"
  }
}
[2024-02-06 15:48:44,968][rest_client.py 39][INFO]: 接口请求的地址>>>http://localhost:8080/admin/employee/login
[2024-02-06 15:48:44,968][rest_client.py 40][INFO]: 接口请求的方法>>>POST
[2024-02-06 15:48:44,968][rest_client.py 44][INFO]: 接口请求的json参数>>>
{
  "username": "fyx",
  "password": 123456
}
[2024-02-06 15:48:44,968][rest_client.py 48][INFO]: 接口请求的headers参数>>>
{
  "Content-Type": "application/json"
}
[2024-02-06 15:48:44,980][rest_client.py 19][INFO]: 接口返回内容>>>
{
  "code": 1,
  "msg": null,
  "data": {
    "id": 2,
    "userName": "fyx",
    "name": "冯源祥",
    "token": "eyJhbGciOiJIUzI1NiJ9.eyJlbXBJZCI6MiwiZXhwIjoxNzA3MjEyOTI0fQ.l5SwP-8RiWHu0PKq1Y7B6uY-UV1PuyuQy4w2h-QRqKM"
  }
}
[2024-02-06 15:49:01,065][rest_client.py 39][INFO]: 接口请求的地址>>>http://localhost:8080/admin/employee/login
[2024-02-06 15:49:01,065][rest_client.py 40][INFO]: 接口请求的方法>>>POST
[2024-02-06 15:49:01,065][rest_client.py 44][INFO]: 接口请求的json参数>>>
{
  "username": "fyx",
  "password": 123456
}
[2024-02-06 15:49:01,065][rest_client.py 48][INFO]: 接口请求的headers参数>>>
{
  "Content-Type": "application/json"
}
[2024-02-06 15:49:01,078][rest_client.py 19][INFO]: 接口返回内容>>>
{
  "code": 1,
  "msg": null,
  "data": {
    "id": 2,
    "userName": "fyx",
    "name": "冯源祥",
    "token": "eyJhbGciOiJIUzI1NiJ9.eyJlbXBJZCI6MiwiZXhwIjoxNzA3MjEyOTQxfQ.PiLoabogZeVuCrz4eu-2nRx_Y_5gZnQ165E3_td6hxQ"
  }
}
[2024-02-06 15:49:27,141][rest_client.py 39][INFO]: 接口请求的地址>>>http://localhost:8080/admin/employee/login
[2024-02-06 15:49:27,142][rest_client.py 40][INFO]: 接口请求的方法>>>POST
[2024-02-06 15:49:27,143][rest_client.py 44][INFO]: 接口请求的json参数>>>
{
  "username": "fyx",
  "password": 123456
}
[2024-02-06 15:49:27,143][rest_client.py 48][INFO]: 接口请求的headers参数>>>
{
  "Content-Type": "application/json"
}
[2024-02-06 15:49:27,157][rest_client.py 19][INFO]: 接口返回内容>>>
{
  "code": 1,
  "msg": null,
  "data": {
    "id": 2,
    "userName": "fyx",
    "name": "冯源祥",
    "token": "eyJhbGciOiJIUzI1NiJ9.eyJlbXBJZCI6MiwiZXhwIjoxNzA3MjEyOTY3fQ.NpRFibqxiF-r9Z6tlmPhr7yFAMwwZF1RcRUqvVdTULQ"
  }
}
[2024-02-06 15:49:51,854][rest_client.py 39][INFO]: 接口请求的地址>>>http://localhost:8080/admin/employee/login
[2024-02-06 15:49:51,855][rest_client.py 40][INFO]: 接口请求的方法>>>POST
[2024-02-06 15:49:51,855][rest_client.py 44][INFO]: 接口请求的json参数>>>
{
  "username": "fyx",
  "password": 123456
}
[2024-02-06 15:49:51,856][rest_client.py 48][INFO]: 接口请求的headers参数>>>
{
  "Content-Type": "application/json"
}
[2024-02-06 15:49:51,873][rest_client.py 19][INFO]: 接口返回内容>>>
{
  "code": 1,
  "msg": null,
  "data": {
    "id": 2,
    "userName": "fyx",
    "name": "冯源祥",
    "token": "eyJhbGciOiJIUzI1NiJ9.eyJlbXBJZCI6MiwiZXhwIjoxNzA3MjEyOTkxfQ.jBTiQzehW-9GLRhxh_9LZXnVombeg_tYFnd7sE_SA0g"
  }
}
[2024-02-06 15:50:38,259][rest_client.py 39][INFO]: 接口请求的地址>>>http://localhost:8080/admin/employee/login
[2024-02-06 15:50:38,259][rest_client.py 40][INFO]: 接口请求的方法>>>POST
[2024-02-06 15:50:38,259][rest_client.py 44][INFO]: 接口请求的json参数>>>
{
  "username": "fyx",
  "password": 123456
}
[2024-02-06 15:50:38,259][rest_client.py 48][INFO]: 接口请求的headers参数>>>
{
  "Content-Type": "application/json"
}
[2024-02-06 15:50:38,271][rest_client.py 19][INFO]: 接口返回内容>>>
{
  "code": 1,
  "msg": null,
  "data": {
    "id": 2,
    "userName": "fyx",
    "name": "冯源祥",
    "token": "eyJhbGciOiJIUzI1NiJ9.eyJlbXBJZCI6MiwiZXhwIjoxNzA3MjEzMDM4fQ.IGqwJ3RSK8BqYD69htoknSjJ_DiO-ximvaM_JvH_jh8"
  }
}
[2024-02-06 15:50:42,831][rest_client.py 39][INFO]: 接口请求的地址>>>http://localhost:8080/admin/employee/login
[2024-02-06 15:50:42,831][rest_client.py 40][INFO]: 接口请求的方法>>>POST
[2024-02-06 15:50:42,831][rest_client.py 44][INFO]: 接口请求的json参数>>>
{
  "username": "fyx",
  "password": 123456
}
[2024-02-06 15:50:42,832][rest_client.py 48][INFO]: 接口请求的headers参数>>>
{
  "Content-Type": "application/json"
}
[2024-02-06 15:50:42,843][rest_client.py 19][INFO]: 接口返回内容>>>
{
  "code": 1,
  "msg": null,
  "data": {
    "id": 2,
    "userName": "fyx",
    "name": "冯源祥",
    "token": "eyJhbGciOiJIUzI1NiJ9.eyJlbXBJZCI6MiwiZXhwIjoxNzA3MjEzMDQyfQ.k0M2M5drd7EQJYbfmYzD3i9UjdTvSc-v3HWZsAfX15Q"
  }
}
[2024-02-06 15:50:48,549][rest_client.py 39][INFO]: 接口请求的地址>>>http://localhost:8080/admin/employee/login
[2024-02-06 15:50:48,550][rest_client.py 40][INFO]: 接口请求的方法>>>POST
[2024-02-06 15:50:48,550][rest_client.py 44][INFO]: 接口请求的json参数>>>
{
  "username": "fyx",
  "password": 123456
}
[2024-02-06 15:50:48,550][rest_client.py 48][INFO]: 接口请求的headers参数>>>
{
  "Content-Type": "application/json"
}
[2024-02-06 15:50:48,563][rest_client.py 19][INFO]: 接口返回内容>>>
{
  "code": 1,
  "msg": null,
  "data": {
    "id": 2,
    "userName": "fyx",
    "name": "冯源祥",
    "token": "eyJhbGciOiJIUzI1NiJ9.eyJlbXBJZCI6MiwiZXhwIjoxNzA3MjEzMDQ4fQ.C8nVuD1slQ5ni3nOwfXlWEqQr_muEMBSp2YpJALMkgw"
  }
}
[2024-02-06 15:50:55,900][rest_client.py 39][INFO]: 接口请求的地址>>>http://localhost:8080/admin/employee/login
[2024-02-06 15:50:55,900][rest_client.py 40][INFO]: 接口请求的方法>>>POST
[2024-02-06 15:50:55,900][rest_client.py 44][INFO]: 接口请求的json参数>>>
{
  "username": "fyx",
  "password": 123456
}
[2024-02-06 15:50:55,901][rest_client.py 48][INFO]: 接口请求的headers参数>>>
{
  "Content-Type": "application/json"
}
[2024-02-06 15:50:55,915][rest_client.py 19][INFO]: 接口返回内容>>>
{
  "code": 1,
  "msg": null,
  "data": {
    "id": 2,
    "userName": "fyx",
    "name": "冯源祥",
    "token": "eyJhbGciOiJIUzI1NiJ9.eyJlbXBJZCI6MiwiZXhwIjoxNzA3MjEzMDU1fQ.ihZa3JF33VhFb9s4NhL_EJoIE1YqbZmVOeVAbG_KH9U"
  }
}
[2024-02-06 15:51:34,025][rest_client.py 39][INFO]: 接口请求的地址>>>http://localhost:8080/admin/employee/login
[2024-02-06 15:51:34,025][rest_client.py 40][INFO]: 接口请求的方法>>>POST
[2024-02-06 15:51:34,025][rest_client.py 44][INFO]: 接口请求的json参数>>>
{
  "username": "fyx",
  "password": 123456
}
[2024-02-06 15:51:34,025][rest_client.py 48][INFO]: 接口请求的headers参数>>>
{
  "Content-Type": "application/json"
}
[2024-02-06 15:51:34,038][rest_client.py 19][INFO]: 接口返回内容>>>
{
  "code": 1,
  "msg": null,
  "data": {
    "id": 2,
    "userName": "fyx",
    "name": "冯源祥",
    "token": "eyJhbGciOiJIUzI1NiJ9.eyJlbXBJZCI6MiwiZXhwIjoxNzA3MjEzMDk0fQ.hAqfYH3Gqk2VVL6XVMxrBGPU8QOcOpDOlKpupj7rZjw"
  }
}
[2024-02-06 15:51:39,512][rest_client.py 39][INFO]: 接口请求的地址>>>http://localhost:8080/admin/employee/login
[2024-02-06 15:51:39,512][rest_client.py 40][INFO]: 接口请求的方法>>>POST
[2024-02-06 15:51:39,512][rest_client.py 44][INFO]: 接口请求的json参数>>>
{
  "username": "fyx",
  "password": 123456
}
[2024-02-06 15:51:39,513][rest_client.py 48][INFO]: 接口请求的headers参数>>>
{
  "Content-Type": "application/json"
}
[2024-02-06 15:51:39,524][rest_client.py 19][INFO]: 接口返回内容>>>
{
  "code": 1,
  "msg": null,
  "data": {
    "id": 2,
    "userName": "fyx",
    "name": "冯源祥",
    "token": "eyJhbGciOiJIUzI1NiJ9.eyJlbXBJZCI6MiwiZXhwIjoxNzA3MjEzMDk5fQ.NrPP1kuA-v1TtzmhVuX7qw5_mo-ioLA51Jcq964GYxE"
  }
}
[2024-02-06 15:51:43,651][rest_client.py 39][INFO]: 接口请求的地址>>>http://localhost:8080/admin/employee/login
[2024-02-06 15:51:43,651][rest_client.py 40][INFO]: 接口请求的方法>>>POST
[2024-02-06 15:51:43,651][rest_client.py 44][INFO]: 接口请求的json参数>>>
{
  "username": "fyx",
  "password": 123456
}
[2024-02-06 15:51:43,651][rest_client.py 48][INFO]: 接口请求的headers参数>>>
{
  "Content-Type": "application/json"
}
[2024-02-06 15:51:43,662][rest_client.py 19][INFO]: 接口返回内容>>>
{
  "code": 1,
  "msg": null,
  "data": {
    "id": 2,
    "userName": "fyx",
    "name": "冯源祥",
    "token": "eyJhbGciOiJIUzI1NiJ9.eyJlbXBJZCI6MiwiZXhwIjoxNzA3MjEzMTAzfQ.nmk3pNXmp76DvU19Gqrhh6urqC98MO5Yc_QjigNVsYQ"
  }
}
[2024-02-06 15:52:31,907][rest_client.py 39][INFO]: 接口请求的地址>>>http://localhost:8080/admin/employee/login
[2024-02-06 15:52:31,907][rest_client.py 40][INFO]: 接口请求的方法>>>POST
[2024-02-06 15:52:31,908][rest_client.py 44][INFO]: 接口请求的json参数>>>
{
  "username": "fyx",
  "password": 123456
}
[2024-02-06 15:52:31,908][rest_client.py 48][INFO]: 接口请求的headers参数>>>
{
  "Content-Type": "application/json"
}
[2024-02-06 15:52:31,922][rest_client.py 19][INFO]: 接口返回内容>>>
{
  "code": 1,
  "msg": null,
  "data": {
    "id": 2,
    "userName": "fyx",
    "name": "冯源祥",
    "token": "eyJhbGciOiJIUzI1NiJ9.eyJlbXBJZCI6MiwiZXhwIjoxNzA3MjEzMTUxfQ.8HPXGQL0rLW9Ta6sZiawuanMiXv2XxS_S0M-ygC2CjI"
  }
}
[2024-02-06 15:52:37,531][rest_client.py 39][INFO]: 接口请求的地址>>>http://localhost:8080/admin/employee/login
[2024-02-06 15:52:37,531][rest_client.py 40][INFO]: 接口请求的方法>>>POST
[2024-02-06 15:52:37,532][rest_client.py 44][INFO]: 接口请求的json参数>>>
{
  "username": "fyx",
  "password": 123456
}
[2024-02-06 15:52:37,532][rest_client.py 48][INFO]: 接口请求的headers参数>>>
{
  "Content-Type": "application/json"
}
[2024-02-06 15:52:37,544][rest_client.py 19][INFO]: 接口返回内容>>>
{
  "code": 1,
  "msg": null,
  "data": {
    "id": 2,
    "userName": "fyx",
    "name": "冯源祥",
    "token": "eyJhbGciOiJIUzI1NiJ9.eyJlbXBJZCI6MiwiZXhwIjoxNzA3MjEzMTU3fQ.8ge7XR5RghUpPXceKmU8RuRpQzE28ei7t9BiUarIEn0"
  }
}
[2024-02-06 16:05:23,293][rest_client.py 39][INFO]: 接口请求的地址>>>http://localhost:8080/admin/employee/login
[2024-02-06 16:05:23,293][rest_client.py 40][INFO]: 接口请求的方法>>>POST
[2024-02-06 16:05:23,293][rest_client.py 44][INFO]: 接口请求的json参数>>>
{
  "username": "fyx",
  "password": 123456
}
[2024-02-06 16:05:23,293][rest_client.py 48][INFO]: 接口请求的headers参数>>>
{
  "Content-Type": "application/json"
}
[2024-02-06 16:05:23,315][rest_client.py 19][INFO]: 接口返回内容>>>
{
  "code": 1,
  "msg": null,
  "data": {
    "id": 2,
    "userName": "fyx",
    "name": "冯源祥",
    "token": "eyJhbGciOiJIUzI1NiJ9.eyJlbXBJZCI6MiwiZXhwIjoxNzA3MjEzOTIzfQ.Wi3QNs8gL_dJrO05f4ySjm1E4_XBJlzTe0WByrrsUa0"
  }
}
[2024-02-06 16:12:51,462][rest_client.py 39][INFO]: 接口请求的地址>>>http://localhost:8080/admin/employee/login
[2024-02-06 16:12:51,462][rest_client.py 40][INFO]: 接口请求的方法>>>POST
[2024-02-06 16:12:51,462][rest_client.py 44][INFO]: 接口请求的json参数>>>
{
  "username": "fyx",
  "password": 123456
}
[2024-02-06 16:12:51,462][rest_client.py 48][INFO]: 接口请求的headers参数>>>
{
  "Content-Type": "application/json"
}
[2024-02-06 16:12:51,481][rest_client.py 19][INFO]: 接口返回内容>>>
{
  "code": 1,
  "msg": null,
  "data": {
    "id": 2,
    "userName": "fyx",
    "name": "冯源祥",
    "token": "eyJhbGciOiJIUzI1NiJ9.eyJlbXBJZCI6MiwiZXhwIjoxNzA3MjE0MzcxfQ.kpMvk7RwX4H_j13w3nbEWEW5O_XfsmKhUMoVeine6Uc"
  }
}
[2024-02-06 16:13:50,494][rest_client.py 39][INFO]: 接口请求的地址>>>http://localhost:8080/admin/employee/login
[2024-02-06 16:13:50,495][rest_client.py 40][INFO]: 接口请求的方法>>>POST
[2024-02-06 16:13:50,495][rest_client.py 44][INFO]: 接口请求的json参数>>>
{
  "username": "fyx",
  "password": 123456
}
[2024-02-06 16:13:50,495][rest_client.py 48][INFO]: 接口请求的headers参数>>>
{
  "Content-Type": "application/json"
}
[2024-02-06 16:13:50,507][rest_client.py 19][INFO]: 接口返回内容>>>
{
  "code": 1,
  "msg": null,
  "data": {
    "id": 2,
    "userName": "fyx",
    "name": "冯源祥",
    "token": "eyJhbGciOiJIUzI1NiJ9.eyJlbXBJZCI6MiwiZXhwIjoxNzA3MjE0NDMwfQ.Z1fJRxE4P0D_iHroyRkEVYjouHXtIgiY7tdXAWFQIaU"
  }
}
[2024-02-06 16:35:15,172][rest_client.py 39][INFO]: 接口请求的地址>>>http://localhost:8080/admin/employee/login
[2024-02-06 16:35:15,172][rest_client.py 40][INFO]: 接口请求的方法>>>POST
[2024-02-06 16:35:15,172][rest_client.py 44][INFO]: 接口请求的json参数>>>
{
  "username": "fyx",
  "password": 123456
}
[2024-02-06 16:35:15,172][rest_client.py 48][INFO]: 接口请求的headers参数>>>
{
  "Content-Type": "application/json"
}
[2024-02-06 16:35:15,192][rest_client.py 19][INFO]: 接口返回内容>>>
{
  "code": 1,
  "msg": null,
  "data": {
    "id": 2,
    "userName": "fyx",
    "name": "冯源祥",
    "token": "eyJhbGciOiJIUzI1NiJ9.eyJlbXBJZCI6MiwiZXhwIjoxNzA3MjE1NzE1fQ.zvFUDLeTLS6TBkwRA5KlgYx_7jGpH80kdpKyr1AEc6E"
  }
}
[2024-02-06 16:43:00,809][rest_client.py 39][INFO]: 接口请求的地址>>>http://localhost:8080/admin/employee/login
[2024-02-06 16:43:00,810][rest_client.py 40][INFO]: 接口请求的方法>>>POST
[2024-02-06 16:43:00,810][rest_client.py 44][INFO]: 接口请求的json参数>>>
{
  "username": "fyx",
  "password": 123456
}
[2024-02-06 16:43:00,810][rest_client.py 48][INFO]: 接口请求的headers参数>>>
{
  "Content-Type": "application/json"
}
[2024-02-06 16:43:00,829][rest_client.py 19][INFO]: 接口返回内容>>>
{
  "code": 1,
  "msg": null,
  "data": {
    "id": 2,
    "userName": "fyx",
    "name": "冯源祥",
    "token": "eyJhbGciOiJIUzI1NiJ9.eyJlbXBJZCI6MiwiZXhwIjoxNzA3MjE2MTgwfQ.cqFRrTmSWc3o6vHO68e-aMEI1GI3wjBHxiSigKWn55k"
  }
}
[2024-02-06 16:43:00,836][rest_client.py 39][INFO]: 接口请求的地址>>>http://localhost:8080/admin/employee/login
[2024-02-06 16:43:00,836][rest_client.py 40][INFO]: 接口请求的方法>>>POST
[2024-02-06 16:43:00,837][rest_client.py 44][INFO]: 接口请求的json参数>>>
{
  "username": "cxk",
  "password": 123456
}
[2024-02-06 16:43:00,837][rest_client.py 48][INFO]: 接口请求的headers参数>>>
{
  "Content-Type": "application/json"
}
[2024-02-06 16:43:00,873][rest_client.py 19][INFO]: 接口返回内容>>>
{
  "code": 0,
  "msg": "账号不存在",
  "data": null
}
[2024-02-06 16:48:42,442][rest_client.py 39][INFO]: 接口请求的地址>>>http://localhost:8080/admin/employee/login
[2024-02-06 16:48:42,443][rest_client.py 40][INFO]: 接口请求的方法>>>POST
[2024-02-06 16:48:42,443][rest_client.py 44][INFO]: 接口请求的json参数>>>
{
  "username": "fyx",
  "password": 123456
}
[2024-02-06 16:48:42,444][rest_client.py 48][INFO]: 接口请求的headers参数>>>
{
  "Content-Type": "application/json"
}
[2024-02-06 16:48:42,464][rest_client.py 19][INFO]: 接口返回内容>>>
{
  "code": 1,
  "msg": null,
  "data": {
    "id": 2,
    "userName": "fyx",
    "name": "冯源祥",
    "token": "eyJhbGciOiJIUzI1NiJ9.eyJlbXBJZCI6MiwiZXhwIjoxNzA3MjE2NTIyfQ.SFw_RJXN41oVqMdprR4Lva6_LZCYAceXgNW5CUelz4w"
  }
}
[2024-02-06 16:48:42,471][rest_client.py 39][INFO]: 接口请求的地址>>>http://localhost:8080/admin/employee/login
[2024-02-06 16:48:42,471][rest_client.py 40][INFO]: 接口请求的方法>>>POST
[2024-02-06 16:48:42,471][rest_client.py 44][INFO]: 接口请求的json参数>>>
{
  "username": "cxk",
  "password": 123456
}
[2024-02-06 16:48:42,472][rest_client.py 48][INFO]: 接口请求的headers参数>>>
{
  "Content-Type": "application/json"
}
[2024-02-06 16:48:42,478][rest_client.py 19][INFO]: 接口返回内容>>>
{
  "code": 0,
  "msg": "账号不存在",
  "data": null
}
[2024-02-06 16:48:42,672][rest_client.py 39][INFO]: 接口请求的地址>>>http://localhost:8080/admin/employee/login
[2024-02-06 16:48:42,672][rest_client.py 40][INFO]: 接口请求的方法>>>POST
[2024-02-06 16:48:42,673][rest_client.py 44][INFO]: 接口请求的json参数>>>
{
  "username": "admin",
  "password": 123456
}
[2024-02-06 16:48:42,673][rest_client.py 48][INFO]: 接口请求的headers参数>>>
{
  "Content-Type": "application/json"
}
[2024-02-06 16:48:42,680][rest_client.py 19][INFO]: 接口返回内容>>>
{
  "code": 1,
  "msg": null,
  "data": {
    "id": 1,
    "userName": "admin",
    "name": "管理员",
    "token": "eyJhbGciOiJIUzI1NiJ9.eyJlbXBJZCI6MSwiZXhwIjoxNzA3MjE2NTIyfQ.Smb14c63ncunq_9CffhB0gohsoe5pkxE-XF849pQFhE"
  }
}
[2024-02-06 17:20:27,115][rest_client.py 39][INFO]: 接口请求的地址>>>http://localhost:8080/admin/employee/login
[2024-02-06 17:20:27,115][rest_client.py 40][INFO]: 接口请求的方法>>>POST
[2024-02-06 17:20:27,115][rest_client.py 44][INFO]: 接口请求的json参数>>>
{
  "username": "fyx",
  "password": 123456
}
[2024-02-06 17:20:27,115][rest_client.py 48][INFO]: 接口请求的headers参数>>>
{
  "Content-Type": "application/json"
}
[2024-02-06 17:20:27,131][rest_client.py 19][INFO]: 接口返回内容>>>
{
  "code": 1,
  "msg": null,
  "data": {
    "id": 2,
    "userName": "fyx",
    "name": "冯源祥",
    "token": "eyJhbGciOiJIUzI1NiJ9.eyJlbXBJZCI6MiwiZXhwIjoxNzA3MjE4NDI3fQ.I68jCd8vp7oOSlbPR2KYf5Ip_HbID5MYbNfBsc0kWts"
  }
}
[2024-02-06 17:20:27,137][rest_client.py 39][INFO]: 接口请求的地址>>>http://localhost:8080/admin/employee/login
[2024-02-06 17:20:27,137][rest_client.py 40][INFO]: 接口请求的方法>>>POST
[2024-02-06 17:20:27,137][rest_client.py 44][INFO]: 接口请求的json参数>>>
{
  "username": "cxk",
  "password": 123456
}
[2024-02-06 17:20:27,137][rest_client.py 48][INFO]: 接口请求的headers参数>>>
{
  "Content-Type": "application/json"
}
[2024-02-06 17:20:27,143][rest_client.py 19][INFO]: 接口返回内容>>>
{
  "code": 0,
  "msg": "账号不存在",
  "data": null
}
[2024-02-06 17:20:27,382][rest_client.py 39][INFO]: 接口请求的地址>>>http://localhost:8080/admin/employee/login
[2024-02-06 17:20:27,382][rest_client.py 40][INFO]: 接口请求的方法>>>POST
[2024-02-06 17:20:27,382][rest_client.py 44][INFO]: 接口请求的json参数>>>
{
  "username": "admin",
  "password": 123456
}
[2024-02-06 17:20:27,382][rest_client.py 48][INFO]: 接口请求的headers参数>>>
{
  "Content-Type": "application/json"
}
[2024-02-06 17:20:27,388][rest_client.py 19][INFO]: 接口返回内容>>>
{
  "code": 1,
  "msg": null,
  "data": {
    "id": 1,
    "userName": "admin",
    "name": "管理员",
    "token": "eyJhbGciOiJIUzI1NiJ9.eyJlbXBJZCI6MSwiZXhwIjoxNzA3MjE4NDI3fQ.mvYqeAAcmixFLsAPYKrw2tfy3m0qIiGpKFJbDzN5ljs"
  }
}
[2024-02-06 17:24:30,273][rest_client.py 39][INFO]: 接口请求的地址>>>http://localhost:8080/admin/employee/login
[2024-02-06 17:24:30,273][rest_client.py 40][INFO]: 接口请求的方法>>>POST
[2024-02-06 17:24:30,273][rest_client.py 44][INFO]: 接口请求的json参数>>>
{
  "username": "fyx",
  "password": 123456
}
[2024-02-06 17:24:30,273][rest_client.py 48][INFO]: 接口请求的headers参数>>>
{
  "Content-Type": "application/json"
}
[2024-02-06 17:24:30,305][rest_client.py 19][INFO]: 接口返回内容>>>
{
  "code": 1,
  "msg": null,
  "data": {
    "id": 2,
    "userName": "fyx",
    "name": "冯源祥",
    "token": "eyJhbGciOiJIUzI1NiJ9.eyJlbXBJZCI6MiwiZXhwIjoxNzA3MjE4NjcwfQ.aywrRslFz-tAE4Jne9VFBS-UT-9MgBGF-5FdwouHvXg"
  }
}
[2024-02-06 17:24:30,318][rest_client.py 39][INFO]: 接口请求的地址>>>http://localhost:8080/admin/employee/login
[2024-02-06 17:24:30,318][rest_client.py 40][INFO]: 接口请求的方法>>>POST
[2024-02-06 17:24:30,318][rest_client.py 44][INFO]: 接口请求的json参数>>>
{
  "username": "cxk",
  "password": 123456
}
[2024-02-06 17:24:30,318][rest_client.py 48][INFO]: 接口请求的headers参数>>>
{
  "Content-Type": "application/json"
}
[2024-02-06 17:24:30,332][rest_client.py 19][INFO]: 接口返回内容>>>
{
  "code": 0,
  "msg": "账号不存在",
  "data": null
}
[2024-02-06 17:24:30,659][rest_client.py 39][INFO]: 接口请求的地址>>>http://localhost:8080/admin/employee/login
[2024-02-06 17:24:30,660][rest_client.py 40][INFO]: 接口请求的方法>>>POST
[2024-02-06 17:24:30,660][rest_client.py 44][INFO]: 接口请求的json参数>>>
{
  "username": "admin",
  "password": 123456
}
[2024-02-06 17:24:30,660][rest_client.py 48][INFO]: 接口请求的headers参数>>>
{
  "Content-Type": "application/json"
}
[2024-02-06 17:24:30,667][rest_client.py 19][INFO]: 接口返回内容>>>
{
  "code": 1,
  "msg": null,
  "data": {
    "id": 1,
    "userName": "admin",
    "name": "管理员",
    "token": "eyJhbGciOiJIUzI1NiJ9.eyJlbXBJZCI6MSwiZXhwIjoxNzA3MjE4NjcwfQ.61nP-AW6hQHJ4npVChDRHZEYinYy8fKFnCbtozkDLnM"
  }
}
